<?xml version="1.0" encoding="UTF-8"?>
<!-- Generated by org.testng.reporters.JUnitXMLReporter -->
<testsuite hostname="DESKTOP-0FSTDRC" ignored="0" name="Analytics" tests="213" failures="20" timestamp="2020-03-17T13:54:51 IST" time="2044.678" errors="0">
  <testcase name="@BeforeClass openBrowser" time="53.788" classname="com.freshproposals.selenium.Signature_DragDrop_Position_Proposal">
    <failure type="org.openqa.selenium.TimeoutException" message="timeout: Timed out receiving message from renderer: -0.004
  (Session info: chrome=80.0.3987.132)
Build info: version: &amp;apos;3.141.59&amp;apos;, revision: &amp;apos;e82be7d358&amp;apos;, time: &amp;apos;2018-11-14T08:25:53&amp;apos;
System info: host: &amp;apos;DESKTOP-0FSTDRC&amp;apos;, ip: &amp;apos;192.168.43.60&amp;apos;, os.name: &amp;apos;Windows 8.1&amp;apos;, os.arch: &amp;apos;amd64&amp;apos;, os.version: &amp;apos;6.3&amp;apos;, java.version: &amp;apos;1.8.0_25&amp;apos;
Driver info: org.openqa.selenium.chrome.ChromeDriver
Capabilities {acceptInsecureCerts: false, browserName: chrome, browserVersion: 80.0.3987.132, chrome: {chromedriverVersion: 80.0.3987.106 (f68069574609..., userDataDir: C:\Users\user\AppData\Local...}, goog:chromeOptions: {debuggerAddress: localhost:61661}, javascriptEnabled: true, networkConnectionEnabled: false, pageLoadStrategy: normal, platform: WINDOWS, platformName: WINDOWS, proxy: Proxy(), setWindowRect: true, strictFileInteractability: false, timeouts: {implicit: 0, pageLoad: 300000, script: 30000}, unhandledPromptBehavior: dismiss and notify}
Session ID: 86638b40e362a50a5c2af176d4618a77">
      <![CDATA[org.openqa.selenium.TimeoutException: timeout: Timed out receiving message from renderer: -0.004
  (Session info: chrome=80.0.3987.132)
Build info: version: '3.141.59', revision: 'e82be7d358', time: '2018-11-14T08:25:53'
System info: host: 'DESKTOP-0FSTDRC', ip: '192.168.43.60', os.name: 'Windows 8.1', os.arch: 'amd64', os.version: '6.3', java.version: '1.8.0_25'
Driver info: org.openqa.selenium.chrome.ChromeDriver
Capabilities {acceptInsecureCerts: false, browserName: chrome, browserVersion: 80.0.3987.132, chrome: {chromedriverVersion: 80.0.3987.106 (f68069574609..., userDataDir: C:\Users\user\AppData\Local...}, goog:chromeOptions: {debuggerAddress: localhost:61661}, javascriptEnabled: true, networkConnectionEnabled: false, pageLoadStrategy: normal, platform: WINDOWS, platformName: WINDOWS, proxy: Proxy(), setWindowRect: true, strictFileInteractability: false, timeouts: {implicit: 0, pageLoad: 300000, script: 30000}, unhandledPromptBehavior: dismiss and notify}
Session ID: 86638b40e362a50a5c2af176d4618a77
at org.openqa.selenium.remote.http.W3CHttpResponseCodec.createException(W3CHttpResponseCodec.java:187)
at org.openqa.selenium.remote.http.W3CHttpResponseCodec.decode(W3CHttpResponseCodec.java:122)
at org.openqa.selenium.remote.http.W3CHttpResponseCodec.decode(W3CHttpResponseCodec.java:49)
at org.openqa.selenium.remote.HttpCommandExecutor.execute(HttpCommandExecutor.java:158)
at org.openqa.selenium.remote.service.DriverCommandExecutor.execute(DriverCommandExecutor.java:83)
at org.openqa.selenium.remote.RemoteWebDriver.execute(RemoteWebDriver.java:552)
at org.openqa.selenium.remote.RemoteWebDriver.get(RemoteWebDriver.java:277)
at com.freshproposals.selenium.Signature_DragDrop_Position_Proposal.openBrowser(Signature_DragDrop_Position_Proposal.java:32)
at java.util.ArrayList.forEach(Unknown Source)
... Removed 30 stack frames]]>
    </failure>
  </testcase> <!-- @BeforeClass openBrowser -->
  <testcase name="@AfterClass closeBrowser" time="-1.58443180905E9" classname="com.freshproposals.selenium.Signature_DragDrop_Position_Proposal">
    <skipped/>
  </testcase> <!-- @AfterClass closeBrowser -->
  <testcase name="@BeforeClass openBrowser" time="53.767" classname="com.freshproposals.selenium.Signature_Duplicate_Proposal">
    <failure type="org.openqa.selenium.TimeoutException" message="timeout: Timed out receiving message from renderer: -0.007
  (Session info: chrome=80.0.3987.132)
Build info: version: &amp;apos;3.141.59&amp;apos;, revision: &amp;apos;e82be7d358&amp;apos;, time: &amp;apos;2018-11-14T08:25:53&amp;apos;
System info: host: &amp;apos;DESKTOP-0FSTDRC&amp;apos;, ip: &amp;apos;192.168.43.60&amp;apos;, os.name: &amp;apos;Windows 8.1&amp;apos;, os.arch: &amp;apos;amd64&amp;apos;, os.version: &amp;apos;6.3&amp;apos;, java.version: &amp;apos;1.8.0_25&amp;apos;
Driver info: org.openqa.selenium.chrome.ChromeDriver
Capabilities {acceptInsecureCerts: false, browserName: chrome, browserVersion: 80.0.3987.132, chrome: {chromedriverVersion: 80.0.3987.106 (f68069574609..., userDataDir: C:\Users\user\AppData\Local...}, goog:chromeOptions: {debuggerAddress: localhost:61858}, javascriptEnabled: true, networkConnectionEnabled: false, pageLoadStrategy: normal, platform: WINDOWS, platformName: WINDOWS, proxy: Proxy(), setWindowRect: true, strictFileInteractability: false, timeouts: {implicit: 0, pageLoad: 300000, script: 30000}, unhandledPromptBehavior: dismiss and notify}
Session ID: b143c2508a5e35a37d3e7d8e81490624">
      <![CDATA[org.openqa.selenium.TimeoutException: timeout: Timed out receiving message from renderer: -0.007
  (Session info: chrome=80.0.3987.132)
Build info: version: '3.141.59', revision: 'e82be7d358', time: '2018-11-14T08:25:53'
System info: host: 'DESKTOP-0FSTDRC', ip: '192.168.43.60', os.name: 'Windows 8.1', os.arch: 'amd64', os.version: '6.3', java.version: '1.8.0_25'
Driver info: org.openqa.selenium.chrome.ChromeDriver
Capabilities {acceptInsecureCerts: false, browserName: chrome, browserVersion: 80.0.3987.132, chrome: {chromedriverVersion: 80.0.3987.106 (f68069574609..., userDataDir: C:\Users\user\AppData\Local...}, goog:chromeOptions: {debuggerAddress: localhost:61858}, javascriptEnabled: true, networkConnectionEnabled: false, pageLoadStrategy: normal, platform: WINDOWS, platformName: WINDOWS, proxy: Proxy(), setWindowRect: true, strictFileInteractability: false, timeouts: {implicit: 0, pageLoad: 300000, script: 30000}, unhandledPromptBehavior: dismiss and notify}
Session ID: b143c2508a5e35a37d3e7d8e81490624
at org.openqa.selenium.remote.http.W3CHttpResponseCodec.createException(W3CHttpResponseCodec.java:187)
at org.openqa.selenium.remote.http.W3CHttpResponseCodec.decode(W3CHttpResponseCodec.java:122)
at org.openqa.selenium.remote.http.W3CHttpResponseCodec.decode(W3CHttpResponseCodec.java:49)
at org.openqa.selenium.remote.HttpCommandExecutor.execute(HttpCommandExecutor.java:158)
at org.openqa.selenium.remote.service.DriverCommandExecutor.execute(DriverCommandExecutor.java:83)
at org.openqa.selenium.remote.RemoteWebDriver.execute(RemoteWebDriver.java:552)
at org.openqa.selenium.remote.RemoteWebDriver.get(RemoteWebDriver.java:277)
at com.freshproposals.selenium.Signature_Duplicate_Proposal.openBrowser(Signature_Duplicate_Proposal.java:32)
at java.util.ArrayList.forEach(Unknown Source)
... Removed 30 stack frames]]>
    </failure>
  </testcase> <!-- @BeforeClass openBrowser -->
  <testcase name="@AfterClass closeBrowser" time="-1.58443209142E9" classname="com.freshproposals.selenium.Signature_Duplicate_Proposal">
    <skipped/>
  </testcase> <!-- @AfterClass closeBrowser -->
  <testcase name="@BeforeClass openBrowser" time="53.694" classname="com.freshproposals.selenium.Signature_Duplicate_Section">
    <failure type="org.openqa.selenium.TimeoutException" message="timeout: Timed out receiving message from renderer: -0.002
  (Session info: chrome=80.0.3987.132)
Build info: version: &amp;apos;3.141.59&amp;apos;, revision: &amp;apos;e82be7d358&amp;apos;, time: &amp;apos;2018-11-14T08:25:53&amp;apos;
System info: host: &amp;apos;DESKTOP-0FSTDRC&amp;apos;, ip: &amp;apos;192.168.43.60&amp;apos;, os.name: &amp;apos;Windows 8.1&amp;apos;, os.arch: &amp;apos;amd64&amp;apos;, os.version: &amp;apos;6.3&amp;apos;, java.version: &amp;apos;1.8.0_25&amp;apos;
Driver info: org.openqa.selenium.chrome.ChromeDriver
Capabilities {acceptInsecureCerts: false, browserName: chrome, browserVersion: 80.0.3987.132, chrome: {chromedriverVersion: 80.0.3987.106 (f68069574609..., userDataDir: C:\Users\user\AppData\Local...}, goog:chromeOptions: {debuggerAddress: localhost:61906}, javascriptEnabled: true, networkConnectionEnabled: false, pageLoadStrategy: normal, platform: WINDOWS, platformName: WINDOWS, proxy: Proxy(), setWindowRect: true, strictFileInteractability: false, timeouts: {implicit: 0, pageLoad: 300000, script: 30000}, unhandledPromptBehavior: dismiss and notify}
Session ID: 599532f862d504849aa97f583390f244">
      <![CDATA[org.openqa.selenium.TimeoutException: timeout: Timed out receiving message from renderer: -0.002
  (Session info: chrome=80.0.3987.132)
Build info: version: '3.141.59', revision: 'e82be7d358', time: '2018-11-14T08:25:53'
System info: host: 'DESKTOP-0FSTDRC', ip: '192.168.43.60', os.name: 'Windows 8.1', os.arch: 'amd64', os.version: '6.3', java.version: '1.8.0_25'
Driver info: org.openqa.selenium.chrome.ChromeDriver
Capabilities {acceptInsecureCerts: false, browserName: chrome, browserVersion: 80.0.3987.132, chrome: {chromedriverVersion: 80.0.3987.106 (f68069574609..., userDataDir: C:\Users\user\AppData\Local...}, goog:chromeOptions: {debuggerAddress: localhost:61906}, javascriptEnabled: true, networkConnectionEnabled: false, pageLoadStrategy: normal, platform: WINDOWS, platformName: WINDOWS, proxy: Proxy(), setWindowRect: true, strictFileInteractability: false, timeouts: {implicit: 0, pageLoad: 300000, script: 30000}, unhandledPromptBehavior: dismiss and notify}
Session ID: 599532f862d504849aa97f583390f244
at org.openqa.selenium.remote.http.W3CHttpResponseCodec.createException(W3CHttpResponseCodec.java:187)
at org.openqa.selenium.remote.http.W3CHttpResponseCodec.decode(W3CHttpResponseCodec.java:122)
at org.openqa.selenium.remote.http.W3CHttpResponseCodec.decode(W3CHttpResponseCodec.java:49)
at org.openqa.selenium.remote.HttpCommandExecutor.execute(HttpCommandExecutor.java:158)
at org.openqa.selenium.remote.service.DriverCommandExecutor.execute(DriverCommandExecutor.java:83)
at org.openqa.selenium.remote.RemoteWebDriver.execute(RemoteWebDriver.java:552)
at org.openqa.selenium.remote.RemoteWebDriver.get(RemoteWebDriver.java:277)
at com.freshproposals.selenium.Signature_Duplicate_Section.openBrowser(Signature_Duplicate_Section.java:32)
at java.util.ArrayList.forEach(Unknown Source)
... Removed 30 stack frames]]>
    </failure>
  </testcase> <!-- @BeforeClass openBrowser -->
  <testcase name="@AfterClass closeBrowser" time="-1.584432145347E9" classname="com.freshproposals.selenium.Signature_Duplicate_Section">
    <skipped/>
  </testcase> <!-- @AfterClass closeBrowser -->
  <testcase name="@AfterClass closeBrowser" time="5.014" classname="com.freshproposals.selenium.Signature_Duplicate_Template">
    <failure type="org.openqa.selenium.WebDriverException" message="chrome not reachable
  (Session info: chrome=80.0.3987.132)
Build info: version: &amp;apos;3.141.59&amp;apos;, revision: &amp;apos;e82be7d358&amp;apos;, time: &amp;apos;2018-11-14T08:25:53&amp;apos;
System info: host: &amp;apos;DESKTOP-0FSTDRC&amp;apos;, ip: &amp;apos;192.168.43.60&amp;apos;, os.name: &amp;apos;Windows 8.1&amp;apos;, os.arch: &amp;apos;amd64&amp;apos;, os.version: &amp;apos;6.3&amp;apos;, java.version: &amp;apos;1.8.0_25&amp;apos;
Driver info: org.openqa.selenium.chrome.ChromeDriver
Capabilities {acceptInsecureCerts: false, browserName: chrome, browserVersion: 80.0.3987.132, chrome: {chromedriverVersion: 80.0.3987.106 (f68069574609..., userDataDir: C:\Users\user\AppData\Local...}, goog:chromeOptions: {debuggerAddress: localhost:61942}, javascriptEnabled: true, networkConnectionEnabled: false, pageLoadStrategy: normal, platform: WINDOWS, platformName: WINDOWS, proxy: Proxy(), setWindowRect: true, strictFileInteractability: false, timeouts: {implicit: 0, pageLoad: 300000, script: 30000}, unhandledPromptBehavior: dismiss and notify}
Session ID: 32d60ac50e36c04326b1a226c7427f75">
      <![CDATA[org.openqa.selenium.WebDriverException: chrome not reachable
  (Session info: chrome=80.0.3987.132)
Build info: version: '3.141.59', revision: 'e82be7d358', time: '2018-11-14T08:25:53'
System info: host: 'DESKTOP-0FSTDRC', ip: '192.168.43.60', os.name: 'Windows 8.1', os.arch: 'amd64', os.version: '6.3', java.version: '1.8.0_25'
Driver info: org.openqa.selenium.chrome.ChromeDriver
Capabilities {acceptInsecureCerts: false, browserName: chrome, browserVersion: 80.0.3987.132, chrome: {chromedriverVersion: 80.0.3987.106 (f68069574609..., userDataDir: C:\Users\user\AppData\Local...}, goog:chromeOptions: {debuggerAddress: localhost:61942}, javascriptEnabled: true, networkConnectionEnabled: false, pageLoadStrategy: normal, platform: WINDOWS, platformName: WINDOWS, proxy: Proxy(), setWindowRect: true, strictFileInteractability: false, timeouts: {implicit: 0, pageLoad: 300000, script: 30000}, unhandledPromptBehavior: dismiss and notify}
Session ID: 32d60ac50e36c04326b1a226c7427f75
at org.openqa.selenium.remote.http.W3CHttpResponseCodec.createException(W3CHttpResponseCodec.java:187)
at org.openqa.selenium.remote.http.W3CHttpResponseCodec.decode(W3CHttpResponseCodec.java:122)
at org.openqa.selenium.remote.http.W3CHttpResponseCodec.decode(W3CHttpResponseCodec.java:49)
at org.openqa.selenium.remote.HttpCommandExecutor.execute(HttpCommandExecutor.java:158)
at org.openqa.selenium.remote.service.DriverCommandExecutor.execute(DriverCommandExecutor.java:83)
at org.openqa.selenium.remote.RemoteWebDriver.execute(RemoteWebDriver.java:552)
at org.openqa.selenium.remote.RemoteWebDriver.execute(RemoteWebDriver.java:609)
at org.openqa.selenium.remote.RemoteWebDriver.close(RemoteWebDriver.java:442)
at com.freshproposals.selenium.Signature_Duplicate_Template.closeBrowser(Signature_Duplicate_Template.java:168)
at java.util.ArrayList.forEach(Unknown Source)
... Removed 30 stack frames]]>
    </failure>
  </testcase> <!-- @AfterClass closeBrowser -->
  <testcase name="@BeforeClass openBrowser" time="53.818" classname="com.freshproposals.selenium.Rectangle_Duplicate_Proposal">
    <failure type="org.openqa.selenium.TimeoutException" message="timeout: Timed out receiving message from renderer: -0.004
  (Session info: chrome=80.0.3987.132)
Build info: version: &amp;apos;3.141.59&amp;apos;, revision: &amp;apos;e82be7d358&amp;apos;, time: &amp;apos;2018-11-14T08:25:53&amp;apos;
System info: host: &amp;apos;DESKTOP-0FSTDRC&amp;apos;, ip: &amp;apos;192.168.43.60&amp;apos;, os.name: &amp;apos;Windows 8.1&amp;apos;, os.arch: &amp;apos;amd64&amp;apos;, os.version: &amp;apos;6.3&amp;apos;, java.version: &amp;apos;1.8.0_25&amp;apos;
Driver info: org.openqa.selenium.chrome.ChromeDriver
Capabilities {acceptInsecureCerts: false, browserName: chrome, browserVersion: 80.0.3987.132, chrome: {chromedriverVersion: 80.0.3987.106 (f68069574609..., userDataDir: C:\Users\user\AppData\Local...}, goog:chromeOptions: {debuggerAddress: localhost:62108}, javascriptEnabled: true, networkConnectionEnabled: false, pageLoadStrategy: normal, platform: WINDOWS, platformName: WINDOWS, proxy: Proxy(), setWindowRect: true, strictFileInteractability: false, timeouts: {implicit: 0, pageLoad: 300000, script: 30000}, unhandledPromptBehavior: dismiss and notify}
Session ID: a041de67d0ec0469a52c6cf5ef009ab1">
      <![CDATA[org.openqa.selenium.TimeoutException: timeout: Timed out receiving message from renderer: -0.004
  (Session info: chrome=80.0.3987.132)
Build info: version: '3.141.59', revision: 'e82be7d358', time: '2018-11-14T08:25:53'
System info: host: 'DESKTOP-0FSTDRC', ip: '192.168.43.60', os.name: 'Windows 8.1', os.arch: 'amd64', os.version: '6.3', java.version: '1.8.0_25'
Driver info: org.openqa.selenium.chrome.ChromeDriver
Capabilities {acceptInsecureCerts: false, browserName: chrome, browserVersion: 80.0.3987.132, chrome: {chromedriverVersion: 80.0.3987.106 (f68069574609..., userDataDir: C:\Users\user\AppData\Local...}, goog:chromeOptions: {debuggerAddress: localhost:62108}, javascriptEnabled: true, networkConnectionEnabled: false, pageLoadStrategy: normal, platform: WINDOWS, platformName: WINDOWS, proxy: Proxy(), setWindowRect: true, strictFileInteractability: false, timeouts: {implicit: 0, pageLoad: 300000, script: 30000}, unhandledPromptBehavior: dismiss and notify}
Session ID: a041de67d0ec0469a52c6cf5ef009ab1
at org.openqa.selenium.remote.http.W3CHttpResponseCodec.createException(W3CHttpResponseCodec.java:187)
at org.openqa.selenium.remote.http.W3CHttpResponseCodec.decode(W3CHttpResponseCodec.java:122)
at org.openqa.selenium.remote.http.W3CHttpResponseCodec.decode(W3CHttpResponseCodec.java:49)
at org.openqa.selenium.remote.HttpCommandExecutor.execute(HttpCommandExecutor.java:158)
at org.openqa.selenium.remote.service.DriverCommandExecutor.execute(DriverCommandExecutor.java:83)
at org.openqa.selenium.remote.RemoteWebDriver.execute(RemoteWebDriver.java:552)
at org.openqa.selenium.remote.RemoteWebDriver.get(RemoteWebDriver.java:277)
at com.freshproposals.selenium.Rectangle_Duplicate_Proposal.openBrowser(Rectangle_Duplicate_Proposal.java:34)
at java.util.ArrayList.forEach(Unknown Source)
... Removed 30 stack frames]]>
    </failure>
  </testcase> <!-- @BeforeClass openBrowser -->
  <testcase name="@AfterClass closeBrowser" time="-1.584432719511E9" classname="com.freshproposals.selenium.Rectangle_Duplicate_Proposal">
    <skipped/>
  </testcase> <!-- @AfterClass closeBrowser -->
  <testcase name="@BeforeClass openBrowser" time="53.693" classname="com.freshproposals.selenium.Rectangle_Duplicate_Section">
    <failure type="org.openqa.selenium.TimeoutException" message="timeout: Timed out receiving message from renderer: -0.003
  (Session info: chrome=80.0.3987.132)
Build info: version: &amp;apos;3.141.59&amp;apos;, revision: &amp;apos;e82be7d358&amp;apos;, time: &amp;apos;2018-11-14T08:25:53&amp;apos;
System info: host: &amp;apos;DESKTOP-0FSTDRC&amp;apos;, ip: &amp;apos;192.168.43.60&amp;apos;, os.name: &amp;apos;Windows 8.1&amp;apos;, os.arch: &amp;apos;amd64&amp;apos;, os.version: &amp;apos;6.3&amp;apos;, java.version: &amp;apos;1.8.0_25&amp;apos;
Driver info: org.openqa.selenium.chrome.ChromeDriver
Capabilities {acceptInsecureCerts: false, browserName: chrome, browserVersion: 80.0.3987.132, chrome: {chromedriverVersion: 80.0.3987.106 (f68069574609..., userDataDir: C:\Users\user\AppData\Local...}, goog:chromeOptions: {debuggerAddress: localhost:62147}, javascriptEnabled: true, networkConnectionEnabled: false, pageLoadStrategy: normal, platform: WINDOWS, platformName: WINDOWS, proxy: Proxy(), setWindowRect: true, strictFileInteractability: false, timeouts: {implicit: 0, pageLoad: 300000, script: 30000}, unhandledPromptBehavior: dismiss and notify}
Session ID: 577203fca8f0db5cfa7ff2a2d4fa11af">
      <![CDATA[org.openqa.selenium.TimeoutException: timeout: Timed out receiving message from renderer: -0.003
  (Session info: chrome=80.0.3987.132)
Build info: version: '3.141.59', revision: 'e82be7d358', time: '2018-11-14T08:25:53'
System info: host: 'DESKTOP-0FSTDRC', ip: '192.168.43.60', os.name: 'Windows 8.1', os.arch: 'amd64', os.version: '6.3', java.version: '1.8.0_25'
Driver info: org.openqa.selenium.chrome.ChromeDriver
Capabilities {acceptInsecureCerts: false, browserName: chrome, browserVersion: 80.0.3987.132, chrome: {chromedriverVersion: 80.0.3987.106 (f68069574609..., userDataDir: C:\Users\user\AppData\Local...}, goog:chromeOptions: {debuggerAddress: localhost:62147}, javascriptEnabled: true, networkConnectionEnabled: false, pageLoadStrategy: normal, platform: WINDOWS, platformName: WINDOWS, proxy: Proxy(), setWindowRect: true, strictFileInteractability: false, timeouts: {implicit: 0, pageLoad: 300000, script: 30000}, unhandledPromptBehavior: dismiss and notify}
Session ID: 577203fca8f0db5cfa7ff2a2d4fa11af
at org.openqa.selenium.remote.http.W3CHttpResponseCodec.createException(W3CHttpResponseCodec.java:187)
at org.openqa.selenium.remote.http.W3CHttpResponseCodec.decode(W3CHttpResponseCodec.java:122)
at org.openqa.selenium.remote.http.W3CHttpResponseCodec.decode(W3CHttpResponseCodec.java:49)
at org.openqa.selenium.remote.HttpCommandExecutor.execute(HttpCommandExecutor.java:158)
at org.openqa.selenium.remote.service.DriverCommandExecutor.execute(DriverCommandExecutor.java:83)
at org.openqa.selenium.remote.RemoteWebDriver.execute(RemoteWebDriver.java:552)
at org.openqa.selenium.remote.RemoteWebDriver.get(RemoteWebDriver.java:277)
at com.freshproposals.selenium.Rectangle_Duplicate_Section.openBrowser(Rectangle_Duplicate_Section.java:32)
at java.util.ArrayList.forEach(Unknown Source)
... Removed 30 stack frames]]>
    </failure>
  </testcase> <!-- @BeforeClass openBrowser -->
  <testcase name="@AfterClass closeBrowser" time="-1.584432773308E9" classname="com.freshproposals.selenium.Rectangle_Duplicate_Section">
    <skipped/>
  </testcase> <!-- @AfterClass closeBrowser -->
  <testcase name="@BeforeClass openBrowser" time="53.8" classname="com.freshproposals.selenium.Rectangle_Duplicate_Template">
    <failure type="org.openqa.selenium.TimeoutException" message="timeout: Timed out receiving message from renderer: -0.002
  (Session info: chrome=80.0.3987.132)
Build info: version: &amp;apos;3.141.59&amp;apos;, revision: &amp;apos;e82be7d358&amp;apos;, time: &amp;apos;2018-11-14T08:25:53&amp;apos;
System info: host: &amp;apos;DESKTOP-0FSTDRC&amp;apos;, ip: &amp;apos;192.168.43.60&amp;apos;, os.name: &amp;apos;Windows 8.1&amp;apos;, os.arch: &amp;apos;amd64&amp;apos;, os.version: &amp;apos;6.3&amp;apos;, java.version: &amp;apos;1.8.0_25&amp;apos;
Driver info: org.openqa.selenium.chrome.ChromeDriver
Capabilities {acceptInsecureCerts: false, browserName: chrome, browserVersion: 80.0.3987.132, chrome: {chromedriverVersion: 80.0.3987.106 (f68069574609..., userDataDir: C:\Users\user\AppData\Local...}, goog:chromeOptions: {debuggerAddress: localhost:62188}, javascriptEnabled: true, networkConnectionEnabled: false, pageLoadStrategy: normal, platform: WINDOWS, platformName: WINDOWS, proxy: Proxy(), setWindowRect: true, strictFileInteractability: false, timeouts: {implicit: 0, pageLoad: 300000, script: 30000}, unhandledPromptBehavior: dismiss and notify}
Session ID: bb4d8bc986c17e3a4f9ec1e17dbe8dd0">
      <![CDATA[org.openqa.selenium.TimeoutException: timeout: Timed out receiving message from renderer: -0.002
  (Session info: chrome=80.0.3987.132)
Build info: version: '3.141.59', revision: 'e82be7d358', time: '2018-11-14T08:25:53'
System info: host: 'DESKTOP-0FSTDRC', ip: '192.168.43.60', os.name: 'Windows 8.1', os.arch: 'amd64', os.version: '6.3', java.version: '1.8.0_25'
Driver info: org.openqa.selenium.chrome.ChromeDriver
Capabilities {acceptInsecureCerts: false, browserName: chrome, browserVersion: 80.0.3987.132, chrome: {chromedriverVersion: 80.0.3987.106 (f68069574609..., userDataDir: C:\Users\user\AppData\Local...}, goog:chromeOptions: {debuggerAddress: localhost:62188}, javascriptEnabled: true, networkConnectionEnabled: false, pageLoadStrategy: normal, platform: WINDOWS, platformName: WINDOWS, proxy: Proxy(), setWindowRect: true, strictFileInteractability: false, timeouts: {implicit: 0, pageLoad: 300000, script: 30000}, unhandledPromptBehavior: dismiss and notify}
Session ID: bb4d8bc986c17e3a4f9ec1e17dbe8dd0
at org.openqa.selenium.remote.http.W3CHttpResponseCodec.createException(W3CHttpResponseCodec.java:187)
at org.openqa.selenium.remote.http.W3CHttpResponseCodec.decode(W3CHttpResponseCodec.java:122)
at org.openqa.selenium.remote.http.W3CHttpResponseCodec.decode(W3CHttpResponseCodec.java:49)
at org.openqa.selenium.remote.HttpCommandExecutor.execute(HttpCommandExecutor.java:158)
at org.openqa.selenium.remote.service.DriverCommandExecutor.execute(DriverCommandExecutor.java:83)
at org.openqa.selenium.remote.RemoteWebDriver.execute(RemoteWebDriver.java:552)
at org.openqa.selenium.remote.RemoteWebDriver.get(RemoteWebDriver.java:277)
at com.freshproposals.selenium.Rectangle_Duplicate_Template.openBrowser(Rectangle_Duplicate_Template.java:32)
at java.util.ArrayList.forEach(Unknown Source)
... Removed 30 stack frames]]>
    </failure>
  </testcase> <!-- @BeforeClass openBrowser -->
  <testcase name="@AfterClass closeBrowser" time="-1.584432827166E9" classname="com.freshproposals.selenium.Rectangle_Duplicate_Template">
    <skipped/>
  </testcase> <!-- @AfterClass closeBrowser -->
  <testcase name="@BeforeClass openBrowser" time="53.829" classname="com.freshproposals.selenium.TextBox_Duplicate_Section">
    <failure type="org.openqa.selenium.TimeoutException" message="timeout: Timed out receiving message from renderer: -0.002
  (Session info: chrome=80.0.3987.132)
Build info: version: &amp;apos;3.141.59&amp;apos;, revision: &amp;apos;e82be7d358&amp;apos;, time: &amp;apos;2018-11-14T08:25:53&amp;apos;
System info: host: &amp;apos;DESKTOP-0FSTDRC&amp;apos;, ip: &amp;apos;192.168.43.60&amp;apos;, os.name: &amp;apos;Windows 8.1&amp;apos;, os.arch: &amp;apos;amd64&amp;apos;, os.version: &amp;apos;6.3&amp;apos;, java.version: &amp;apos;1.8.0_25&amp;apos;
Driver info: org.openqa.selenium.chrome.ChromeDriver
Capabilities {acceptInsecureCerts: false, browserName: chrome, browserVersion: 80.0.3987.132, chrome: {chromedriverVersion: 80.0.3987.106 (f68069574609..., userDataDir: C:\Users\user\AppData\Local...}, goog:chromeOptions: {debuggerAddress: localhost:62351}, javascriptEnabled: true, networkConnectionEnabled: false, pageLoadStrategy: normal, platform: WINDOWS, platformName: WINDOWS, proxy: Proxy(), setWindowRect: true, strictFileInteractability: false, timeouts: {implicit: 0, pageLoad: 300000, script: 30000}, unhandledPromptBehavior: dismiss and notify}
Session ID: dd0ed6f1d15814c4859f8c9c7dba5338">
      <![CDATA[org.openqa.selenium.TimeoutException: timeout: Timed out receiving message from renderer: -0.002
  (Session info: chrome=80.0.3987.132)
Build info: version: '3.141.59', revision: 'e82be7d358', time: '2018-11-14T08:25:53'
System info: host: 'DESKTOP-0FSTDRC', ip: '192.168.43.60', os.name: 'Windows 8.1', os.arch: 'amd64', os.version: '6.3', java.version: '1.8.0_25'
Driver info: org.openqa.selenium.chrome.ChromeDriver
Capabilities {acceptInsecureCerts: false, browserName: chrome, browserVersion: 80.0.3987.132, chrome: {chromedriverVersion: 80.0.3987.106 (f68069574609..., userDataDir: C:\Users\user\AppData\Local...}, goog:chromeOptions: {debuggerAddress: localhost:62351}, javascriptEnabled: true, networkConnectionEnabled: false, pageLoadStrategy: normal, platform: WINDOWS, platformName: WINDOWS, proxy: Proxy(), setWindowRect: true, strictFileInteractability: false, timeouts: {implicit: 0, pageLoad: 300000, script: 30000}, unhandledPromptBehavior: dismiss and notify}
Session ID: dd0ed6f1d15814c4859f8c9c7dba5338
at org.openqa.selenium.remote.http.W3CHttpResponseCodec.createException(W3CHttpResponseCodec.java:187)
at org.openqa.selenium.remote.http.W3CHttpResponseCodec.decode(W3CHttpResponseCodec.java:122)
at org.openqa.selenium.remote.http.W3CHttpResponseCodec.decode(W3CHttpResponseCodec.java:49)
at org.openqa.selenium.remote.HttpCommandExecutor.execute(HttpCommandExecutor.java:158)
at org.openqa.selenium.remote.service.DriverCommandExecutor.execute(DriverCommandExecutor.java:83)
at org.openqa.selenium.remote.RemoteWebDriver.execute(RemoteWebDriver.java:552)
at org.openqa.selenium.remote.RemoteWebDriver.get(RemoteWebDriver.java:277)
at com.freshproposals.selenium.TextBox_Duplicate_Section.openBrowser(TextBox_Duplicate_Section.java:31)
at java.util.ArrayList.forEach(Unknown Source)
... Removed 30 stack frames]]>
    </failure>
  </testcase> <!-- @BeforeClass openBrowser -->
  <testcase name="@AfterClass closeBrowser" time="-1.584433112683E9" classname="com.freshproposals.selenium.TextBox_Duplicate_Section">
    <skipped/>
  </testcase> <!-- @AfterClass closeBrowser -->
  <testcase name="@BeforeClass openBrowser" time="53.667" classname="com.freshproposals.selenium.TextBox_Duplicate_Template">
    <failure type="org.openqa.selenium.TimeoutException" message="timeout: Timed out receiving message from renderer: -0.003
  (Session info: chrome=80.0.3987.132)
Build info: version: &amp;apos;3.141.59&amp;apos;, revision: &amp;apos;e82be7d358&amp;apos;, time: &amp;apos;2018-11-14T08:25:53&amp;apos;
System info: host: &amp;apos;DESKTOP-0FSTDRC&amp;apos;, ip: &amp;apos;192.168.43.60&amp;apos;, os.name: &amp;apos;Windows 8.1&amp;apos;, os.arch: &amp;apos;amd64&amp;apos;, os.version: &amp;apos;6.3&amp;apos;, java.version: &amp;apos;1.8.0_25&amp;apos;
Driver info: org.openqa.selenium.chrome.ChromeDriver
Capabilities {acceptInsecureCerts: false, browserName: chrome, browserVersion: 80.0.3987.132, chrome: {chromedriverVersion: 80.0.3987.106 (f68069574609..., userDataDir: C:\Users\user\AppData\Local...}, goog:chromeOptions: {debuggerAddress: localhost:62383}, javascriptEnabled: true, networkConnectionEnabled: false, pageLoadStrategy: normal, platform: WINDOWS, platformName: WINDOWS, proxy: Proxy(), setWindowRect: true, strictFileInteractability: false, timeouts: {implicit: 0, pageLoad: 300000, script: 30000}, unhandledPromptBehavior: dismiss and notify}
Session ID: 869cc4c0b016589998b0aa5c101856b5">
      <![CDATA[org.openqa.selenium.TimeoutException: timeout: Timed out receiving message from renderer: -0.003
  (Session info: chrome=80.0.3987.132)
Build info: version: '3.141.59', revision: 'e82be7d358', time: '2018-11-14T08:25:53'
System info: host: 'DESKTOP-0FSTDRC', ip: '192.168.43.60', os.name: 'Windows 8.1', os.arch: 'amd64', os.version: '6.3', java.version: '1.8.0_25'
Driver info: org.openqa.selenium.chrome.ChromeDriver
Capabilities {acceptInsecureCerts: false, browserName: chrome, browserVersion: 80.0.3987.132, chrome: {chromedriverVersion: 80.0.3987.106 (f68069574609..., userDataDir: C:\Users\user\AppData\Local...}, goog:chromeOptions: {debuggerAddress: localhost:62383}, javascriptEnabled: true, networkConnectionEnabled: false, pageLoadStrategy: normal, platform: WINDOWS, platformName: WINDOWS, proxy: Proxy(), setWindowRect: true, strictFileInteractability: false, timeouts: {implicit: 0, pageLoad: 300000, script: 30000}, unhandledPromptBehavior: dismiss and notify}
Session ID: 869cc4c0b016589998b0aa5c101856b5
at org.openqa.selenium.remote.http.W3CHttpResponseCodec.createException(W3CHttpResponseCodec.java:187)
at org.openqa.selenium.remote.http.W3CHttpResponseCodec.decode(W3CHttpResponseCodec.java:122)
at org.openqa.selenium.remote.http.W3CHttpResponseCodec.decode(W3CHttpResponseCodec.java:49)
at org.openqa.selenium.remote.HttpCommandExecutor.execute(HttpCommandExecutor.java:158)
at org.openqa.selenium.remote.service.DriverCommandExecutor.execute(DriverCommandExecutor.java:83)
at org.openqa.selenium.remote.RemoteWebDriver.execute(RemoteWebDriver.java:552)
at org.openqa.selenium.remote.RemoteWebDriver.get(RemoteWebDriver.java:277)
at com.freshproposals.selenium.TextBox_Duplicate_Template.openBrowser(TextBox_Duplicate_Template.java:31)
at java.util.ArrayList.forEach(Unknown Source)
... Removed 30 stack frames]]>
    </failure>
  </testcase> <!-- @BeforeClass openBrowser -->
  <testcase name="@AfterClass closeBrowser" time="-1.584433166431E9" classname="com.freshproposals.selenium.TextBox_Duplicate_Template">
    <skipped/>
  </testcase> <!-- @AfterClass closeBrowser -->
  <testcase name="@BeforeClass openBrowser" time="53.969" classname="com.freshproposals.selenium.Ellipse_Duplicate_Proposal">
    <failure type="org.openqa.selenium.TimeoutException" message="timeout: Timed out receiving message from renderer: -0.008
  (Session info: chrome=80.0.3987.132)
Build info: version: &amp;apos;3.141.59&amp;apos;, revision: &amp;apos;e82be7d358&amp;apos;, time: &amp;apos;2018-11-14T08:25:53&amp;apos;
System info: host: &amp;apos;DESKTOP-0FSTDRC&amp;apos;, ip: &amp;apos;192.168.43.60&amp;apos;, os.name: &amp;apos;Windows 8.1&amp;apos;, os.arch: &amp;apos;amd64&amp;apos;, os.version: &amp;apos;6.3&amp;apos;, java.version: &amp;apos;1.8.0_25&amp;apos;
Driver info: org.openqa.selenium.chrome.ChromeDriver
Capabilities {acceptInsecureCerts: false, browserName: chrome, browserVersion: 80.0.3987.132, chrome: {chromedriverVersion: 80.0.3987.106 (f68069574609..., userDataDir: C:\Users\user\AppData\Local...}, goog:chromeOptions: {debuggerAddress: localhost:62417}, javascriptEnabled: true, networkConnectionEnabled: false, pageLoadStrategy: normal, platform: WINDOWS, platformName: WINDOWS, proxy: Proxy(), setWindowRect: true, strictFileInteractability: false, timeouts: {implicit: 0, pageLoad: 300000, script: 30000}, unhandledPromptBehavior: dismiss and notify}
Session ID: a94ad9c1c65c26ac660a8d297e28b2c9">
      <![CDATA[org.openqa.selenium.TimeoutException: timeout: Timed out receiving message from renderer: -0.008
  (Session info: chrome=80.0.3987.132)
Build info: version: '3.141.59', revision: 'e82be7d358', time: '2018-11-14T08:25:53'
System info: host: 'DESKTOP-0FSTDRC', ip: '192.168.43.60', os.name: 'Windows 8.1', os.arch: 'amd64', os.version: '6.3', java.version: '1.8.0_25'
Driver info: org.openqa.selenium.chrome.ChromeDriver
Capabilities {acceptInsecureCerts: false, browserName: chrome, browserVersion: 80.0.3987.132, chrome: {chromedriverVersion: 80.0.3987.106 (f68069574609..., userDataDir: C:\Users\user\AppData\Local...}, goog:chromeOptions: {debuggerAddress: localhost:62417}, javascriptEnabled: true, networkConnectionEnabled: false, pageLoadStrategy: normal, platform: WINDOWS, platformName: WINDOWS, proxy: Proxy(), setWindowRect: true, strictFileInteractability: false, timeouts: {implicit: 0, pageLoad: 300000, script: 30000}, unhandledPromptBehavior: dismiss and notify}
Session ID: a94ad9c1c65c26ac660a8d297e28b2c9
at org.openqa.selenium.remote.http.W3CHttpResponseCodec.createException(W3CHttpResponseCodec.java:187)
at org.openqa.selenium.remote.http.W3CHttpResponseCodec.decode(W3CHttpResponseCodec.java:122)
at org.openqa.selenium.remote.http.W3CHttpResponseCodec.decode(W3CHttpResponseCodec.java:49)
at org.openqa.selenium.remote.HttpCommandExecutor.execute(HttpCommandExecutor.java:158)
at org.openqa.selenium.remote.service.DriverCommandExecutor.execute(DriverCommandExecutor.java:83)
at org.openqa.selenium.remote.RemoteWebDriver.execute(RemoteWebDriver.java:552)
at org.openqa.selenium.remote.RemoteWebDriver.get(RemoteWebDriver.java:277)
at com.freshproposals.selenium.Ellipse_Duplicate_Proposal.openBrowser(Ellipse_Duplicate_Proposal.java:32)
at java.util.ArrayList.forEach(Unknown Source)
... Removed 30 stack frames]]>
    </failure>
  </testcase> <!-- @BeforeClass openBrowser -->
  <testcase name="@AfterClass closeBrowser" time="-1.584433220507E9" classname="com.freshproposals.selenium.Ellipse_Duplicate_Proposal">
    <skipped/>
  </testcase> <!-- @AfterClass closeBrowser -->
  <testcase name="@BeforeClass openBrowser" time="53.825" classname="com.freshproposals.selenium.Ellipse_Duplicate_Section">
    <failure type="org.openqa.selenium.TimeoutException" message="timeout: Timed out receiving message from renderer: -0.001
  (Session info: chrome=80.0.3987.132)
Build info: version: &amp;apos;3.141.59&amp;apos;, revision: &amp;apos;e82be7d358&amp;apos;, time: &amp;apos;2018-11-14T08:25:53&amp;apos;
System info: host: &amp;apos;DESKTOP-0FSTDRC&amp;apos;, ip: &amp;apos;192.168.43.60&amp;apos;, os.name: &amp;apos;Windows 8.1&amp;apos;, os.arch: &amp;apos;amd64&amp;apos;, os.version: &amp;apos;6.3&amp;apos;, java.version: &amp;apos;1.8.0_25&amp;apos;
Driver info: org.openqa.selenium.chrome.ChromeDriver
Capabilities {acceptInsecureCerts: false, browserName: chrome, browserVersion: 80.0.3987.132, chrome: {chromedriverVersion: 80.0.3987.106 (f68069574609..., userDataDir: C:\Users\user\AppData\Local...}, goog:chromeOptions: {debuggerAddress: localhost:62450}, javascriptEnabled: true, networkConnectionEnabled: false, pageLoadStrategy: normal, platform: WINDOWS, platformName: WINDOWS, proxy: Proxy(), setWindowRect: true, strictFileInteractability: false, timeouts: {implicit: 0, pageLoad: 300000, script: 30000}, unhandledPromptBehavior: dismiss and notify}
Session ID: 7de069539e97ff229c254d23537e202f">
      <![CDATA[org.openqa.selenium.TimeoutException: timeout: Timed out receiving message from renderer: -0.001
  (Session info: chrome=80.0.3987.132)
Build info: version: '3.141.59', revision: 'e82be7d358', time: '2018-11-14T08:25:53'
System info: host: 'DESKTOP-0FSTDRC', ip: '192.168.43.60', os.name: 'Windows 8.1', os.arch: 'amd64', os.version: '6.3', java.version: '1.8.0_25'
Driver info: org.openqa.selenium.chrome.ChromeDriver
Capabilities {acceptInsecureCerts: false, browserName: chrome, browserVersion: 80.0.3987.132, chrome: {chromedriverVersion: 80.0.3987.106 (f68069574609..., userDataDir: C:\Users\user\AppData\Local...}, goog:chromeOptions: {debuggerAddress: localhost:62450}, javascriptEnabled: true, networkConnectionEnabled: false, pageLoadStrategy: normal, platform: WINDOWS, platformName: WINDOWS, proxy: Proxy(), setWindowRect: true, strictFileInteractability: false, timeouts: {implicit: 0, pageLoad: 300000, script: 30000}, unhandledPromptBehavior: dismiss and notify}
Session ID: 7de069539e97ff229c254d23537e202f
at org.openqa.selenium.remote.http.W3CHttpResponseCodec.createException(W3CHttpResponseCodec.java:187)
at org.openqa.selenium.remote.http.W3CHttpResponseCodec.decode(W3CHttpResponseCodec.java:122)
at org.openqa.selenium.remote.http.W3CHttpResponseCodec.decode(W3CHttpResponseCodec.java:49)
at org.openqa.selenium.remote.HttpCommandExecutor.execute(HttpCommandExecutor.java:158)
at org.openqa.selenium.remote.service.DriverCommandExecutor.execute(DriverCommandExecutor.java:83)
at org.openqa.selenium.remote.RemoteWebDriver.execute(RemoteWebDriver.java:552)
at org.openqa.selenium.remote.RemoteWebDriver.get(RemoteWebDriver.java:277)
at com.freshproposals.selenium.Ellipse_Duplicate_Section.openBrowser(Ellipse_Duplicate_Section.java:32)
at java.util.ArrayList.forEach(Unknown Source)
... Removed 30 stack frames]]>
    </failure>
  </testcase> <!-- @BeforeClass openBrowser -->
  <testcase name="@AfterClass closeBrowser" time="-1.584433274388E9" classname="com.freshproposals.selenium.Ellipse_Duplicate_Section">
    <skipped/>
  </testcase> <!-- @AfterClass closeBrowser -->
  <testcase name="@BeforeClass openBrowser" time="53.957" classname="com.freshproposals.selenium.Ellipse_Duplicate_Template">
    <failure type="org.openqa.selenium.TimeoutException" message="timeout: Timed out receiving message from renderer: -0.003
  (Session info: chrome=80.0.3987.132)
Build info: version: &amp;apos;3.141.59&amp;apos;, revision: &amp;apos;e82be7d358&amp;apos;, time: &amp;apos;2018-11-14T08:25:53&amp;apos;
System info: host: &amp;apos;DESKTOP-0FSTDRC&amp;apos;, ip: &amp;apos;192.168.43.60&amp;apos;, os.name: &amp;apos;Windows 8.1&amp;apos;, os.arch: &amp;apos;amd64&amp;apos;, os.version: &amp;apos;6.3&amp;apos;, java.version: &amp;apos;1.8.0_25&amp;apos;
Driver info: org.openqa.selenium.chrome.ChromeDriver
Capabilities {acceptInsecureCerts: false, browserName: chrome, browserVersion: 80.0.3987.132, chrome: {chromedriverVersion: 80.0.3987.106 (f68069574609..., userDataDir: C:\Users\user\AppData\Local...}, goog:chromeOptions: {debuggerAddress: localhost:62492}, javascriptEnabled: true, networkConnectionEnabled: false, pageLoadStrategy: normal, platform: WINDOWS, platformName: WINDOWS, proxy: Proxy(), setWindowRect: true, strictFileInteractability: false, timeouts: {implicit: 0, pageLoad: 300000, script: 30000}, unhandledPromptBehavior: dismiss and notify}
Session ID: d94fae72d32e8f428b0f6e648ad2f003">
      <![CDATA[org.openqa.selenium.TimeoutException: timeout: Timed out receiving message from renderer: -0.003
  (Session info: chrome=80.0.3987.132)
Build info: version: '3.141.59', revision: 'e82be7d358', time: '2018-11-14T08:25:53'
System info: host: 'DESKTOP-0FSTDRC', ip: '192.168.43.60', os.name: 'Windows 8.1', os.arch: 'amd64', os.version: '6.3', java.version: '1.8.0_25'
Driver info: org.openqa.selenium.chrome.ChromeDriver
Capabilities {acceptInsecureCerts: false, browserName: chrome, browserVersion: 80.0.3987.132, chrome: {chromedriverVersion: 80.0.3987.106 (f68069574609..., userDataDir: C:\Users\user\AppData\Local...}, goog:chromeOptions: {debuggerAddress: localhost:62492}, javascriptEnabled: true, networkConnectionEnabled: false, pageLoadStrategy: normal, platform: WINDOWS, platformName: WINDOWS, proxy: Proxy(), setWindowRect: true, strictFileInteractability: false, timeouts: {implicit: 0, pageLoad: 300000, script: 30000}, unhandledPromptBehavior: dismiss and notify}
Session ID: d94fae72d32e8f428b0f6e648ad2f003
at org.openqa.selenium.remote.http.W3CHttpResponseCodec.createException(W3CHttpResponseCodec.java:187)
at org.openqa.selenium.remote.http.W3CHttpResponseCodec.decode(W3CHttpResponseCodec.java:122)
at org.openqa.selenium.remote.http.W3CHttpResponseCodec.decode(W3CHttpResponseCodec.java:49)
at org.openqa.selenium.remote.HttpCommandExecutor.execute(HttpCommandExecutor.java:158)
at org.openqa.selenium.remote.service.DriverCommandExecutor.execute(DriverCommandExecutor.java:83)
at org.openqa.selenium.remote.RemoteWebDriver.execute(RemoteWebDriver.java:552)
at org.openqa.selenium.remote.RemoteWebDriver.get(RemoteWebDriver.java:277)
at com.freshproposals.selenium.Ellipse_Duplicate_Template.openBrowser(Ellipse_Duplicate_Template.java:32)
at java.util.ArrayList.forEach(Unknown Source)
... Removed 30 stack frames]]>
    </failure>
  </testcase> <!-- @BeforeClass openBrowser -->
  <testcase name="@AfterClass closeBrowser" time="-1.584433328422E9" classname="com.freshproposals.selenium.Ellipse_Duplicate_Template">
    <skipped/>
  </testcase> <!-- @AfterClass closeBrowser -->
  <testcase name="@BeforeClass openBrowser" time="54.113" classname="com.freshproposals.selenium.Image_Duplicate_Proposal">
    <failure type="org.openqa.selenium.TimeoutException" message="timeout: Timed out receiving message from renderer: -0.031
  (Session info: chrome=80.0.3987.132)
Build info: version: &amp;apos;3.141.59&amp;apos;, revision: &amp;apos;e82be7d358&amp;apos;, time: &amp;apos;2018-11-14T08:25:53&amp;apos;
System info: host: &amp;apos;DESKTOP-0FSTDRC&amp;apos;, ip: &amp;apos;192.168.43.60&amp;apos;, os.name: &amp;apos;Windows 8.1&amp;apos;, os.arch: &amp;apos;amd64&amp;apos;, os.version: &amp;apos;6.3&amp;apos;, java.version: &amp;apos;1.8.0_25&amp;apos;
Driver info: org.openqa.selenium.chrome.ChromeDriver
Capabilities {acceptInsecureCerts: false, browserName: chrome, browserVersion: 80.0.3987.132, chrome: {chromedriverVersion: 80.0.3987.106 (f68069574609..., userDataDir: C:\Users\user\AppData\Local...}, goog:chromeOptions: {debuggerAddress: localhost:62537}, javascriptEnabled: true, networkConnectionEnabled: false, pageLoadStrategy: normal, platform: WINDOWS, platformName: WINDOWS, proxy: Proxy(), setWindowRect: true, strictFileInteractability: false, timeouts: {implicit: 0, pageLoad: 300000, script: 30000}, unhandledPromptBehavior: dismiss and notify}
Session ID: 4299b439489c5d94c43d690668a713c2">
      <![CDATA[org.openqa.selenium.TimeoutException: timeout: Timed out receiving message from renderer: -0.031
  (Session info: chrome=80.0.3987.132)
Build info: version: '3.141.59', revision: 'e82be7d358', time: '2018-11-14T08:25:53'
System info: host: 'DESKTOP-0FSTDRC', ip: '192.168.43.60', os.name: 'Windows 8.1', os.arch: 'amd64', os.version: '6.3', java.version: '1.8.0_25'
Driver info: org.openqa.selenium.chrome.ChromeDriver
Capabilities {acceptInsecureCerts: false, browserName: chrome, browserVersion: 80.0.3987.132, chrome: {chromedriverVersion: 80.0.3987.106 (f68069574609..., userDataDir: C:\Users\user\AppData\Local...}, goog:chromeOptions: {debuggerAddress: localhost:62537}, javascriptEnabled: true, networkConnectionEnabled: false, pageLoadStrategy: normal, platform: WINDOWS, platformName: WINDOWS, proxy: Proxy(), setWindowRect: true, strictFileInteractability: false, timeouts: {implicit: 0, pageLoad: 300000, script: 30000}, unhandledPromptBehavior: dismiss and notify}
Session ID: 4299b439489c5d94c43d690668a713c2
at org.openqa.selenium.remote.http.W3CHttpResponseCodec.createException(W3CHttpResponseCodec.java:187)
at org.openqa.selenium.remote.http.W3CHttpResponseCodec.decode(W3CHttpResponseCodec.java:122)
at org.openqa.selenium.remote.http.W3CHttpResponseCodec.decode(W3CHttpResponseCodec.java:49)
at org.openqa.selenium.remote.HttpCommandExecutor.execute(HttpCommandExecutor.java:158)
at org.openqa.selenium.remote.service.DriverCommandExecutor.execute(DriverCommandExecutor.java:83)
at org.openqa.selenium.remote.RemoteWebDriver.execute(RemoteWebDriver.java:552)
at org.openqa.selenium.remote.RemoteWebDriver.get(RemoteWebDriver.java:277)
at com.freshproposals.selenium.Image_Duplicate_Proposal.openBrowser(Image_Duplicate_Proposal.java:30)
at java.util.ArrayList.forEach(Unknown Source)
... Removed 30 stack frames]]>
    </failure>
  </testcase> <!-- @BeforeClass openBrowser -->
  <testcase name="@AfterClass closeBrowser" time="-1.584433382601E9" classname="com.freshproposals.selenium.Image_Duplicate_Proposal">
    <skipped/>
  </testcase> <!-- @AfterClass closeBrowser -->
  <testcase name="@BeforeClass openBrowser" time="54.181" classname="com.freshproposals.selenium.Image_Duplicate_Section">
    <failure type="org.openqa.selenium.TimeoutException" message="timeout: Timed out receiving message from renderer: -0.013
  (Session info: chrome=80.0.3987.132)
Build info: version: &amp;apos;3.141.59&amp;apos;, revision: &amp;apos;e82be7d358&amp;apos;, time: &amp;apos;2018-11-14T08:25:53&amp;apos;
System info: host: &amp;apos;DESKTOP-0FSTDRC&amp;apos;, ip: &amp;apos;192.168.43.60&amp;apos;, os.name: &amp;apos;Windows 8.1&amp;apos;, os.arch: &amp;apos;amd64&amp;apos;, os.version: &amp;apos;6.3&amp;apos;, java.version: &amp;apos;1.8.0_25&amp;apos;
Driver info: org.openqa.selenium.chrome.ChromeDriver
Capabilities {acceptInsecureCerts: false, browserName: chrome, browserVersion: 80.0.3987.132, chrome: {chromedriverVersion: 80.0.3987.106 (f68069574609..., userDataDir: C:\Users\user\AppData\Local...}, goog:chromeOptions: {debuggerAddress: localhost:62583}, javascriptEnabled: true, networkConnectionEnabled: false, pageLoadStrategy: normal, platform: WINDOWS, platformName: WINDOWS, proxy: Proxy(), setWindowRect: true, strictFileInteractability: false, timeouts: {implicit: 0, pageLoad: 300000, script: 30000}, unhandledPromptBehavior: dismiss and notify}
Session ID: 17d7d0a62663956db93dcee2f33f9767">
      <![CDATA[org.openqa.selenium.TimeoutException: timeout: Timed out receiving message from renderer: -0.013
  (Session info: chrome=80.0.3987.132)
Build info: version: '3.141.59', revision: 'e82be7d358', time: '2018-11-14T08:25:53'
System info: host: 'DESKTOP-0FSTDRC', ip: '192.168.43.60', os.name: 'Windows 8.1', os.arch: 'amd64', os.version: '6.3', java.version: '1.8.0_25'
Driver info: org.openqa.selenium.chrome.ChromeDriver
Capabilities {acceptInsecureCerts: false, browserName: chrome, browserVersion: 80.0.3987.132, chrome: {chromedriverVersion: 80.0.3987.106 (f68069574609..., userDataDir: C:\Users\user\AppData\Local...}, goog:chromeOptions: {debuggerAddress: localhost:62583}, javascriptEnabled: true, networkConnectionEnabled: false, pageLoadStrategy: normal, platform: WINDOWS, platformName: WINDOWS, proxy: Proxy(), setWindowRect: true, strictFileInteractability: false, timeouts: {implicit: 0, pageLoad: 300000, script: 30000}, unhandledPromptBehavior: dismiss and notify}
Session ID: 17d7d0a62663956db93dcee2f33f9767
at org.openqa.selenium.remote.http.W3CHttpResponseCodec.createException(W3CHttpResponseCodec.java:187)
at org.openqa.selenium.remote.http.W3CHttpResponseCodec.decode(W3CHttpResponseCodec.java:122)
at org.openqa.selenium.remote.http.W3CHttpResponseCodec.decode(W3CHttpResponseCodec.java:49)
at org.openqa.selenium.remote.HttpCommandExecutor.execute(HttpCommandExecutor.java:158)
at org.openqa.selenium.remote.service.DriverCommandExecutor.execute(DriverCommandExecutor.java:83)
at org.openqa.selenium.remote.RemoteWebDriver.execute(RemoteWebDriver.java:552)
at org.openqa.selenium.remote.RemoteWebDriver.get(RemoteWebDriver.java:277)
at com.freshproposals.selenium.Image_Duplicate_Section.openBrowser(Image_Duplicate_Section.java:30)
at java.util.ArrayList.forEach(Unknown Source)
... Removed 30 stack frames]]>
    </failure>
  </testcase> <!-- @BeforeClass openBrowser -->
  <testcase name="@AfterClass closeBrowser" time="-1.584433436829E9" classname="com.freshproposals.selenium.Image_Duplicate_Section">
    <skipped/>
  </testcase> <!-- @AfterClass closeBrowser -->
  <testcase name="@BeforeClass openBrowser" time="53.848" classname="com.freshproposals.selenium.Image_Duplicate_Template">
    <failure type="org.openqa.selenium.TimeoutException" message="timeout: Timed out receiving message from renderer: -0.005
  (Session info: chrome=80.0.3987.132)
Build info: version: &amp;apos;3.141.59&amp;apos;, revision: &amp;apos;e82be7d358&amp;apos;, time: &amp;apos;2018-11-14T08:25:53&amp;apos;
System info: host: &amp;apos;DESKTOP-0FSTDRC&amp;apos;, ip: &amp;apos;192.168.43.60&amp;apos;, os.name: &amp;apos;Windows 8.1&amp;apos;, os.arch: &amp;apos;amd64&amp;apos;, os.version: &amp;apos;6.3&amp;apos;, java.version: &amp;apos;1.8.0_25&amp;apos;
Driver info: org.openqa.selenium.chrome.ChromeDriver
Capabilities {acceptInsecureCerts: false, browserName: chrome, browserVersion: 80.0.3987.132, chrome: {chromedriverVersion: 80.0.3987.106 (f68069574609..., userDataDir: C:\Users\user\AppData\Local...}, goog:chromeOptions: {debuggerAddress: localhost:62631}, javascriptEnabled: true, networkConnectionEnabled: false, pageLoadStrategy: normal, platform: WINDOWS, platformName: WINDOWS, proxy: Proxy(), setWindowRect: true, strictFileInteractability: false, timeouts: {implicit: 0, pageLoad: 300000, script: 30000}, unhandledPromptBehavior: dismiss and notify}
Session ID: 7c82b97a304140013a80c5c7178fa4c0">
      <![CDATA[org.openqa.selenium.TimeoutException: timeout: Timed out receiving message from renderer: -0.005
  (Session info: chrome=80.0.3987.132)
Build info: version: '3.141.59', revision: 'e82be7d358', time: '2018-11-14T08:25:53'
System info: host: 'DESKTOP-0FSTDRC', ip: '192.168.43.60', os.name: 'Windows 8.1', os.arch: 'amd64', os.version: '6.3', java.version: '1.8.0_25'
Driver info: org.openqa.selenium.chrome.ChromeDriver
Capabilities {acceptInsecureCerts: false, browserName: chrome, browserVersion: 80.0.3987.132, chrome: {chromedriverVersion: 80.0.3987.106 (f68069574609..., userDataDir: C:\Users\user\AppData\Local...}, goog:chromeOptions: {debuggerAddress: localhost:62631}, javascriptEnabled: true, networkConnectionEnabled: false, pageLoadStrategy: normal, platform: WINDOWS, platformName: WINDOWS, proxy: Proxy(), setWindowRect: true, strictFileInteractability: false, timeouts: {implicit: 0, pageLoad: 300000, script: 30000}, unhandledPromptBehavior: dismiss and notify}
Session ID: 7c82b97a304140013a80c5c7178fa4c0
at org.openqa.selenium.remote.http.W3CHttpResponseCodec.createException(W3CHttpResponseCodec.java:187)
at org.openqa.selenium.remote.http.W3CHttpResponseCodec.decode(W3CHttpResponseCodec.java:122)
at org.openqa.selenium.remote.http.W3CHttpResponseCodec.decode(W3CHttpResponseCodec.java:49)
at org.openqa.selenium.remote.HttpCommandExecutor.execute(HttpCommandExecutor.java:158)
at org.openqa.selenium.remote.service.DriverCommandExecutor.execute(DriverCommandExecutor.java:83)
at org.openqa.selenium.remote.RemoteWebDriver.execute(RemoteWebDriver.java:552)
at org.openqa.selenium.remote.RemoteWebDriver.get(RemoteWebDriver.java:277)
at com.freshproposals.selenium.Image_Duplicate_Template.openBrowser(Image_Duplicate_Template.java:30)
at java.util.ArrayList.forEach(Unknown Source)
... Removed 30 stack frames]]>
    </failure>
  </testcase> <!-- @BeforeClass openBrowser -->
  <testcase name="@AfterClass closeBrowser" time="-1.584433490732E9" classname="com.freshproposals.selenium.Image_Duplicate_Template">
    <skipped/>
  </testcase> <!-- @AfterClass closeBrowser -->
  <testcase name="login" time="1.469" classname="com.freshproposals.selenium.Image_DragDrop_Position_Proposal"/>
  <testcase name="openExistTemplate" time="22.76" classname="com.freshproposals.selenium.Image_DragDrop_Position_Proposal"/>
  <testcase name="Get_Position" time="8.855" classname="com.freshproposals.selenium.Image_DragDrop_Position_Proposal">
    <failure type="java.lang.AssertionError" message="expected [461] but found [463]">
      <![CDATA[java.lang.AssertionError: expected [461] but found [463]
at com.freshproposals.selenium.Image_DragDrop_Position_Proposal.Get_Position(Image_DragDrop_Position_Proposal.java:68)
at java.util.ArrayList.forEach(Unknown Source)
... Removed 33 stack frames]]>
    </failure>
  </testcase> <!-- Get_Position -->
  <testcase name="DragDrop" time="5.471" classname="com.freshproposals.selenium.Image_DragDrop_Position_Proposal"/>
  <testcase name="DragDrop_Get_Position" time="8.908" classname="com.freshproposals.selenium.Image_DragDrop_Position_Proposal">
    <failure type="java.lang.AssertionError" message="expected [561] but found [563]">
      <![CDATA[java.lang.AssertionError: expected [561] but found [563]
at com.freshproposals.selenium.Image_DragDrop_Position_Proposal.DragDrop_Get_Position(Image_DragDrop_Position_Proposal.java:103)
at java.util.ArrayList.forEach(Unknown Source)
... Removed 33 stack frames]]>
    </failure>
  </testcase> <!-- DragDrop_Get_Position -->
  <testcase name="Reset" time="7.974" classname="com.freshproposals.selenium.Image_DragDrop_Position_Proposal"/>
  <testcase name="login" time="0.608" classname="com.freshproposals.selenium.Image_DragDrop_Position_Section"/>
  <testcase name="openExistTemplate" time="23.868" classname="com.freshproposals.selenium.Image_DragDrop_Position_Section"/>
  <testcase name="Get_Position" time="8.222" classname="com.freshproposals.selenium.Image_DragDrop_Position_Section">
    <failure type="java.lang.AssertionError" message="expected [576] but found [463]">
      <![CDATA[java.lang.AssertionError: expected [576] but found [463]
at com.freshproposals.selenium.Image_DragDrop_Position_Section.Get_Position(Image_DragDrop_Position_Section.java:68)
at java.util.ArrayList.forEach(Unknown Source)
... Removed 33 stack frames]]>
    </failure>
  </testcase> <!-- Get_Position -->
  <testcase name="DragDrop" time="6.218" classname="com.freshproposals.selenium.Image_DragDrop_Position_Section"/>
  <testcase name="DragDrop_Get_Position" time="8.425" classname="com.freshproposals.selenium.Image_DragDrop_Position_Section">
    <failure type="java.lang.AssertionError" message="expected [676] but found [563]">
      <![CDATA[java.lang.AssertionError: expected [676] but found [563]
at com.freshproposals.selenium.Image_DragDrop_Position_Section.DragDrop_Get_Position(Image_DragDrop_Position_Section.java:104)
at java.util.ArrayList.forEach(Unknown Source)
... Removed 33 stack frames]]>
    </failure>
  </testcase> <!-- DragDrop_Get_Position -->
  <testcase name="Reset" time="9.427" classname="com.freshproposals.selenium.Image_DragDrop_Position_Section"/>
  <testcase name="login" time="0.922" classname="com.freshproposals.selenium.Image_DragDrop_Position_Template"/>
  <testcase name="openExistTemplate" time="23.915" classname="com.freshproposals.selenium.Image_DragDrop_Position_Template"/>
  <testcase name="Get_Position" time="8.191" classname="com.freshproposals.selenium.Image_DragDrop_Position_Template"/>
  <testcase name="DragDrop" time="6.226" classname="com.freshproposals.selenium.Image_DragDrop_Position_Template"/>
  <testcase name="DragDrop_Get_Position" time="8.976" classname="com.freshproposals.selenium.Image_DragDrop_Position_Template"/>
  <testcase name="Reset" time="7.315" classname="com.freshproposals.selenium.Image_DragDrop_Position_Template"/>
  <testcase name="login" time="0.0" classname="com.freshproposals.selenium.Signature_DragDrop_Position_Proposal">
    <skipped/>
  </testcase> <!-- login -->
  <testcase name="openExistTemplate" time="0.0" classname="com.freshproposals.selenium.Signature_DragDrop_Position_Proposal">
    <skipped/>
  </testcase> <!-- openExistTemplate -->
  <testcase name="Get_Position" time="0.0" classname="com.freshproposals.selenium.Signature_DragDrop_Position_Proposal">
    <skipped/>
  </testcase> <!-- Get_Position -->
  <testcase name="DragDrop" time="0.0" classname="com.freshproposals.selenium.Signature_DragDrop_Position_Proposal">
    <skipped/>
  </testcase> <!-- DragDrop -->
  <testcase name="DragDrop_Get_Position" time="0.0" classname="com.freshproposals.selenium.Signature_DragDrop_Position_Proposal">
    <skipped/>
  </testcase> <!-- DragDrop_Get_Position -->
  <testcase name="Reset" time="0.0" classname="com.freshproposals.selenium.Signature_DragDrop_Position_Proposal">
    <skipped/>
  </testcase> <!-- Reset -->
  <testcase name="login" time="0.776" classname="com.freshproposals.selenium.Signature_DragDrop_Position_Section"/>
  <testcase name="openExistTemplate" time="24.244" classname="com.freshproposals.selenium.Signature_DragDrop_Position_Section"/>
  <testcase name="Get_Position" time="8.608" classname="com.freshproposals.selenium.Signature_DragDrop_Position_Section">
    <failure type="java.lang.AssertionError" message="expected [620] but found [507]">
      <![CDATA[java.lang.AssertionError: expected [620] but found [507]
at com.freshproposals.selenium.Signature_DragDrop_Position_Section.Get_Position(Signature_DragDrop_Position_Section.java:68)
at java.util.ArrayList.forEach(Unknown Source)
... Removed 33 stack frames]]>
    </failure>
  </testcase> <!-- Get_Position -->
  <testcase name="DragDrop" time="4.776" classname="com.freshproposals.selenium.Signature_DragDrop_Position_Section"/>
  <testcase name="DragDrop_Get_Position" time="8.642" classname="com.freshproposals.selenium.Signature_DragDrop_Position_Section">
    <failure type="java.lang.AssertionError" message="expected [720] but found [607]">
      <![CDATA[java.lang.AssertionError: expected [720] but found [607]
at com.freshproposals.selenium.Signature_DragDrop_Position_Section.DragDrop_Get_Position(Signature_DragDrop_Position_Section.java:103)
at java.util.ArrayList.forEach(Unknown Source)
... Removed 33 stack frames]]>
    </failure>
  </testcase> <!-- DragDrop_Get_Position -->
  <testcase name="Reset" time="6.57" classname="com.freshproposals.selenium.Signature_DragDrop_Position_Section"/>
  <testcase name="login" time="0.877" classname="com.freshproposals.selenium.Signature_DragDrop_Position_Template"/>
  <testcase name="openExistTemplate" time="28.383" classname="com.freshproposals.selenium.Signature_DragDrop_Position_Template"/>
  <testcase name="Get_Position" time="8.601" classname="com.freshproposals.selenium.Signature_DragDrop_Position_Template"/>
  <testcase name="DragDrop" time="5.257" classname="com.freshproposals.selenium.Signature_DragDrop_Position_Template"/>
  <testcase name="DragDrop_Get_Position" time="8.798" classname="com.freshproposals.selenium.Signature_DragDrop_Position_Template"/>
  <testcase name="Reset" time="7.839" classname="com.freshproposals.selenium.Signature_DragDrop_Position_Template"/>
  <testcase name="login" time="0.0" classname="com.freshproposals.selenium.Signature_Duplicate_Proposal">
    <skipped/>
  </testcase> <!-- login -->
  <testcase name="open_Proposal" time="0.0" classname="com.freshproposals.selenium.Signature_Duplicate_Proposal">
    <skipped/>
  </testcase> <!-- open_Proposal -->
  <testcase name="height_width" time="0.0" classname="com.freshproposals.selenium.Signature_Duplicate_Proposal">
    <skipped/>
  </testcase> <!-- height_width -->
  <testcase name="assert_width_1" time="0.0" classname="com.freshproposals.selenium.Signature_Duplicate_Proposal">
    <skipped/>
  </testcase> <!-- assert_width_1 -->
  <testcase name="assert_height_1" time="0.0" classname="com.freshproposals.selenium.Signature_Duplicate_Proposal">
    <skipped/>
  </testcase> <!-- assert_height_1 -->
  <testcase name="duplicate" time="0.0" classname="com.freshproposals.selenium.Signature_Duplicate_Proposal">
    <skipped/>
  </testcase> <!-- duplicate -->
  <testcase name="DragDrop" time="0.0" classname="com.freshproposals.selenium.Signature_Duplicate_Proposal">
    <skipped/>
  </testcase> <!-- DragDrop -->
  <testcase name="assert_width_2" time="0.0" classname="com.freshproposals.selenium.Signature_Duplicate_Proposal">
    <skipped/>
  </testcase> <!-- assert_width_2 -->
  <testcase name="assert_height_2" time="0.0" classname="com.freshproposals.selenium.Signature_Duplicate_Proposal">
    <skipped/>
  </testcase> <!-- assert_height_2 -->
  <testcase name="Save" time="0.0" classname="com.freshproposals.selenium.Signature_Duplicate_Proposal">
    <skipped/>
  </testcase> <!-- Save -->
  <testcase name="clear" time="0.0" classname="com.freshproposals.selenium.Signature_Duplicate_Proposal">
    <skipped/>
  </testcase> <!-- clear -->
  <testcase name="reset_sign_1" time="0.0" classname="com.freshproposals.selenium.Signature_Duplicate_Proposal">
    <skipped/>
  </testcase> <!-- reset_sign_1 -->
  <testcase name="Save2" time="0.0" classname="com.freshproposals.selenium.Signature_Duplicate_Proposal">
    <skipped/>
  </testcase> <!-- Save2 -->
  <testcase name="login" time="0.0" classname="com.freshproposals.selenium.Signature_Duplicate_Section">
    <skipped/>
  </testcase> <!-- login -->
  <testcase name="open_Template" time="0.0" classname="com.freshproposals.selenium.Signature_Duplicate_Section">
    <skipped/>
  </testcase> <!-- open_Template -->
  <testcase name="height_width" time="0.001" classname="com.freshproposals.selenium.Signature_Duplicate_Section">
    <skipped/>
  </testcase> <!-- height_width -->
  <testcase name="assert_width_1" time="0.0" classname="com.freshproposals.selenium.Signature_Duplicate_Section">
    <skipped/>
  </testcase> <!-- assert_width_1 -->
  <testcase name="assert_height_1" time="0.0" classname="com.freshproposals.selenium.Signature_Duplicate_Section">
    <skipped/>
  </testcase> <!-- assert_height_1 -->
  <testcase name="duplicate" time="0.0" classname="com.freshproposals.selenium.Signature_Duplicate_Section">
    <skipped/>
  </testcase> <!-- duplicate -->
  <testcase name="DragDrop" time="0.0" classname="com.freshproposals.selenium.Signature_Duplicate_Section">
    <skipped/>
  </testcase> <!-- DragDrop -->
  <testcase name="assert_width_2" time="0.0" classname="com.freshproposals.selenium.Signature_Duplicate_Section">
    <skipped/>
  </testcase> <!-- assert_width_2 -->
  <testcase name="assert_height_2" time="0.0" classname="com.freshproposals.selenium.Signature_Duplicate_Section">
    <skipped/>
  </testcase> <!-- assert_height_2 -->
  <testcase name="Save" time="0.0" classname="com.freshproposals.selenium.Signature_Duplicate_Section">
    <skipped/>
  </testcase> <!-- Save -->
  <testcase name="clear" time="0.0" classname="com.freshproposals.selenium.Signature_Duplicate_Section">
    <skipped/>
  </testcase> <!-- clear -->
  <testcase name="reset_sign_1" time="0.0" classname="com.freshproposals.selenium.Signature_Duplicate_Section">
    <skipped/>
  </testcase> <!-- reset_sign_1 -->
  <testcase name="Save2" time="0.0" classname="com.freshproposals.selenium.Signature_Duplicate_Section">
    <skipped/>
  </testcase> <!-- Save2 -->
  <testcase name="login" time="0.742" classname="com.freshproposals.selenium.Signature_Duplicate_Template"/>
  <testcase name="open_Template" time="31.411" classname="com.freshproposals.selenium.Signature_Duplicate_Template"/>
  <testcase name="height_width" time="53.053" classname="com.freshproposals.selenium.Signature_Duplicate_Template">
    <failure type="org.openqa.selenium.NoSuchElementException" message="no such element: Unable to locate element: {&amp;quot;method&amp;quot;:&amp;quot;css selector&amp;quot;,&amp;quot;selector&amp;quot;:&amp;quot;#page1\-fpSign1226201911324022&amp;quot;}
  (Session info: chrome=80.0.3987.132)
For documentation on this error, please visit: https://www.seleniumhq.org/exceptions/no_such_element.html
Build info: version: &amp;apos;3.141.59&amp;apos;, revision: &amp;apos;e82be7d358&amp;apos;, time: &amp;apos;2018-11-14T08:25:53&amp;apos;
System info: host: &amp;apos;DESKTOP-0FSTDRC&amp;apos;, ip: &amp;apos;192.168.43.60&amp;apos;, os.name: &amp;apos;Windows 8.1&amp;apos;, os.arch: &amp;apos;amd64&amp;apos;, os.version: &amp;apos;6.3&amp;apos;, java.version: &amp;apos;1.8.0_25&amp;apos;
Driver info: org.openqa.selenium.chrome.ChromeDriver
Capabilities {acceptInsecureCerts: false, browserName: chrome, browserVersion: 80.0.3987.132, chrome: {chromedriverVersion: 80.0.3987.106 (f68069574609..., userDataDir: C:\Users\user\AppData\Local...}, goog:chromeOptions: {debuggerAddress: localhost:61942}, javascriptEnabled: true, networkConnectionEnabled: false, pageLoadStrategy: normal, platform: WINDOWS, platformName: WINDOWS, proxy: Proxy(), setWindowRect: true, strictFileInteractability: false, timeouts: {implicit: 0, pageLoad: 300000, script: 30000}, unhandledPromptBehavior: dismiss and notify}
Session ID: 32d60ac50e36c04326b1a226c7427f75
*** Element info: {Using=id, value=page1-fpSign1226201911324022}">
      <![CDATA[org.openqa.selenium.NoSuchElementException: no such element: Unable to locate element: {"method":"css selector","selector":"#page1\-fpSign1226201911324022"}
  (Session info: chrome=80.0.3987.132)
For documentation on this error, please visit: https://www.seleniumhq.org/exceptions/no_such_element.html
Build info: version: '3.141.59', revision: 'e82be7d358', time: '2018-11-14T08:25:53'
System info: host: 'DESKTOP-0FSTDRC', ip: '192.168.43.60', os.name: 'Windows 8.1', os.arch: 'amd64', os.version: '6.3', java.version: '1.8.0_25'
Driver info: org.openqa.selenium.chrome.ChromeDriver
Capabilities {acceptInsecureCerts: false, browserName: chrome, browserVersion: 80.0.3987.132, chrome: {chromedriverVersion: 80.0.3987.106 (f68069574609..., userDataDir: C:\Users\user\AppData\Local...}, goog:chromeOptions: {debuggerAddress: localhost:61942}, javascriptEnabled: true, networkConnectionEnabled: false, pageLoadStrategy: normal, platform: WINDOWS, platformName: WINDOWS, proxy: Proxy(), setWindowRect: true, strictFileInteractability: false, timeouts: {implicit: 0, pageLoad: 300000, script: 30000}, unhandledPromptBehavior: dismiss and notify}
Session ID: 32d60ac50e36c04326b1a226c7427f75
*** Element info: {Using=id, value=page1-fpSign1226201911324022}
at org.openqa.selenium.remote.http.W3CHttpResponseCodec.createException(W3CHttpResponseCodec.java:187)
at org.openqa.selenium.remote.http.W3CHttpResponseCodec.decode(W3CHttpResponseCodec.java:122)
at org.openqa.selenium.remote.http.W3CHttpResponseCodec.decode(W3CHttpResponseCodec.java:49)
at org.openqa.selenium.remote.HttpCommandExecutor.execute(HttpCommandExecutor.java:158)
at org.openqa.selenium.remote.service.DriverCommandExecutor.execute(DriverCommandExecutor.java:83)
at org.openqa.selenium.remote.RemoteWebDriver.execute(RemoteWebDriver.java:552)
at org.openqa.selenium.remote.RemoteWebDriver.findElement(RemoteWebDriver.java:323)
at org.openqa.selenium.remote.RemoteWebDriver.findElementById(RemoteWebDriver.java:372)
at org.openqa.selenium.By$ById.findElement(By.java:188)
at org.openqa.selenium.remote.RemoteWebDriver.findElement(RemoteWebDriver.java:315)
at com.freshproposals.selenium.Signature_Duplicate_Template.height_width(Signature_Duplicate_Template.java:52)
at java.util.ArrayList.forEach(Unknown Source)
... Removed 32 stack frames]]>
    </failure>
  </testcase> <!-- height_width -->
  <testcase name="assert_width_1" time="50.109" classname="com.freshproposals.selenium.Signature_Duplicate_Template">
    <failure type="org.openqa.selenium.NoSuchElementException" message="no such element: Unable to locate element: {&amp;quot;method&amp;quot;:&amp;quot;css selector&amp;quot;,&amp;quot;selector&amp;quot;:&amp;quot;#page1\-fpSign1226201911324022&amp;quot;}
  (Session info: chrome=80.0.3987.132)
For documentation on this error, please visit: https://www.seleniumhq.org/exceptions/no_such_element.html
Build info: version: &amp;apos;3.141.59&amp;apos;, revision: &amp;apos;e82be7d358&amp;apos;, time: &amp;apos;2018-11-14T08:25:53&amp;apos;
System info: host: &amp;apos;DESKTOP-0FSTDRC&amp;apos;, ip: &amp;apos;192.168.43.60&amp;apos;, os.name: &amp;apos;Windows 8.1&amp;apos;, os.arch: &amp;apos;amd64&amp;apos;, os.version: &amp;apos;6.3&amp;apos;, java.version: &amp;apos;1.8.0_25&amp;apos;
Driver info: org.openqa.selenium.chrome.ChromeDriver
Capabilities {acceptInsecureCerts: false, browserName: chrome, browserVersion: 80.0.3987.132, chrome: {chromedriverVersion: 80.0.3987.106 (f68069574609..., userDataDir: C:\Users\user\AppData\Local...}, goog:chromeOptions: {debuggerAddress: localhost:61942}, javascriptEnabled: true, networkConnectionEnabled: false, pageLoadStrategy: normal, platform: WINDOWS, platformName: WINDOWS, proxy: Proxy(), setWindowRect: true, strictFileInteractability: false, timeouts: {implicit: 0, pageLoad: 300000, script: 30000}, unhandledPromptBehavior: dismiss and notify}
Session ID: 32d60ac50e36c04326b1a226c7427f75
*** Element info: {Using=id, value=page1-fpSign1226201911324022}">
      <![CDATA[org.openqa.selenium.NoSuchElementException: no such element: Unable to locate element: {"method":"css selector","selector":"#page1\-fpSign1226201911324022"}
  (Session info: chrome=80.0.3987.132)
For documentation on this error, please visit: https://www.seleniumhq.org/exceptions/no_such_element.html
Build info: version: '3.141.59', revision: 'e82be7d358', time: '2018-11-14T08:25:53'
System info: host: 'DESKTOP-0FSTDRC', ip: '192.168.43.60', os.name: 'Windows 8.1', os.arch: 'amd64', os.version: '6.3', java.version: '1.8.0_25'
Driver info: org.openqa.selenium.chrome.ChromeDriver
Capabilities {acceptInsecureCerts: false, browserName: chrome, browserVersion: 80.0.3987.132, chrome: {chromedriverVersion: 80.0.3987.106 (f68069574609..., userDataDir: C:\Users\user\AppData\Local...}, goog:chromeOptions: {debuggerAddress: localhost:61942}, javascriptEnabled: true, networkConnectionEnabled: false, pageLoadStrategy: normal, platform: WINDOWS, platformName: WINDOWS, proxy: Proxy(), setWindowRect: true, strictFileInteractability: false, timeouts: {implicit: 0, pageLoad: 300000, script: 30000}, unhandledPromptBehavior: dismiss and notify}
Session ID: 32d60ac50e36c04326b1a226c7427f75
*** Element info: {Using=id, value=page1-fpSign1226201911324022}
at org.openqa.selenium.remote.http.W3CHttpResponseCodec.createException(W3CHttpResponseCodec.java:187)
at org.openqa.selenium.remote.http.W3CHttpResponseCodec.decode(W3CHttpResponseCodec.java:122)
at org.openqa.selenium.remote.http.W3CHttpResponseCodec.decode(W3CHttpResponseCodec.java:49)
at org.openqa.selenium.remote.HttpCommandExecutor.execute(HttpCommandExecutor.java:158)
at org.openqa.selenium.remote.service.DriverCommandExecutor.execute(DriverCommandExecutor.java:83)
at org.openqa.selenium.remote.RemoteWebDriver.execute(RemoteWebDriver.java:552)
at org.openqa.selenium.remote.RemoteWebDriver.findElement(RemoteWebDriver.java:323)
at org.openqa.selenium.remote.RemoteWebDriver.findElementById(RemoteWebDriver.java:372)
at org.openqa.selenium.By$ById.findElement(By.java:188)
at org.openqa.selenium.remote.RemoteWebDriver.findElement(RemoteWebDriver.java:315)
at com.freshproposals.selenium.Signature_Duplicate_Template.assert_width_1(Signature_Duplicate_Template.java:63)
at java.util.ArrayList.forEach(Unknown Source)
... Removed 32 stack frames]]>
    </failure>
  </testcase> <!-- assert_width_1 -->
  <testcase name="assert_height_1" time="50.081" classname="com.freshproposals.selenium.Signature_Duplicate_Template">
    <failure type="org.openqa.selenium.NoSuchElementException" message="no such element: Unable to locate element: {&amp;quot;method&amp;quot;:&amp;quot;css selector&amp;quot;,&amp;quot;selector&amp;quot;:&amp;quot;#page1\-fpSign1226201911324022&amp;quot;}
  (Session info: chrome=80.0.3987.132)
For documentation on this error, please visit: https://www.seleniumhq.org/exceptions/no_such_element.html
Build info: version: &amp;apos;3.141.59&amp;apos;, revision: &amp;apos;e82be7d358&amp;apos;, time: &amp;apos;2018-11-14T08:25:53&amp;apos;
System info: host: &amp;apos;DESKTOP-0FSTDRC&amp;apos;, ip: &amp;apos;192.168.43.60&amp;apos;, os.name: &amp;apos;Windows 8.1&amp;apos;, os.arch: &amp;apos;amd64&amp;apos;, os.version: &amp;apos;6.3&amp;apos;, java.version: &amp;apos;1.8.0_25&amp;apos;
Driver info: org.openqa.selenium.chrome.ChromeDriver
Capabilities {acceptInsecureCerts: false, browserName: chrome, browserVersion: 80.0.3987.132, chrome: {chromedriverVersion: 80.0.3987.106 (f68069574609..., userDataDir: C:\Users\user\AppData\Local...}, goog:chromeOptions: {debuggerAddress: localhost:61942}, javascriptEnabled: true, networkConnectionEnabled: false, pageLoadStrategy: normal, platform: WINDOWS, platformName: WINDOWS, proxy: Proxy(), setWindowRect: true, strictFileInteractability: false, timeouts: {implicit: 0, pageLoad: 300000, script: 30000}, unhandledPromptBehavior: dismiss and notify}
Session ID: 32d60ac50e36c04326b1a226c7427f75
*** Element info: {Using=id, value=page1-fpSign1226201911324022}">
      <![CDATA[org.openqa.selenium.NoSuchElementException: no such element: Unable to locate element: {"method":"css selector","selector":"#page1\-fpSign1226201911324022"}
  (Session info: chrome=80.0.3987.132)
For documentation on this error, please visit: https://www.seleniumhq.org/exceptions/no_such_element.html
Build info: version: '3.141.59', revision: 'e82be7d358', time: '2018-11-14T08:25:53'
System info: host: 'DESKTOP-0FSTDRC', ip: '192.168.43.60', os.name: 'Windows 8.1', os.arch: 'amd64', os.version: '6.3', java.version: '1.8.0_25'
Driver info: org.openqa.selenium.chrome.ChromeDriver
Capabilities {acceptInsecureCerts: false, browserName: chrome, browserVersion: 80.0.3987.132, chrome: {chromedriverVersion: 80.0.3987.106 (f68069574609..., userDataDir: C:\Users\user\AppData\Local...}, goog:chromeOptions: {debuggerAddress: localhost:61942}, javascriptEnabled: true, networkConnectionEnabled: false, pageLoadStrategy: normal, platform: WINDOWS, platformName: WINDOWS, proxy: Proxy(), setWindowRect: true, strictFileInteractability: false, timeouts: {implicit: 0, pageLoad: 300000, script: 30000}, unhandledPromptBehavior: dismiss and notify}
Session ID: 32d60ac50e36c04326b1a226c7427f75
*** Element info: {Using=id, value=page1-fpSign1226201911324022}
at org.openqa.selenium.remote.http.W3CHttpResponseCodec.createException(W3CHttpResponseCodec.java:187)
at org.openqa.selenium.remote.http.W3CHttpResponseCodec.decode(W3CHttpResponseCodec.java:122)
at org.openqa.selenium.remote.http.W3CHttpResponseCodec.decode(W3CHttpResponseCodec.java:49)
at org.openqa.selenium.remote.HttpCommandExecutor.execute(HttpCommandExecutor.java:158)
at org.openqa.selenium.remote.service.DriverCommandExecutor.execute(DriverCommandExecutor.java:83)
at org.openqa.selenium.remote.RemoteWebDriver.execute(RemoteWebDriver.java:552)
at org.openqa.selenium.remote.RemoteWebDriver.findElement(RemoteWebDriver.java:323)
at org.openqa.selenium.remote.RemoteWebDriver.findElementById(RemoteWebDriver.java:372)
at org.openqa.selenium.By$ById.findElement(By.java:188)
at org.openqa.selenium.remote.RemoteWebDriver.findElement(RemoteWebDriver.java:315)
at com.freshproposals.selenium.Signature_Duplicate_Template.assert_height_1(Signature_Duplicate_Template.java:73)
at java.util.ArrayList.forEach(Unknown Source)
... Removed 32 stack frames]]>
    </failure>
  </testcase> <!-- assert_height_1 -->
  <testcase name="duplicate" time="51.076" classname="com.freshproposals.selenium.Signature_Duplicate_Template">
    <failure type="org.openqa.selenium.NoSuchElementException" message="no such element: Unable to locate element: {&amp;quot;method&amp;quot;:&amp;quot;css selector&amp;quot;,&amp;quot;selector&amp;quot;:&amp;quot;#page1\-fpSign1226201911324022&amp;quot;}
  (Session info: chrome=80.0.3987.132)
For documentation on this error, please visit: https://www.seleniumhq.org/exceptions/no_such_element.html
Build info: version: &amp;apos;3.141.59&amp;apos;, revision: &amp;apos;e82be7d358&amp;apos;, time: &amp;apos;2018-11-14T08:25:53&amp;apos;
System info: host: &amp;apos;DESKTOP-0FSTDRC&amp;apos;, ip: &amp;apos;192.168.43.60&amp;apos;, os.name: &amp;apos;Windows 8.1&amp;apos;, os.arch: &amp;apos;amd64&amp;apos;, os.version: &amp;apos;6.3&amp;apos;, java.version: &amp;apos;1.8.0_25&amp;apos;
Driver info: org.openqa.selenium.chrome.ChromeDriver
Capabilities {acceptInsecureCerts: false, browserName: chrome, browserVersion: 80.0.3987.132, chrome: {chromedriverVersion: 80.0.3987.106 (f68069574609..., userDataDir: C:\Users\user\AppData\Local...}, goog:chromeOptions: {debuggerAddress: localhost:61942}, javascriptEnabled: true, networkConnectionEnabled: false, pageLoadStrategy: normal, platform: WINDOWS, platformName: WINDOWS, proxy: Proxy(), setWindowRect: true, strictFileInteractability: false, timeouts: {implicit: 0, pageLoad: 300000, script: 30000}, unhandledPromptBehavior: dismiss and notify}
Session ID: 32d60ac50e36c04326b1a226c7427f75
*** Element info: {Using=id, value=page1-fpSign1226201911324022}">
      <![CDATA[org.openqa.selenium.NoSuchElementException: no such element: Unable to locate element: {"method":"css selector","selector":"#page1\-fpSign1226201911324022"}
  (Session info: chrome=80.0.3987.132)
For documentation on this error, please visit: https://www.seleniumhq.org/exceptions/no_such_element.html
Build info: version: '3.141.59', revision: 'e82be7d358', time: '2018-11-14T08:25:53'
System info: host: 'DESKTOP-0FSTDRC', ip: '192.168.43.60', os.name: 'Windows 8.1', os.arch: 'amd64', os.version: '6.3', java.version: '1.8.0_25'
Driver info: org.openqa.selenium.chrome.ChromeDriver
Capabilities {acceptInsecureCerts: false, browserName: chrome, browserVersion: 80.0.3987.132, chrome: {chromedriverVersion: 80.0.3987.106 (f68069574609..., userDataDir: C:\Users\user\AppData\Local...}, goog:chromeOptions: {debuggerAddress: localhost:61942}, javascriptEnabled: true, networkConnectionEnabled: false, pageLoadStrategy: normal, platform: WINDOWS, platformName: WINDOWS, proxy: Proxy(), setWindowRect: true, strictFileInteractability: false, timeouts: {implicit: 0, pageLoad: 300000, script: 30000}, unhandledPromptBehavior: dismiss and notify}
Session ID: 32d60ac50e36c04326b1a226c7427f75
*** Element info: {Using=id, value=page1-fpSign1226201911324022}
at org.openqa.selenium.remote.http.W3CHttpResponseCodec.createException(W3CHttpResponseCodec.java:187)
at org.openqa.selenium.remote.http.W3CHttpResponseCodec.decode(W3CHttpResponseCodec.java:122)
at org.openqa.selenium.remote.http.W3CHttpResponseCodec.decode(W3CHttpResponseCodec.java:49)
at org.openqa.selenium.remote.HttpCommandExecutor.execute(HttpCommandExecutor.java:158)
at org.openqa.selenium.remote.service.DriverCommandExecutor.execute(DriverCommandExecutor.java:83)
at org.openqa.selenium.remote.RemoteWebDriver.execute(RemoteWebDriver.java:552)
at org.openqa.selenium.remote.RemoteWebDriver.findElement(RemoteWebDriver.java:323)
at org.openqa.selenium.remote.RemoteWebDriver.findElementById(RemoteWebDriver.java:372)
at org.openqa.selenium.By$ById.findElement(By.java:188)
at org.openqa.selenium.remote.RemoteWebDriver.findElement(RemoteWebDriver.java:315)
at com.freshproposals.selenium.Signature_Duplicate_Template.duplicate(Signature_Duplicate_Template.java:85)
at java.util.ArrayList.forEach(Unknown Source)
... Removed 32 stack frames]]>
    </failure>
  </testcase> <!-- duplicate -->
  <testcase name="DragDrop" time="53.036" classname="com.freshproposals.selenium.Signature_Duplicate_Template">
    <failure type="org.openqa.selenium.NoSuchElementException" message="no such element: Unable to locate element: {&amp;quot;method&amp;quot;:&amp;quot;xpath&amp;quot;,&amp;quot;selector&amp;quot;:&amp;quot;/html[1]/body[1]/app-root[1]/app-home[1]/div[1]/div[5]/div[1]/app-edit-template[1]/div[1]/div[2]/div[2]/div[1]/div[1]/app-edit-section[2]/div[2]/div[1]/div[2]/div[1]/div[1]/div[1]/app-sections-page[1]/a[1]/div[1]/div[1]/div[1]/app-fpsignature[2]/div[1]/div[1]/div[1]&amp;quot;}
  (Session info: chrome=80.0.3987.132)
For documentation on this error, please visit: https://www.seleniumhq.org/exceptions/no_such_element.html
Build info: version: &amp;apos;3.141.59&amp;apos;, revision: &amp;apos;e82be7d358&amp;apos;, time: &amp;apos;2018-11-14T08:25:53&amp;apos;
System info: host: &amp;apos;DESKTOP-0FSTDRC&amp;apos;, ip: &amp;apos;192.168.43.60&amp;apos;, os.name: &amp;apos;Windows 8.1&amp;apos;, os.arch: &amp;apos;amd64&amp;apos;, os.version: &amp;apos;6.3&amp;apos;, java.version: &amp;apos;1.8.0_25&amp;apos;
Driver info: org.openqa.selenium.chrome.ChromeDriver
Capabilities {acceptInsecureCerts: false, browserName: chrome, browserVersion: 80.0.3987.132, chrome: {chromedriverVersion: 80.0.3987.106 (f68069574609..., userDataDir: C:\Users\user\AppData\Local...}, goog:chromeOptions: {debuggerAddress: localhost:61942}, javascriptEnabled: true, networkConnectionEnabled: false, pageLoadStrategy: normal, platform: WINDOWS, platformName: WINDOWS, proxy: Proxy(), setWindowRect: true, strictFileInteractability: false, timeouts: {implicit: 0, pageLoad: 300000, script: 30000}, unhandledPromptBehavior: dismiss and notify}
Session ID: 32d60ac50e36c04326b1a226c7427f75
*** Element info: {Using=xpath, value=/html[1]/body[1]/app-root[1]/app-home[1]/div[1]/div[5]/div[1]/app-edit-template[1]/div[1]/div[2]/div[2]/div[1]/div[1]/app-edit-section[2]/div[2]/div[1]/div[2]/div[1]/div[1]/div[1]/app-sections-page[1]/a[1]/div[1]/div[1]/div[1]/app-fpsignature[2]/div[1]/div[1]/div[1]}">
      <![CDATA[org.openqa.selenium.NoSuchElementException: no such element: Unable to locate element: {"method":"xpath","selector":"/html[1]/body[1]/app-root[1]/app-home[1]/div[1]/div[5]/div[1]/app-edit-template[1]/div[1]/div[2]/div[2]/div[1]/div[1]/app-edit-section[2]/div[2]/div[1]/div[2]/div[1]/div[1]/div[1]/app-sections-page[1]/a[1]/div[1]/div[1]/div[1]/app-fpsignature[2]/div[1]/div[1]/div[1]"}
  (Session info: chrome=80.0.3987.132)
For documentation on this error, please visit: https://www.seleniumhq.org/exceptions/no_such_element.html
Build info: version: '3.141.59', revision: 'e82be7d358', time: '2018-11-14T08:25:53'
System info: host: 'DESKTOP-0FSTDRC', ip: '192.168.43.60', os.name: 'Windows 8.1', os.arch: 'amd64', os.version: '6.3', java.version: '1.8.0_25'
Driver info: org.openqa.selenium.chrome.ChromeDriver
Capabilities {acceptInsecureCerts: false, browserName: chrome, browserVersion: 80.0.3987.132, chrome: {chromedriverVersion: 80.0.3987.106 (f68069574609..., userDataDir: C:\Users\user\AppData\Local...}, goog:chromeOptions: {debuggerAddress: localhost:61942}, javascriptEnabled: true, networkConnectionEnabled: false, pageLoadStrategy: normal, platform: WINDOWS, platformName: WINDOWS, proxy: Proxy(), setWindowRect: true, strictFileInteractability: false, timeouts: {implicit: 0, pageLoad: 300000, script: 30000}, unhandledPromptBehavior: dismiss and notify}
Session ID: 32d60ac50e36c04326b1a226c7427f75
*** Element info: {Using=xpath, value=/html[1]/body[1]/app-root[1]/app-home[1]/div[1]/div[5]/div[1]/app-edit-template[1]/div[1]/div[2]/div[2]/div[1]/div[1]/app-edit-section[2]/div[2]/div[1]/div[2]/div[1]/div[1]/div[1]/app-sections-page[1]/a[1]/div[1]/div[1]/div[1]/app-fpsignature[2]/div[1]/div[1]/div[1]}
at org.openqa.selenium.remote.http.W3CHttpResponseCodec.createException(W3CHttpResponseCodec.java:187)
at org.openqa.selenium.remote.http.W3CHttpResponseCodec.decode(W3CHttpResponseCodec.java:122)
at org.openqa.selenium.remote.http.W3CHttpResponseCodec.decode(W3CHttpResponseCodec.java:49)
at org.openqa.selenium.remote.HttpCommandExecutor.execute(HttpCommandExecutor.java:158)
at org.openqa.selenium.remote.service.DriverCommandExecutor.execute(DriverCommandExecutor.java:83)
at org.openqa.selenium.remote.RemoteWebDriver.execute(RemoteWebDriver.java:552)
at org.openqa.selenium.remote.RemoteWebDriver.findElement(RemoteWebDriver.java:323)
at org.openqa.selenium.remote.RemoteWebDriver.findElementByXPath(RemoteWebDriver.java:428)
at org.openqa.selenium.By$ByXPath.findElement(By.java:353)
at org.openqa.selenium.remote.RemoteWebDriver.findElement(RemoteWebDriver.java:315)
at com.freshproposals.selenium.Signature_Duplicate_Template.DragDrop(Signature_Duplicate_Template.java:95)
at java.util.ArrayList.forEach(Unknown Source)
... Removed 32 stack frames]]>
    </failure>
  </testcase> <!-- DragDrop -->
  <testcase name="assert_width_2" time="50.069" classname="com.freshproposals.selenium.Signature_Duplicate_Template">
    <failure type="org.openqa.selenium.NoSuchElementException" message="no such element: Unable to locate element: {&amp;quot;method&amp;quot;:&amp;quot;xpath&amp;quot;,&amp;quot;selector&amp;quot;:&amp;quot;/html[1]/body[1]/app-root[1]/app-home[1]/div[1]/div[5]/div[1]/app-edit-template[1]/div[1]/div[2]/div[2]/div[1]/div[1]/app-edit-section[2]/div[2]/div[1]/div[2]/div[1]/div[1]/div[1]/app-sections-page[1]/a[1]/div[1]/div[1]/div[1]/app-fpsignature[2]/div[1]/div[1]/div[1]&amp;quot;}
  (Session info: chrome=80.0.3987.132)
For documentation on this error, please visit: https://www.seleniumhq.org/exceptions/no_such_element.html
Build info: version: &amp;apos;3.141.59&amp;apos;, revision: &amp;apos;e82be7d358&amp;apos;, time: &amp;apos;2018-11-14T08:25:53&amp;apos;
System info: host: &amp;apos;DESKTOP-0FSTDRC&amp;apos;, ip: &amp;apos;192.168.43.60&amp;apos;, os.name: &amp;apos;Windows 8.1&amp;apos;, os.arch: &amp;apos;amd64&amp;apos;, os.version: &amp;apos;6.3&amp;apos;, java.version: &amp;apos;1.8.0_25&amp;apos;
Driver info: org.openqa.selenium.chrome.ChromeDriver
Capabilities {acceptInsecureCerts: false, browserName: chrome, browserVersion: 80.0.3987.132, chrome: {chromedriverVersion: 80.0.3987.106 (f68069574609..., userDataDir: C:\Users\user\AppData\Local...}, goog:chromeOptions: {debuggerAddress: localhost:61942}, javascriptEnabled: true, networkConnectionEnabled: false, pageLoadStrategy: normal, platform: WINDOWS, platformName: WINDOWS, proxy: Proxy(), setWindowRect: true, strictFileInteractability: false, timeouts: {implicit: 0, pageLoad: 300000, script: 30000}, unhandledPromptBehavior: dismiss and notify}
Session ID: 32d60ac50e36c04326b1a226c7427f75
*** Element info: {Using=xpath, value=/html[1]/body[1]/app-root[1]/app-home[1]/div[1]/div[5]/div[1]/app-edit-template[1]/div[1]/div[2]/div[2]/div[1]/div[1]/app-edit-section[2]/div[2]/div[1]/div[2]/div[1]/div[1]/div[1]/app-sections-page[1]/a[1]/div[1]/div[1]/div[1]/app-fpsignature[2]/div[1]/div[1]/div[1]}">
      <![CDATA[org.openqa.selenium.NoSuchElementException: no such element: Unable to locate element: {"method":"xpath","selector":"/html[1]/body[1]/app-root[1]/app-home[1]/div[1]/div[5]/div[1]/app-edit-template[1]/div[1]/div[2]/div[2]/div[1]/div[1]/app-edit-section[2]/div[2]/div[1]/div[2]/div[1]/div[1]/div[1]/app-sections-page[1]/a[1]/div[1]/div[1]/div[1]/app-fpsignature[2]/div[1]/div[1]/div[1]"}
  (Session info: chrome=80.0.3987.132)
For documentation on this error, please visit: https://www.seleniumhq.org/exceptions/no_such_element.html
Build info: version: '3.141.59', revision: 'e82be7d358', time: '2018-11-14T08:25:53'
System info: host: 'DESKTOP-0FSTDRC', ip: '192.168.43.60', os.name: 'Windows 8.1', os.arch: 'amd64', os.version: '6.3', java.version: '1.8.0_25'
Driver info: org.openqa.selenium.chrome.ChromeDriver
Capabilities {acceptInsecureCerts: false, browserName: chrome, browserVersion: 80.0.3987.132, chrome: {chromedriverVersion: 80.0.3987.106 (f68069574609..., userDataDir: C:\Users\user\AppData\Local...}, goog:chromeOptions: {debuggerAddress: localhost:61942}, javascriptEnabled: true, networkConnectionEnabled: false, pageLoadStrategy: normal, platform: WINDOWS, platformName: WINDOWS, proxy: Proxy(), setWindowRect: true, strictFileInteractability: false, timeouts: {implicit: 0, pageLoad: 300000, script: 30000}, unhandledPromptBehavior: dismiss and notify}
Session ID: 32d60ac50e36c04326b1a226c7427f75
*** Element info: {Using=xpath, value=/html[1]/body[1]/app-root[1]/app-home[1]/div[1]/div[5]/div[1]/app-edit-template[1]/div[1]/div[2]/div[2]/div[1]/div[1]/app-edit-section[2]/div[2]/div[1]/div[2]/div[1]/div[1]/div[1]/app-sections-page[1]/a[1]/div[1]/div[1]/div[1]/app-fpsignature[2]/div[1]/div[1]/div[1]}
at org.openqa.selenium.remote.http.W3CHttpResponseCodec.createException(W3CHttpResponseCodec.java:187)
at org.openqa.selenium.remote.http.W3CHttpResponseCodec.decode(W3CHttpResponseCodec.java:122)
at org.openqa.selenium.remote.http.W3CHttpResponseCodec.decode(W3CHttpResponseCodec.java:49)
at org.openqa.selenium.remote.HttpCommandExecutor.execute(HttpCommandExecutor.java:158)
at org.openqa.selenium.remote.service.DriverCommandExecutor.execute(DriverCommandExecutor.java:83)
at org.openqa.selenium.remote.RemoteWebDriver.execute(RemoteWebDriver.java:552)
at org.openqa.selenium.remote.RemoteWebDriver.findElement(RemoteWebDriver.java:323)
at org.openqa.selenium.remote.RemoteWebDriver.findElementByXPath(RemoteWebDriver.java:428)
at org.openqa.selenium.By$ByXPath.findElement(By.java:353)
at org.openqa.selenium.remote.RemoteWebDriver.findElement(RemoteWebDriver.java:315)
at com.freshproposals.selenium.Signature_Duplicate_Template.assert_width_2(Signature_Duplicate_Template.java:103)
at java.util.ArrayList.forEach(Unknown Source)
... Removed 32 stack frames]]>
    </failure>
  </testcase> <!-- assert_width_2 -->
  <testcase name="assert_height_2" time="50.085" classname="com.freshproposals.selenium.Signature_Duplicate_Template">
    <failure type="org.openqa.selenium.NoSuchElementException" message="no such element: Unable to locate element: {&amp;quot;method&amp;quot;:&amp;quot;xpath&amp;quot;,&amp;quot;selector&amp;quot;:&amp;quot;/html[1]/body[1]/app-root[1]/app-home[1]/div[1]/div[5]/div[1]/app-edit-template[1]/div[1]/div[2]/div[2]/div[1]/div[1]/app-edit-section[2]/div[2]/div[1]/div[2]/div[1]/div[1]/div[1]/app-sections-page[1]/a[1]/div[1]/div[1]/div[1]/app-fpsignature[2]/div[1]/div[1]/div[1]&amp;quot;}
  (Session info: chrome=80.0.3987.132)
For documentation on this error, please visit: https://www.seleniumhq.org/exceptions/no_such_element.html
Build info: version: &amp;apos;3.141.59&amp;apos;, revision: &amp;apos;e82be7d358&amp;apos;, time: &amp;apos;2018-11-14T08:25:53&amp;apos;
System info: host: &amp;apos;DESKTOP-0FSTDRC&amp;apos;, ip: &amp;apos;192.168.43.60&amp;apos;, os.name: &amp;apos;Windows 8.1&amp;apos;, os.arch: &amp;apos;amd64&amp;apos;, os.version: &amp;apos;6.3&amp;apos;, java.version: &amp;apos;1.8.0_25&amp;apos;
Driver info: org.openqa.selenium.chrome.ChromeDriver
Capabilities {acceptInsecureCerts: false, browserName: chrome, browserVersion: 80.0.3987.132, chrome: {chromedriverVersion: 80.0.3987.106 (f68069574609..., userDataDir: C:\Users\user\AppData\Local...}, goog:chromeOptions: {debuggerAddress: localhost:61942}, javascriptEnabled: true, networkConnectionEnabled: false, pageLoadStrategy: normal, platform: WINDOWS, platformName: WINDOWS, proxy: Proxy(), setWindowRect: true, strictFileInteractability: false, timeouts: {implicit: 0, pageLoad: 300000, script: 30000}, unhandledPromptBehavior: dismiss and notify}
Session ID: 32d60ac50e36c04326b1a226c7427f75
*** Element info: {Using=xpath, value=/html[1]/body[1]/app-root[1]/app-home[1]/div[1]/div[5]/div[1]/app-edit-template[1]/div[1]/div[2]/div[2]/div[1]/div[1]/app-edit-section[2]/div[2]/div[1]/div[2]/div[1]/div[1]/div[1]/app-sections-page[1]/a[1]/div[1]/div[1]/div[1]/app-fpsignature[2]/div[1]/div[1]/div[1]}">
      <![CDATA[org.openqa.selenium.NoSuchElementException: no such element: Unable to locate element: {"method":"xpath","selector":"/html[1]/body[1]/app-root[1]/app-home[1]/div[1]/div[5]/div[1]/app-edit-template[1]/div[1]/div[2]/div[2]/div[1]/div[1]/app-edit-section[2]/div[2]/div[1]/div[2]/div[1]/div[1]/div[1]/app-sections-page[1]/a[1]/div[1]/div[1]/div[1]/app-fpsignature[2]/div[1]/div[1]/div[1]"}
  (Session info: chrome=80.0.3987.132)
For documentation on this error, please visit: https://www.seleniumhq.org/exceptions/no_such_element.html
Build info: version: '3.141.59', revision: 'e82be7d358', time: '2018-11-14T08:25:53'
System info: host: 'DESKTOP-0FSTDRC', ip: '192.168.43.60', os.name: 'Windows 8.1', os.arch: 'amd64', os.version: '6.3', java.version: '1.8.0_25'
Driver info: org.openqa.selenium.chrome.ChromeDriver
Capabilities {acceptInsecureCerts: false, browserName: chrome, browserVersion: 80.0.3987.132, chrome: {chromedriverVersion: 80.0.3987.106 (f68069574609..., userDataDir: C:\Users\user\AppData\Local...}, goog:chromeOptions: {debuggerAddress: localhost:61942}, javascriptEnabled: true, networkConnectionEnabled: false, pageLoadStrategy: normal, platform: WINDOWS, platformName: WINDOWS, proxy: Proxy(), setWindowRect: true, strictFileInteractability: false, timeouts: {implicit: 0, pageLoad: 300000, script: 30000}, unhandledPromptBehavior: dismiss and notify}
Session ID: 32d60ac50e36c04326b1a226c7427f75
*** Element info: {Using=xpath, value=/html[1]/body[1]/app-root[1]/app-home[1]/div[1]/div[5]/div[1]/app-edit-template[1]/div[1]/div[2]/div[2]/div[1]/div[1]/app-edit-section[2]/div[2]/div[1]/div[2]/div[1]/div[1]/div[1]/app-sections-page[1]/a[1]/div[1]/div[1]/div[1]/app-fpsignature[2]/div[1]/div[1]/div[1]}
at org.openqa.selenium.remote.http.W3CHttpResponseCodec.createException(W3CHttpResponseCodec.java:187)
at org.openqa.selenium.remote.http.W3CHttpResponseCodec.decode(W3CHttpResponseCodec.java:122)
at org.openqa.selenium.remote.http.W3CHttpResponseCodec.decode(W3CHttpResponseCodec.java:49)
at org.openqa.selenium.remote.HttpCommandExecutor.execute(HttpCommandExecutor.java:158)
at org.openqa.selenium.remote.service.DriverCommandExecutor.execute(DriverCommandExecutor.java:83)
at org.openqa.selenium.remote.RemoteWebDriver.execute(RemoteWebDriver.java:552)
at org.openqa.selenium.remote.RemoteWebDriver.findElement(RemoteWebDriver.java:323)
at org.openqa.selenium.remote.RemoteWebDriver.findElementByXPath(RemoteWebDriver.java:428)
at org.openqa.selenium.By$ByXPath.findElement(By.java:353)
at org.openqa.selenium.remote.RemoteWebDriver.findElement(RemoteWebDriver.java:315)
at com.freshproposals.selenium.Signature_Duplicate_Template.assert_height_2(Signature_Duplicate_Template.java:113)
at java.util.ArrayList.forEach(Unknown Source)
... Removed 32 stack frames]]>
    </failure>
  </testcase> <!-- assert_height_2 -->
  <testcase name="Save" time="50.029" classname="com.freshproposals.selenium.Signature_Duplicate_Template">
    <failure type="org.openqa.selenium.NoSuchElementException" message="no such element: Unable to locate element: {&amp;quot;method&amp;quot;:&amp;quot;xpath&amp;quot;,&amp;quot;selector&amp;quot;:&amp;quot;//button[contains(text(),&amp;apos;Save&amp;apos;)]&amp;quot;}
  (Session info: chrome=80.0.3987.132)
For documentation on this error, please visit: https://www.seleniumhq.org/exceptions/no_such_element.html
Build info: version: &amp;apos;3.141.59&amp;apos;, revision: &amp;apos;e82be7d358&amp;apos;, time: &amp;apos;2018-11-14T08:25:53&amp;apos;
System info: host: &amp;apos;DESKTOP-0FSTDRC&amp;apos;, ip: &amp;apos;192.168.43.60&amp;apos;, os.name: &amp;apos;Windows 8.1&amp;apos;, os.arch: &amp;apos;amd64&amp;apos;, os.version: &amp;apos;6.3&amp;apos;, java.version: &amp;apos;1.8.0_25&amp;apos;
Driver info: org.openqa.selenium.chrome.ChromeDriver
Capabilities {acceptInsecureCerts: false, browserName: chrome, browserVersion: 80.0.3987.132, chrome: {chromedriverVersion: 80.0.3987.106 (f68069574609..., userDataDir: C:\Users\user\AppData\Local...}, goog:chromeOptions: {debuggerAddress: localhost:61942}, javascriptEnabled: true, networkConnectionEnabled: false, pageLoadStrategy: normal, platform: WINDOWS, platformName: WINDOWS, proxy: Proxy(), setWindowRect: true, strictFileInteractability: false, timeouts: {implicit: 0, pageLoad: 300000, script: 30000}, unhandledPromptBehavior: dismiss and notify}
Session ID: 32d60ac50e36c04326b1a226c7427f75
*** Element info: {Using=xpath, value=//button[contains(text(),&amp;apos;Save&amp;apos;)]}">
      <![CDATA[org.openqa.selenium.NoSuchElementException: no such element: Unable to locate element: {"method":"xpath","selector":"//button[contains(text(),'Save')]"}
  (Session info: chrome=80.0.3987.132)
For documentation on this error, please visit: https://www.seleniumhq.org/exceptions/no_such_element.html
Build info: version: '3.141.59', revision: 'e82be7d358', time: '2018-11-14T08:25:53'
System info: host: 'DESKTOP-0FSTDRC', ip: '192.168.43.60', os.name: 'Windows 8.1', os.arch: 'amd64', os.version: '6.3', java.version: '1.8.0_25'
Driver info: org.openqa.selenium.chrome.ChromeDriver
Capabilities {acceptInsecureCerts: false, browserName: chrome, browserVersion: 80.0.3987.132, chrome: {chromedriverVersion: 80.0.3987.106 (f68069574609..., userDataDir: C:\Users\user\AppData\Local...}, goog:chromeOptions: {debuggerAddress: localhost:61942}, javascriptEnabled: true, networkConnectionEnabled: false, pageLoadStrategy: normal, platform: WINDOWS, platformName: WINDOWS, proxy: Proxy(), setWindowRect: true, strictFileInteractability: false, timeouts: {implicit: 0, pageLoad: 300000, script: 30000}, unhandledPromptBehavior: dismiss and notify}
Session ID: 32d60ac50e36c04326b1a226c7427f75
*** Element info: {Using=xpath, value=//button[contains(text(),'Save')]}
at org.openqa.selenium.remote.http.W3CHttpResponseCodec.createException(W3CHttpResponseCodec.java:187)
at org.openqa.selenium.remote.http.W3CHttpResponseCodec.decode(W3CHttpResponseCodec.java:122)
at org.openqa.selenium.remote.http.W3CHttpResponseCodec.decode(W3CHttpResponseCodec.java:49)
at org.openqa.selenium.remote.HttpCommandExecutor.execute(HttpCommandExecutor.java:158)
at org.openqa.selenium.remote.service.DriverCommandExecutor.execute(DriverCommandExecutor.java:83)
at org.openqa.selenium.remote.RemoteWebDriver.execute(RemoteWebDriver.java:552)
at org.openqa.selenium.remote.RemoteWebDriver.findElement(RemoteWebDriver.java:323)
at org.openqa.selenium.remote.RemoteWebDriver.findElementByXPath(RemoteWebDriver.java:428)
at org.openqa.selenium.By$ByXPath.findElement(By.java:353)
at org.openqa.selenium.remote.RemoteWebDriver.findElement(RemoteWebDriver.java:315)
at com.freshproposals.selenium.Signature_Duplicate_Template.Save(Signature_Duplicate_Template.java:125)
at java.util.ArrayList.forEach(Unknown Source)
... Removed 32 stack frames]]>
    </failure>
  </testcase> <!-- Save -->
  <testcase name="clear" time="7.778" classname="com.freshproposals.selenium.Signature_Duplicate_Template">
    <failure type="org.openqa.selenium.NoSuchElementException" message="Cannot locate an element using xpath=/html[1]/body[1]/app-root[1]/app-home[1]/div[1]/div[5]/div[1]/app-edit-template[1]/div[1]/div[2]/div[2]/div[1]/div[1]/app-edit-section[2]/div[2]/div[1]/div[2]/div[1]/div[1]/div[1]/app-sections-page[1]/a[1]/div[1]/div[1]/div[1]/app-fpsignature[2]/div[1]/div[1]/div[1]
For documentation on this error, please visit: https://www.seleniumhq.org/exceptions/no_such_element.html
Build info: version: &amp;apos;3.141.59&amp;apos;, revision: &amp;apos;e82be7d358&amp;apos;, time: &amp;apos;2018-11-14T08:25:53&amp;apos;
System info: host: &amp;apos;DESKTOP-0FSTDRC&amp;apos;, ip: &amp;apos;192.168.43.60&amp;apos;, os.name: &amp;apos;Windows 8.1&amp;apos;, os.arch: &amp;apos;amd64&amp;apos;, os.version: &amp;apos;6.3&amp;apos;, java.version: &amp;apos;1.8.0_25&amp;apos;
Driver info: driver.version: RemoteWebDriver">
      <![CDATA[org.openqa.selenium.NoSuchElementException: Cannot locate an element using xpath=/html[1]/body[1]/app-root[1]/app-home[1]/div[1]/div[5]/div[1]/app-edit-template[1]/div[1]/div[2]/div[2]/div[1]/div[1]/app-edit-section[2]/div[2]/div[1]/div[2]/div[1]/div[1]/div[1]/app-sections-page[1]/a[1]/div[1]/div[1]/div[1]/app-fpsignature[2]/div[1]/div[1]/div[1]
For documentation on this error, please visit: https://www.seleniumhq.org/exceptions/no_such_element.html
Build info: version: '3.141.59', revision: 'e82be7d358', time: '2018-11-14T08:25:53'
System info: host: 'DESKTOP-0FSTDRC', ip: '192.168.43.60', os.name: 'Windows 8.1', os.arch: 'amd64', os.version: '6.3', java.version: '1.8.0_25'
Driver info: driver.version: RemoteWebDriver
at org.openqa.selenium.remote.RemoteWebDriver.findElement(RemoteWebDriver.java:327)
at org.openqa.selenium.remote.RemoteWebDriver.findElementByXPath(RemoteWebDriver.java:428)
at org.openqa.selenium.By$ByXPath.findElement(By.java:353)
at org.openqa.selenium.remote.RemoteWebDriver.findElement(RemoteWebDriver.java:315)
at com.freshproposals.selenium.Signature_Duplicate_Template.clear(Signature_Duplicate_Template.java:137)
at java.util.ArrayList.forEach(Unknown Source)
... Removed 28 stack frames]]>
    </failure>
  </testcase> <!-- clear -->
  <testcase name="reset_sign_1" time="9.024" classname="com.freshproposals.selenium.Signature_Duplicate_Template">
    <failure type="org.openqa.selenium.WebDriverException" message="chrome not reachable
  (Session info: chrome=80.0.3987.132)
Build info: version: &amp;apos;3.141.59&amp;apos;, revision: &amp;apos;e82be7d358&amp;apos;, time: &amp;apos;2018-11-14T08:25:53&amp;apos;
System info: host: &amp;apos;DESKTOP-0FSTDRC&amp;apos;, ip: &amp;apos;192.168.43.60&amp;apos;, os.name: &amp;apos;Windows 8.1&amp;apos;, os.arch: &amp;apos;amd64&amp;apos;, os.version: &amp;apos;6.3&amp;apos;, java.version: &amp;apos;1.8.0_25&amp;apos;
Driver info: org.openqa.selenium.chrome.ChromeDriver
Capabilities {acceptInsecureCerts: false, browserName: chrome, browserVersion: 80.0.3987.132, chrome: {chromedriverVersion: 80.0.3987.106 (f68069574609..., userDataDir: C:\Users\user\AppData\Local...}, goog:chromeOptions: {debuggerAddress: localhost:61942}, javascriptEnabled: true, networkConnectionEnabled: false, pageLoadStrategy: normal, platform: WINDOWS, platformName: WINDOWS, proxy: Proxy(), setWindowRect: true, strictFileInteractability: false, timeouts: {implicit: 0, pageLoad: 300000, script: 30000}, unhandledPromptBehavior: dismiss and notify}
Session ID: 32d60ac50e36c04326b1a226c7427f75
*** Element info: {Using=id, value=page1-fpSign1226201911324022}">
      <![CDATA[org.openqa.selenium.WebDriverException: chrome not reachable
  (Session info: chrome=80.0.3987.132)
Build info: version: '3.141.59', revision: 'e82be7d358', time: '2018-11-14T08:25:53'
System info: host: 'DESKTOP-0FSTDRC', ip: '192.168.43.60', os.name: 'Windows 8.1', os.arch: 'amd64', os.version: '6.3', java.version: '1.8.0_25'
Driver info: org.openqa.selenium.chrome.ChromeDriver
Capabilities {acceptInsecureCerts: false, browserName: chrome, browserVersion: 80.0.3987.132, chrome: {chromedriverVersion: 80.0.3987.106 (f68069574609..., userDataDir: C:\Users\user\AppData\Local...}, goog:chromeOptions: {debuggerAddress: localhost:61942}, javascriptEnabled: true, networkConnectionEnabled: false, pageLoadStrategy: normal, platform: WINDOWS, platformName: WINDOWS, proxy: Proxy(), setWindowRect: true, strictFileInteractability: false, timeouts: {implicit: 0, pageLoad: 300000, script: 30000}, unhandledPromptBehavior: dismiss and notify}
Session ID: 32d60ac50e36c04326b1a226c7427f75
*** Element info: {Using=id, value=page1-fpSign1226201911324022}
at org.openqa.selenium.remote.http.W3CHttpResponseCodec.createException(W3CHttpResponseCodec.java:187)
at org.openqa.selenium.remote.http.W3CHttpResponseCodec.decode(W3CHttpResponseCodec.java:122)
at org.openqa.selenium.remote.http.W3CHttpResponseCodec.decode(W3CHttpResponseCodec.java:49)
at org.openqa.selenium.remote.HttpCommandExecutor.execute(HttpCommandExecutor.java:158)
at org.openqa.selenium.remote.service.DriverCommandExecutor.execute(DriverCommandExecutor.java:83)
at org.openqa.selenium.remote.RemoteWebDriver.execute(RemoteWebDriver.java:552)
at org.openqa.selenium.remote.RemoteWebDriver.findElement(RemoteWebDriver.java:323)
at org.openqa.selenium.remote.RemoteWebDriver.findElementById(RemoteWebDriver.java:372)
at org.openqa.selenium.By$ById.findElement(By.java:188)
at org.openqa.selenium.remote.RemoteWebDriver.findElement(RemoteWebDriver.java:315)
at com.freshproposals.selenium.Signature_Duplicate_Template.reset_sign_1(Signature_Duplicate_Template.java:146)
at java.util.ArrayList.forEach(Unknown Source)
... Removed 32 stack frames]]>
    </failure>
  </testcase> <!-- reset_sign_1 -->
  <testcase name="Save2" time="6.03" classname="com.freshproposals.selenium.Signature_Duplicate_Template">
    <failure type="org.openqa.selenium.WebDriverException" message="chrome not reachable
  (Session info: chrome=80.0.3987.132)
Build info: version: &amp;apos;3.141.59&amp;apos;, revision: &amp;apos;e82be7d358&amp;apos;, time: &amp;apos;2018-11-14T08:25:53&amp;apos;
System info: host: &amp;apos;DESKTOP-0FSTDRC&amp;apos;, ip: &amp;apos;192.168.43.60&amp;apos;, os.name: &amp;apos;Windows 8.1&amp;apos;, os.arch: &amp;apos;amd64&amp;apos;, os.version: &amp;apos;6.3&amp;apos;, java.version: &amp;apos;1.8.0_25&amp;apos;
Driver info: org.openqa.selenium.chrome.ChromeDriver
Capabilities {acceptInsecureCerts: false, browserName: chrome, browserVersion: 80.0.3987.132, chrome: {chromedriverVersion: 80.0.3987.106 (f68069574609..., userDataDir: C:\Users\user\AppData\Local...}, goog:chromeOptions: {debuggerAddress: localhost:61942}, javascriptEnabled: true, networkConnectionEnabled: false, pageLoadStrategy: normal, platform: WINDOWS, platformName: WINDOWS, proxy: Proxy(), setWindowRect: true, strictFileInteractability: false, timeouts: {implicit: 0, pageLoad: 300000, script: 30000}, unhandledPromptBehavior: dismiss and notify}
Session ID: 32d60ac50e36c04326b1a226c7427f75
*** Element info: {Using=xpath, value=//button[contains(text(),&amp;apos;Save&amp;apos;)]}">
      <![CDATA[org.openqa.selenium.WebDriverException: chrome not reachable
  (Session info: chrome=80.0.3987.132)
Build info: version: '3.141.59', revision: 'e82be7d358', time: '2018-11-14T08:25:53'
System info: host: 'DESKTOP-0FSTDRC', ip: '192.168.43.60', os.name: 'Windows 8.1', os.arch: 'amd64', os.version: '6.3', java.version: '1.8.0_25'
Driver info: org.openqa.selenium.chrome.ChromeDriver
Capabilities {acceptInsecureCerts: false, browserName: chrome, browserVersion: 80.0.3987.132, chrome: {chromedriverVersion: 80.0.3987.106 (f68069574609..., userDataDir: C:\Users\user\AppData\Local...}, goog:chromeOptions: {debuggerAddress: localhost:61942}, javascriptEnabled: true, networkConnectionEnabled: false, pageLoadStrategy: normal, platform: WINDOWS, platformName: WINDOWS, proxy: Proxy(), setWindowRect: true, strictFileInteractability: false, timeouts: {implicit: 0, pageLoad: 300000, script: 30000}, unhandledPromptBehavior: dismiss and notify}
Session ID: 32d60ac50e36c04326b1a226c7427f75
*** Element info: {Using=xpath, value=//button[contains(text(),'Save')]}
at org.openqa.selenium.remote.http.W3CHttpResponseCodec.createException(W3CHttpResponseCodec.java:187)
at org.openqa.selenium.remote.http.W3CHttpResponseCodec.decode(W3CHttpResponseCodec.java:122)
at org.openqa.selenium.remote.http.W3CHttpResponseCodec.decode(W3CHttpResponseCodec.java:49)
at org.openqa.selenium.remote.HttpCommandExecutor.execute(HttpCommandExecutor.java:158)
at org.openqa.selenium.remote.service.DriverCommandExecutor.execute(DriverCommandExecutor.java:83)
at org.openqa.selenium.remote.RemoteWebDriver.execute(RemoteWebDriver.java:552)
at org.openqa.selenium.remote.RemoteWebDriver.findElement(RemoteWebDriver.java:323)
at org.openqa.selenium.remote.RemoteWebDriver.findElementByXPath(RemoteWebDriver.java:428)
at org.openqa.selenium.By$ByXPath.findElement(By.java:353)
at org.openqa.selenium.remote.RemoteWebDriver.findElement(RemoteWebDriver.java:315)
at com.freshproposals.selenium.Signature_Duplicate_Template.Save2(Signature_Duplicate_Template.java:156)
at java.util.ArrayList.forEach(Unknown Source)
... Removed 32 stack frames]]>
    </failure>
  </testcase> <!-- Save2 -->
  <testcase name="login" time="0.0" classname="com.freshproposals.selenium.Rectangle_Duplicate_Proposal">
    <skipped/>
  </testcase> <!-- login -->
  <testcase name="open_Template" time="0.0" classname="com.freshproposals.selenium.Rectangle_Duplicate_Proposal">
    <skipped/>
  </testcase> <!-- open_Template -->
  <testcase name="height_width" time="0.0" classname="com.freshproposals.selenium.Rectangle_Duplicate_Proposal">
    <skipped/>
  </testcase> <!-- height_width -->
  <testcase name="assert_width_1" time="0.0" classname="com.freshproposals.selenium.Rectangle_Duplicate_Proposal">
    <skipped/>
  </testcase> <!-- assert_width_1 -->
  <testcase name="assert_height_1" time="0.0" classname="com.freshproposals.selenium.Rectangle_Duplicate_Proposal">
    <skipped/>
  </testcase> <!-- assert_height_1 -->
  <testcase name="duplicate" time="0.0" classname="com.freshproposals.selenium.Rectangle_Duplicate_Proposal">
    <skipped/>
  </testcase> <!-- duplicate -->
  <testcase name="DragDrop" time="0.0" classname="com.freshproposals.selenium.Rectangle_Duplicate_Proposal">
    <skipped/>
  </testcase> <!-- DragDrop -->
  <testcase name="assert_width_2" time="0.0" classname="com.freshproposals.selenium.Rectangle_Duplicate_Proposal">
    <skipped/>
  </testcase> <!-- assert_width_2 -->
  <testcase name="assert_height_2" time="0.0" classname="com.freshproposals.selenium.Rectangle_Duplicate_Proposal">
    <skipped/>
  </testcase> <!-- assert_height_2 -->
  <testcase name="Save" time="0.0" classname="com.freshproposals.selenium.Rectangle_Duplicate_Proposal">
    <skipped/>
  </testcase> <!-- Save -->
  <testcase name="clear" time="0.0" classname="com.freshproposals.selenium.Rectangle_Duplicate_Proposal">
    <skipped/>
  </testcase> <!-- clear -->
  <testcase name="reset_sign_1" time="0.0" classname="com.freshproposals.selenium.Rectangle_Duplicate_Proposal">
    <skipped/>
  </testcase> <!-- reset_sign_1 -->
  <testcase name="Save2" time="0.0" classname="com.freshproposals.selenium.Rectangle_Duplicate_Proposal">
    <skipped/>
  </testcase> <!-- Save2 -->
  <testcase name="login" time="0.0" classname="com.freshproposals.selenium.Rectangle_Duplicate_Section">
    <skipped/>
  </testcase> <!-- login -->
  <testcase name="open_Template" time="0.0" classname="com.freshproposals.selenium.Rectangle_Duplicate_Section">
    <skipped/>
  </testcase> <!-- open_Template -->
  <testcase name="height_width" time="0.0" classname="com.freshproposals.selenium.Rectangle_Duplicate_Section">
    <skipped/>
  </testcase> <!-- height_width -->
  <testcase name="assert_width_1" time="0.0" classname="com.freshproposals.selenium.Rectangle_Duplicate_Section">
    <skipped/>
  </testcase> <!-- assert_width_1 -->
  <testcase name="assert_height_1" time="0.0" classname="com.freshproposals.selenium.Rectangle_Duplicate_Section">
    <skipped/>
  </testcase> <!-- assert_height_1 -->
  <testcase name="duplicate" time="0.0" classname="com.freshproposals.selenium.Rectangle_Duplicate_Section">
    <skipped/>
  </testcase> <!-- duplicate -->
  <testcase name="DragDrop" time="0.0" classname="com.freshproposals.selenium.Rectangle_Duplicate_Section">
    <skipped/>
  </testcase> <!-- DragDrop -->
  <testcase name="assert_width_2" time="0.0" classname="com.freshproposals.selenium.Rectangle_Duplicate_Section">
    <skipped/>
  </testcase> <!-- assert_width_2 -->
  <testcase name="assert_height_2" time="0.0" classname="com.freshproposals.selenium.Rectangle_Duplicate_Section">
    <skipped/>
  </testcase> <!-- assert_height_2 -->
  <testcase name="Save" time="0.0" classname="com.freshproposals.selenium.Rectangle_Duplicate_Section">
    <skipped/>
  </testcase> <!-- Save -->
  <testcase name="clear" time="0.0" classname="com.freshproposals.selenium.Rectangle_Duplicate_Section">
    <skipped/>
  </testcase> <!-- clear -->
  <testcase name="reset_sign_1" time="0.0" classname="com.freshproposals.selenium.Rectangle_Duplicate_Section">
    <skipped/>
  </testcase> <!-- reset_sign_1 -->
  <testcase name="Save2" time="0.0" classname="com.freshproposals.selenium.Rectangle_Duplicate_Section">
    <skipped/>
  </testcase> <!-- Save2 -->
  <testcase name="login" time="0.0" classname="com.freshproposals.selenium.Rectangle_Duplicate_Template">
    <skipped/>
  </testcase> <!-- login -->
  <testcase name="open_Template" time="0.0" classname="com.freshproposals.selenium.Rectangle_Duplicate_Template">
    <skipped/>
  </testcase> <!-- open_Template -->
  <testcase name="height_width" time="0.0" classname="com.freshproposals.selenium.Rectangle_Duplicate_Template">
    <skipped/>
  </testcase> <!-- height_width -->
  <testcase name="assert_width_1" time="0.0" classname="com.freshproposals.selenium.Rectangle_Duplicate_Template">
    <skipped/>
  </testcase> <!-- assert_width_1 -->
  <testcase name="assert_height_1" time="0.0" classname="com.freshproposals.selenium.Rectangle_Duplicate_Template">
    <skipped/>
  </testcase> <!-- assert_height_1 -->
  <testcase name="duplicate" time="0.0" classname="com.freshproposals.selenium.Rectangle_Duplicate_Template">
    <skipped/>
  </testcase> <!-- duplicate -->
  <testcase name="DragDrop" time="0.0" classname="com.freshproposals.selenium.Rectangle_Duplicate_Template">
    <skipped/>
  </testcase> <!-- DragDrop -->
  <testcase name="assert_width_2" time="0.0" classname="com.freshproposals.selenium.Rectangle_Duplicate_Template">
    <skipped/>
  </testcase> <!-- assert_width_2 -->
  <testcase name="assert_height_2" time="0.0" classname="com.freshproposals.selenium.Rectangle_Duplicate_Template">
    <skipped/>
  </testcase> <!-- assert_height_2 -->
  <testcase name="Save" time="0.0" classname="com.freshproposals.selenium.Rectangle_Duplicate_Template">
    <skipped/>
  </testcase> <!-- Save -->
  <testcase name="clear" time="0.0" classname="com.freshproposals.selenium.Rectangle_Duplicate_Template">
    <skipped/>
  </testcase> <!-- clear -->
  <testcase name="reset_sign_1" time="0.0" classname="com.freshproposals.selenium.Rectangle_Duplicate_Template">
    <skipped/>
  </testcase> <!-- reset_sign_1 -->
  <testcase name="Save2" time="0.0" classname="com.freshproposals.selenium.Rectangle_Duplicate_Template">
    <skipped/>
  </testcase> <!-- Save2 -->
  <testcase name="login" time="0.695" classname="com.freshproposals.selenium.TextBox_Duplicate_Proposal"/>
  <testcase name="open_Proposal" time="42.502" classname="com.freshproposals.selenium.TextBox_Duplicate_Proposal"/>
  <testcase name="write" time="4.249" classname="com.freshproposals.selenium.TextBox_Duplicate_Proposal">
    <failure type="org.openqa.selenium.ElementClickInterceptedException" message="element click intercepted: Element &amp;lt;div _ngcontent-rmv-c28=&amp;quot;&amp;quot; class=&amp;quot;Quote highlight fr-box&amp;quot; id=&amp;quot;froalapage1-fpText12242019155138100&amp;quot; style=&amp;quot;height: inherit; padding: 0px; --fpHeading1-varfont-size:36px; --fpHeading1-varfont-family:Nunito; --fpHeading1-varfont-weight:Normal; --fpHeading1-varfont-style:Normal; --fpHeading1-varcolor:#034e5d; --fpHeading1-vartext-decoration:none; --fpHeading2-varfont-size:28px; --fpHeading2-varfont-family:Montserrat; --fpHeading2-varfont-weight:Bold; --fpHeading2-varfont-style:Normal; --fpHeading2-varcolor:#00422d; --fpHeading2-vartext-decoration:none; --fpHeading3-varfont-size:20px; --fpHeading3-varfont-family:Lato; --fpHeading3-varfont-weight:Normal; --fpHeading3-varfont-style:Bold; --fpHeading3-varcolor:#616463; --fpHeading3-vartext-decoration:none; --fpHeading4-varfont-size:16px; --fpHeading4-varfont-family:Poppins; --fpHeading4-varfont-weight:Normal; --fpHeading4-varfont-style:Bold; --fpHeading4-varcolor:#c93c62; --fpHeading4-vartext-decoration:none; --fpBody-varfont-size:14px; --fpBody-varfont-family:Roboto; --fpBody-varfont-weight:Normal; --fpBody-varfont-style:Normal; --fpBody-varcolor:#000000; --fpBody-vartext-decoration:none; --fpQuote-varfont-size:14px; --fpQuote-varfont-family:Montserrat; --fpQuote-varfont-weight:Bold; --fpQuote-varfont-style:Italic; --fpQuote-varcolor:#000000; --fpQuote-vartext-decoration:none;&amp;quot; role=&amp;quot;application&amp;quot;&amp;gt;...&amp;lt;/div&amp;gt; is not clickable at point (592, 321). Other element would receive the click: &amp;lt;div _ngcontent-rmv-c28=&amp;quot;&amp;quot; class=&amp;quot;Quote highlight fr-box&amp;quot; id=&amp;quot;froalapage1-fpText227202022231657&amp;quot; style=&amp;quot;height: inherit; padding: 0px; --fpHeading1-varfont-size:36px; --fpHeading1-varfont-family:Nunito; --fpHeading1-varfont-weight:Normal; --fpHeading1-varfont-style:Normal; --fpHeading1-varcolor:#034e5d; --fpHeading1-vartext-decoration:none; --fpHeading2-varfont-size:28px; --fpHeading2-varfont-family:Montserrat; --fpHeading2-varfont-weight:Bold; --fpHeading2-varfont-style:Normal; --fpHeading2-varcolor:#00422d; --fpHeading2-vartext-decoration:none; --fpHeading3-varfont-size:20px; --fpHeading3-varfont-family:Lato; --fpHeading3-varfont-weight:Normal; --fpHeading3-varfont-style:Bold; --fpHeading3-varcolor:#616463; --fpHeading3-vartext-decoration:none; --fpHeading4-varfont-size:16px; --fpHeading4-varfont-family:Poppins; --fpHeading4-varfont-weight:Normal; --fpHeading4-varfont-style:Bold; --fpHeading4-varcolor:#c93c62; --fpHeading4-vartext-decoration:none; --fpBody-varfont-size:14px; --fpBody-varfont-family:Roboto; --fpBody-varfont-weight:Normal; --fpBody-varfont-style:Normal; --fpBody-varcolor:#000000; --fpBody-vartext-decoration:none; --fpQuote-varfont-size:14px; --fpQuote-varfont-family:Montserrat; --fpQuote-varfont-weight:Bold; --fpQuote-varfont-style:Italic; --fpQuote-varcolor:#000000; --fpQuote-vartext-decoration:none;&amp;quot; role=&amp;quot;application&amp;quot;&amp;gt;...&amp;lt;/div&amp;gt;
  (Session info: chrome=80.0.3987.132)
Build info: version: &amp;apos;3.141.59&amp;apos;, revision: &amp;apos;e82be7d358&amp;apos;, time: &amp;apos;2018-11-14T08:25:53&amp;apos;
System info: host: &amp;apos;DESKTOP-0FSTDRC&amp;apos;, ip: &amp;apos;192.168.43.60&amp;apos;, os.name: &amp;apos;Windows 8.1&amp;apos;, os.arch: &amp;apos;amd64&amp;apos;, os.version: &amp;apos;6.3&amp;apos;, java.version: &amp;apos;1.8.0_25&amp;apos;
Driver info: org.openqa.selenium.chrome.ChromeDriver
Capabilities {acceptInsecureCerts: false, browserName: chrome, browserVersion: 80.0.3987.132, chrome: {chromedriverVersion: 80.0.3987.106 (f68069574609..., userDataDir: C:\Users\user\AppData\Local...}, goog:chromeOptions: {debuggerAddress: localhost:62244}, javascriptEnabled: true, networkConnectionEnabled: false, pageLoadStrategy: normal, platform: WINDOWS, platformName: WINDOWS, proxy: Proxy(), setWindowRect: true, strictFileInteractability: false, timeouts: {implicit: 0, pageLoad: 300000, script: 30000}, unhandledPromptBehavior: dismiss and notify}
Session ID: df73e0d4711fb71ef3c61032f7218dcc">
      <![CDATA[org.openqa.selenium.ElementClickInterceptedException: element click intercepted: Element <div _ngcontent-rmv-c28="" class="Quote highlight fr-box" id="froalapage1-fpText12242019155138100" style="height: inherit; padding: 0px; --fpHeading1-varfont-size:36px; --fpHeading1-varfont-family:Nunito; --fpHeading1-varfont-weight:Normal; --fpHeading1-varfont-style:Normal; --fpHeading1-varcolor:#034e5d; --fpHeading1-vartext-decoration:none; --fpHeading2-varfont-size:28px; --fpHeading2-varfont-family:Montserrat; --fpHeading2-varfont-weight:Bold; --fpHeading2-varfont-style:Normal; --fpHeading2-varcolor:#00422d; --fpHeading2-vartext-decoration:none; --fpHeading3-varfont-size:20px; --fpHeading3-varfont-family:Lato; --fpHeading3-varfont-weight:Normal; --fpHeading3-varfont-style:Bold; --fpHeading3-varcolor:#616463; --fpHeading3-vartext-decoration:none; --fpHeading4-varfont-size:16px; --fpHeading4-varfont-family:Poppins; --fpHeading4-varfont-weight:Normal; --fpHeading4-varfont-style:Bold; --fpHeading4-varcolor:#c93c62; --fpHeading4-vartext-decoration:none; --fpBody-varfont-size:14px; --fpBody-varfont-family:Roboto; --fpBody-varfont-weight:Normal; --fpBody-varfont-style:Normal; --fpBody-varcolor:#000000; --fpBody-vartext-decoration:none; --fpQuote-varfont-size:14px; --fpQuote-varfont-family:Montserrat; --fpQuote-varfont-weight:Bold; --fpQuote-varfont-style:Italic; --fpQuote-varcolor:#000000; --fpQuote-vartext-decoration:none;" role="application">...</div> is not clickable at point (592, 321). Other element would receive the click: <div _ngcontent-rmv-c28="" class="Quote highlight fr-box" id="froalapage1-fpText227202022231657" style="height: inherit; padding: 0px; --fpHeading1-varfont-size:36px; --fpHeading1-varfont-family:Nunito; --fpHeading1-varfont-weight:Normal; --fpHeading1-varfont-style:Normal; --fpHeading1-varcolor:#034e5d; --fpHeading1-vartext-decoration:none; --fpHeading2-varfont-size:28px; --fpHeading2-varfont-family:Montserrat; --fpHeading2-varfont-weight:Bold; --fpHeading2-varfont-style:Normal; --fpHeading2-varcolor:#00422d; --fpHeading2-vartext-decoration:none; --fpHeading3-varfont-size:20px; --fpHeading3-varfont-family:Lato; --fpHeading3-varfont-weight:Normal; --fpHeading3-varfont-style:Bold; --fpHeading3-varcolor:#616463; --fpHeading3-vartext-decoration:none; --fpHeading4-varfont-size:16px; --fpHeading4-varfont-family:Poppins; --fpHeading4-varfont-weight:Normal; --fpHeading4-varfont-style:Bold; --fpHeading4-varcolor:#c93c62; --fpHeading4-vartext-decoration:none; --fpBody-varfont-size:14px; --fpBody-varfont-family:Roboto; --fpBody-varfont-weight:Normal; --fpBody-varfont-style:Normal; --fpBody-varcolor:#000000; --fpBody-vartext-decoration:none; --fpQuote-varfont-size:14px; --fpQuote-varfont-family:Montserrat; --fpQuote-varfont-weight:Bold; --fpQuote-varfont-style:Italic; --fpQuote-varcolor:#000000; --fpQuote-vartext-decoration:none;" role="application">...</div>
  (Session info: chrome=80.0.3987.132)
Build info: version: '3.141.59', revision: 'e82be7d358', time: '2018-11-14T08:25:53'
System info: host: 'DESKTOP-0FSTDRC', ip: '192.168.43.60', os.name: 'Windows 8.1', os.arch: 'amd64', os.version: '6.3', java.version: '1.8.0_25'
Driver info: org.openqa.selenium.chrome.ChromeDriver
Capabilities {acceptInsecureCerts: false, browserName: chrome, browserVersion: 80.0.3987.132, chrome: {chromedriverVersion: 80.0.3987.106 (f68069574609..., userDataDir: C:\Users\user\AppData\Local...}, goog:chromeOptions: {debuggerAddress: localhost:62244}, javascriptEnabled: true, networkConnectionEnabled: false, pageLoadStrategy: normal, platform: WINDOWS, platformName: WINDOWS, proxy: Proxy(), setWindowRect: true, strictFileInteractability: false, timeouts: {implicit: 0, pageLoad: 300000, script: 30000}, unhandledPromptBehavior: dismiss and notify}
Session ID: df73e0d4711fb71ef3c61032f7218dcc
at org.openqa.selenium.remote.http.W3CHttpResponseCodec.createException(W3CHttpResponseCodec.java:187)
at org.openqa.selenium.remote.http.W3CHttpResponseCodec.decode(W3CHttpResponseCodec.java:122)
at org.openqa.selenium.remote.http.W3CHttpResponseCodec.decode(W3CHttpResponseCodec.java:49)
at org.openqa.selenium.remote.HttpCommandExecutor.execute(HttpCommandExecutor.java:158)
at org.openqa.selenium.remote.service.DriverCommandExecutor.execute(DriverCommandExecutor.java:83)
at org.openqa.selenium.remote.RemoteWebDriver.execute(RemoteWebDriver.java:552)
at org.openqa.selenium.remote.RemoteWebElement.execute(RemoteWebElement.java:285)
at org.openqa.selenium.remote.RemoteWebElement.click(RemoteWebElement.java:84)
at com.freshproposals.selenium.TextBox_Duplicate_Proposal.write(TextBox_Duplicate_Proposal.java:52)
at java.util.ArrayList.forEach(Unknown Source)
... Removed 32 stack frames]]>
    </failure>
  </testcase> <!-- write -->
  <testcase name="duplicate" time="2.759" classname="com.freshproposals.selenium.TextBox_Duplicate_Proposal"/>
  <testcase name="DragDrop" time="53.022" classname="com.freshproposals.selenium.TextBox_Duplicate_Proposal">
    <failure type="org.openqa.selenium.NoSuchElementException" message="no such element: Unable to locate element: {&amp;quot;method&amp;quot;:&amp;quot;xpath&amp;quot;,&amp;quot;selector&amp;quot;:&amp;quot;/html[1]/body[1]/app-root[1]/app-home[1]/div[1]/div[5]/div[1]/app-edit-proposal[1]/div[1]/div[2]/div[2]/div[1]/table[1]/tr[1]/td[1]/div[1]/app-edit-section[2]/div[2]/div[1]/div[2]/div[1]/div[1]/div[1]/app-sections-page[1]/a[1]/div[1]/div[1]/div[1]/app-fptext[2]/div[1]/div[1]/div[1]/div[9]/div[1]&amp;quot;}
  (Session info: chrome=80.0.3987.132)
For documentation on this error, please visit: https://www.seleniumhq.org/exceptions/no_such_element.html
Build info: version: &amp;apos;3.141.59&amp;apos;, revision: &amp;apos;e82be7d358&amp;apos;, time: &amp;apos;2018-11-14T08:25:53&amp;apos;
System info: host: &amp;apos;DESKTOP-0FSTDRC&amp;apos;, ip: &amp;apos;192.168.43.60&amp;apos;, os.name: &amp;apos;Windows 8.1&amp;apos;, os.arch: &amp;apos;amd64&amp;apos;, os.version: &amp;apos;6.3&amp;apos;, java.version: &amp;apos;1.8.0_25&amp;apos;
Driver info: org.openqa.selenium.chrome.ChromeDriver
Capabilities {acceptInsecureCerts: false, browserName: chrome, browserVersion: 80.0.3987.132, chrome: {chromedriverVersion: 80.0.3987.106 (f68069574609..., userDataDir: C:\Users\user\AppData\Local...}, goog:chromeOptions: {debuggerAddress: localhost:62244}, javascriptEnabled: true, networkConnectionEnabled: false, pageLoadStrategy: normal, platform: WINDOWS, platformName: WINDOWS, proxy: Proxy(), setWindowRect: true, strictFileInteractability: false, timeouts: {implicit: 0, pageLoad: 300000, script: 30000}, unhandledPromptBehavior: dismiss and notify}
Session ID: df73e0d4711fb71ef3c61032f7218dcc
*** Element info: {Using=xpath, value=/html[1]/body[1]/app-root[1]/app-home[1]/div[1]/div[5]/div[1]/app-edit-proposal[1]/div[1]/div[2]/div[2]/div[1]/table[1]/tr[1]/td[1]/div[1]/app-edit-section[2]/div[2]/div[1]/div[2]/div[1]/div[1]/div[1]/app-sections-page[1]/a[1]/div[1]/div[1]/div[1]/app-fptext[2]/div[1]/div[1]/div[1]/div[9]/div[1]}">
      <![CDATA[org.openqa.selenium.NoSuchElementException: no such element: Unable to locate element: {"method":"xpath","selector":"/html[1]/body[1]/app-root[1]/app-home[1]/div[1]/div[5]/div[1]/app-edit-proposal[1]/div[1]/div[2]/div[2]/div[1]/table[1]/tr[1]/td[1]/div[1]/app-edit-section[2]/div[2]/div[1]/div[2]/div[1]/div[1]/div[1]/app-sections-page[1]/a[1]/div[1]/div[1]/div[1]/app-fptext[2]/div[1]/div[1]/div[1]/div[9]/div[1]"}
  (Session info: chrome=80.0.3987.132)
For documentation on this error, please visit: https://www.seleniumhq.org/exceptions/no_such_element.html
Build info: version: '3.141.59', revision: 'e82be7d358', time: '2018-11-14T08:25:53'
System info: host: 'DESKTOP-0FSTDRC', ip: '192.168.43.60', os.name: 'Windows 8.1', os.arch: 'amd64', os.version: '6.3', java.version: '1.8.0_25'
Driver info: org.openqa.selenium.chrome.ChromeDriver
Capabilities {acceptInsecureCerts: false, browserName: chrome, browserVersion: 80.0.3987.132, chrome: {chromedriverVersion: 80.0.3987.106 (f68069574609..., userDataDir: C:\Users\user\AppData\Local...}, goog:chromeOptions: {debuggerAddress: localhost:62244}, javascriptEnabled: true, networkConnectionEnabled: false, pageLoadStrategy: normal, platform: WINDOWS, platformName: WINDOWS, proxy: Proxy(), setWindowRect: true, strictFileInteractability: false, timeouts: {implicit: 0, pageLoad: 300000, script: 30000}, unhandledPromptBehavior: dismiss and notify}
Session ID: df73e0d4711fb71ef3c61032f7218dcc
*** Element info: {Using=xpath, value=/html[1]/body[1]/app-root[1]/app-home[1]/div[1]/div[5]/div[1]/app-edit-proposal[1]/div[1]/div[2]/div[2]/div[1]/table[1]/tr[1]/td[1]/div[1]/app-edit-section[2]/div[2]/div[1]/div[2]/div[1]/div[1]/div[1]/app-sections-page[1]/a[1]/div[1]/div[1]/div[1]/app-fptext[2]/div[1]/div[1]/div[1]/div[9]/div[1]}
at org.openqa.selenium.remote.http.W3CHttpResponseCodec.createException(W3CHttpResponseCodec.java:187)
at org.openqa.selenium.remote.http.W3CHttpResponseCodec.decode(W3CHttpResponseCodec.java:122)
at org.openqa.selenium.remote.http.W3CHttpResponseCodec.decode(W3CHttpResponseCodec.java:49)
at org.openqa.selenium.remote.HttpCommandExecutor.execute(HttpCommandExecutor.java:158)
at org.openqa.selenium.remote.service.DriverCommandExecutor.execute(DriverCommandExecutor.java:83)
at org.openqa.selenium.remote.RemoteWebDriver.execute(RemoteWebDriver.java:552)
at org.openqa.selenium.remote.RemoteWebDriver.findElement(RemoteWebDriver.java:323)
at org.openqa.selenium.remote.RemoteWebDriver.findElementByXPath(RemoteWebDriver.java:428)
at org.openqa.selenium.By$ByXPath.findElement(By.java:353)
at org.openqa.selenium.remote.RemoteWebDriver.findElement(RemoteWebDriver.java:315)
at com.freshproposals.selenium.TextBox_Duplicate_Proposal.DragDrop(TextBox_Duplicate_Proposal.java:76)
at java.util.ArrayList.forEach(Unknown Source)
... Removed 32 stack frames]]>
    </failure>
  </testcase> <!-- DragDrop -->
  <testcase name="Save" time="7.817" classname="com.freshproposals.selenium.TextBox_Duplicate_Proposal"/>
  <testcase name="clear" time="55.064" classname="com.freshproposals.selenium.TextBox_Duplicate_Proposal">
    <failure type="org.openqa.selenium.NoSuchElementException" message="no such element: Unable to locate element: {&amp;quot;method&amp;quot;:&amp;quot;xpath&amp;quot;,&amp;quot;selector&amp;quot;:&amp;quot;/html[1]/body[1]/app-root[1]/app-home[1]/div[1]/div[5]/div[1]/app-edit-proposal[1]/div[1]/div[2]/div[2]/div[1]/table[1]/tr[1]/td[1]/div[1]/app-edit-section[2]/div[2]/div[1]/div[2]/div[1]/div[1]/div[1]/app-sections-page[1]/a[1]/div[1]/div[1]/div[1]/app-fptext[2]/div[1]/div[1]/div[1]/div[9]/div[1]&amp;quot;}
  (Session info: chrome=80.0.3987.132)
For documentation on this error, please visit: https://www.seleniumhq.org/exceptions/no_such_element.html
Build info: version: &amp;apos;3.141.59&amp;apos;, revision: &amp;apos;e82be7d358&amp;apos;, time: &amp;apos;2018-11-14T08:25:53&amp;apos;
System info: host: &amp;apos;DESKTOP-0FSTDRC&amp;apos;, ip: &amp;apos;192.168.43.60&amp;apos;, os.name: &amp;apos;Windows 8.1&amp;apos;, os.arch: &amp;apos;amd64&amp;apos;, os.version: &amp;apos;6.3&amp;apos;, java.version: &amp;apos;1.8.0_25&amp;apos;
Driver info: org.openqa.selenium.chrome.ChromeDriver
Capabilities {acceptInsecureCerts: false, browserName: chrome, browserVersion: 80.0.3987.132, chrome: {chromedriverVersion: 80.0.3987.106 (f68069574609..., userDataDir: C:\Users\user\AppData\Local...}, goog:chromeOptions: {debuggerAddress: localhost:62244}, javascriptEnabled: true, networkConnectionEnabled: false, pageLoadStrategy: normal, platform: WINDOWS, platformName: WINDOWS, proxy: Proxy(), setWindowRect: true, strictFileInteractability: false, timeouts: {implicit: 0, pageLoad: 300000, script: 30000}, unhandledPromptBehavior: dismiss and notify}
Session ID: df73e0d4711fb71ef3c61032f7218dcc
*** Element info: {Using=xpath, value=/html[1]/body[1]/app-root[1]/app-home[1]/div[1]/div[5]/div[1]/app-edit-proposal[1]/div[1]/div[2]/div[2]/div[1]/table[1]/tr[1]/td[1]/div[1]/app-edit-section[2]/div[2]/div[1]/div[2]/div[1]/div[1]/div[1]/app-sections-page[1]/a[1]/div[1]/div[1]/div[1]/app-fptext[2]/div[1]/div[1]/div[1]/div[9]/div[1]}">
      <![CDATA[org.openqa.selenium.NoSuchElementException: no such element: Unable to locate element: {"method":"xpath","selector":"/html[1]/body[1]/app-root[1]/app-home[1]/div[1]/div[5]/div[1]/app-edit-proposal[1]/div[1]/div[2]/div[2]/div[1]/table[1]/tr[1]/td[1]/div[1]/app-edit-section[2]/div[2]/div[1]/div[2]/div[1]/div[1]/div[1]/app-sections-page[1]/a[1]/div[1]/div[1]/div[1]/app-fptext[2]/div[1]/div[1]/div[1]/div[9]/div[1]"}
  (Session info: chrome=80.0.3987.132)
For documentation on this error, please visit: https://www.seleniumhq.org/exceptions/no_such_element.html
Build info: version: '3.141.59', revision: 'e82be7d358', time: '2018-11-14T08:25:53'
System info: host: 'DESKTOP-0FSTDRC', ip: '192.168.43.60', os.name: 'Windows 8.1', os.arch: 'amd64', os.version: '6.3', java.version: '1.8.0_25'
Driver info: org.openqa.selenium.chrome.ChromeDriver
Capabilities {acceptInsecureCerts: false, browserName: chrome, browserVersion: 80.0.3987.132, chrome: {chromedriverVersion: 80.0.3987.106 (f68069574609..., userDataDir: C:\Users\user\AppData\Local...}, goog:chromeOptions: {debuggerAddress: localhost:62244}, javascriptEnabled: true, networkConnectionEnabled: false, pageLoadStrategy: normal, platform: WINDOWS, platformName: WINDOWS, proxy: Proxy(), setWindowRect: true, strictFileInteractability: false, timeouts: {implicit: 0, pageLoad: 300000, script: 30000}, unhandledPromptBehavior: dismiss and notify}
Session ID: df73e0d4711fb71ef3c61032f7218dcc
*** Element info: {Using=xpath, value=/html[1]/body[1]/app-root[1]/app-home[1]/div[1]/div[5]/div[1]/app-edit-proposal[1]/div[1]/div[2]/div[2]/div[1]/table[1]/tr[1]/td[1]/div[1]/app-edit-section[2]/div[2]/div[1]/div[2]/div[1]/div[1]/div[1]/app-sections-page[1]/a[1]/div[1]/div[1]/div[1]/app-fptext[2]/div[1]/div[1]/div[1]/div[9]/div[1]}
at org.openqa.selenium.remote.http.W3CHttpResponseCodec.createException(W3CHttpResponseCodec.java:187)
at org.openqa.selenium.remote.http.W3CHttpResponseCodec.decode(W3CHttpResponseCodec.java:122)
at org.openqa.selenium.remote.http.W3CHttpResponseCodec.decode(W3CHttpResponseCodec.java:49)
at org.openqa.selenium.remote.HttpCommandExecutor.execute(HttpCommandExecutor.java:158)
at org.openqa.selenium.remote.service.DriverCommandExecutor.execute(DriverCommandExecutor.java:83)
at org.openqa.selenium.remote.RemoteWebDriver.execute(RemoteWebDriver.java:552)
at org.openqa.selenium.remote.RemoteWebDriver.findElement(RemoteWebDriver.java:323)
at org.openqa.selenium.remote.RemoteWebDriver.findElementByXPath(RemoteWebDriver.java:428)
at org.openqa.selenium.By$ByXPath.findElement(By.java:353)
at org.openqa.selenium.remote.RemoteWebDriver.findElement(RemoteWebDriver.java:315)
at com.freshproposals.selenium.TextBox_Duplicate_Proposal.clear(TextBox_Duplicate_Proposal.java:95)
at java.util.ArrayList.forEach(Unknown Source)
... Removed 32 stack frames]]>
    </failure>
  </testcase> <!-- clear -->
  <testcase name="Save2" time="7.839" classname="com.freshproposals.selenium.TextBox_Duplicate_Proposal"/>
  <testcase name="final_Result" time="1.002" classname="com.freshproposals.selenium.TextBox_Duplicate_Proposal"/>
  <testcase name="login" time="0.0" classname="com.freshproposals.selenium.TextBox_Duplicate_Section">
    <skipped/>
  </testcase> <!-- login -->
  <testcase name="open_Template" time="0.0" classname="com.freshproposals.selenium.TextBox_Duplicate_Section">
    <skipped/>
  </testcase> <!-- open_Template -->
  <testcase name="write" time="0.0" classname="com.freshproposals.selenium.TextBox_Duplicate_Section">
    <skipped/>
  </testcase> <!-- write -->
  <testcase name="duplicate" time="0.0" classname="com.freshproposals.selenium.TextBox_Duplicate_Section">
    <skipped/>
  </testcase> <!-- duplicate -->
  <testcase name="DragDrop" time="0.0" classname="com.freshproposals.selenium.TextBox_Duplicate_Section">
    <skipped/>
  </testcase> <!-- DragDrop -->
  <testcase name="Save" time="0.0" classname="com.freshproposals.selenium.TextBox_Duplicate_Section">
    <skipped/>
  </testcase> <!-- Save -->
  <testcase name="clear" time="0.0" classname="com.freshproposals.selenium.TextBox_Duplicate_Section">
    <skipped/>
  </testcase> <!-- clear -->
  <testcase name="before_save_result" time="0.0" classname="com.freshproposals.selenium.TextBox_Duplicate_Section">
    <skipped/>
  </testcase> <!-- before_save_result -->
  <testcase name="Save2" time="0.0" classname="com.freshproposals.selenium.TextBox_Duplicate_Section">
    <skipped/>
  </testcase> <!-- Save2 -->
  <testcase name="login" time="0.0" classname="com.freshproposals.selenium.TextBox_Duplicate_Template">
    <skipped/>
  </testcase> <!-- login -->
  <testcase name="open_Template" time="0.0" classname="com.freshproposals.selenium.TextBox_Duplicate_Template">
    <skipped/>
  </testcase> <!-- open_Template -->
  <testcase name="write" time="0.0" classname="com.freshproposals.selenium.TextBox_Duplicate_Template">
    <skipped/>
  </testcase> <!-- write -->
  <testcase name="duplicate" time="0.0" classname="com.freshproposals.selenium.TextBox_Duplicate_Template">
    <skipped/>
  </testcase> <!-- duplicate -->
  <testcase name="DragDrop" time="0.0" classname="com.freshproposals.selenium.TextBox_Duplicate_Template">
    <skipped/>
  </testcase> <!-- DragDrop -->
  <testcase name="Save" time="0.0" classname="com.freshproposals.selenium.TextBox_Duplicate_Template">
    <skipped/>
  </testcase> <!-- Save -->
  <testcase name="clear" time="0.0" classname="com.freshproposals.selenium.TextBox_Duplicate_Template">
    <skipped/>
  </testcase> <!-- clear -->
  <testcase name="Save2" time="0.0" classname="com.freshproposals.selenium.TextBox_Duplicate_Template">
    <skipped/>
  </testcase> <!-- Save2 -->
  <testcase name="final_Result" time="0.0" classname="com.freshproposals.selenium.TextBox_Duplicate_Template">
    <skipped/>
  </testcase> <!-- final_Result -->
  <testcase name="login" time="0.0" classname="com.freshproposals.selenium.Ellipse_Duplicate_Proposal">
    <skipped/>
  </testcase> <!-- login -->
  <testcase name="open_Template" time="0.0" classname="com.freshproposals.selenium.Ellipse_Duplicate_Proposal">
    <skipped/>
  </testcase> <!-- open_Template -->
  <testcase name="height_width" time="0.0" classname="com.freshproposals.selenium.Ellipse_Duplicate_Proposal">
    <skipped/>
  </testcase> <!-- height_width -->
  <testcase name="assert_width_1" time="0.0" classname="com.freshproposals.selenium.Ellipse_Duplicate_Proposal">
    <skipped/>
  </testcase> <!-- assert_width_1 -->
  <testcase name="assert_height_1" time="0.0" classname="com.freshproposals.selenium.Ellipse_Duplicate_Proposal">
    <skipped/>
  </testcase> <!-- assert_height_1 -->
  <testcase name="duplicate" time="0.0" classname="com.freshproposals.selenium.Ellipse_Duplicate_Proposal">
    <skipped/>
  </testcase> <!-- duplicate -->
  <testcase name="DragDrop" time="0.0" classname="com.freshproposals.selenium.Ellipse_Duplicate_Proposal">
    <skipped/>
  </testcase> <!-- DragDrop -->
  <testcase name="assert_width_2" time="0.0" classname="com.freshproposals.selenium.Ellipse_Duplicate_Proposal">
    <skipped/>
  </testcase> <!-- assert_width_2 -->
  <testcase name="assert_height_2" time="0.0" classname="com.freshproposals.selenium.Ellipse_Duplicate_Proposal">
    <skipped/>
  </testcase> <!-- assert_height_2 -->
  <testcase name="Save" time="0.0" classname="com.freshproposals.selenium.Ellipse_Duplicate_Proposal">
    <skipped/>
  </testcase> <!-- Save -->
  <testcase name="clear" time="0.0" classname="com.freshproposals.selenium.Ellipse_Duplicate_Proposal">
    <skipped/>
  </testcase> <!-- clear -->
  <testcase name="reset_sign_1" time="0.0" classname="com.freshproposals.selenium.Ellipse_Duplicate_Proposal">
    <skipped/>
  </testcase> <!-- reset_sign_1 -->
  <testcase name="Save2" time="0.0" classname="com.freshproposals.selenium.Ellipse_Duplicate_Proposal">
    <skipped/>
  </testcase> <!-- Save2 -->
  <testcase name="login" time="0.0" classname="com.freshproposals.selenium.Ellipse_Duplicate_Section">
    <skipped/>
  </testcase> <!-- login -->
  <testcase name="open_Template" time="0.0" classname="com.freshproposals.selenium.Ellipse_Duplicate_Section">
    <skipped/>
  </testcase> <!-- open_Template -->
  <testcase name="height_width" time="0.0" classname="com.freshproposals.selenium.Ellipse_Duplicate_Section">
    <skipped/>
  </testcase> <!-- height_width -->
  <testcase name="assert_width_1" time="0.0" classname="com.freshproposals.selenium.Ellipse_Duplicate_Section">
    <skipped/>
  </testcase> <!-- assert_width_1 -->
  <testcase name="assert_height_1" time="0.0" classname="com.freshproposals.selenium.Ellipse_Duplicate_Section">
    <skipped/>
  </testcase> <!-- assert_height_1 -->
  <testcase name="duplicate" time="0.0" classname="com.freshproposals.selenium.Ellipse_Duplicate_Section">
    <skipped/>
  </testcase> <!-- duplicate -->
  <testcase name="DragDrop" time="0.0" classname="com.freshproposals.selenium.Ellipse_Duplicate_Section">
    <skipped/>
  </testcase> <!-- DragDrop -->
  <testcase name="assert_width_2" time="0.0" classname="com.freshproposals.selenium.Ellipse_Duplicate_Section">
    <skipped/>
  </testcase> <!-- assert_width_2 -->
  <testcase name="assert_height_2" time="0.0" classname="com.freshproposals.selenium.Ellipse_Duplicate_Section">
    <skipped/>
  </testcase> <!-- assert_height_2 -->
  <testcase name="Save" time="0.0" classname="com.freshproposals.selenium.Ellipse_Duplicate_Section">
    <skipped/>
  </testcase> <!-- Save -->
  <testcase name="clear" time="0.0" classname="com.freshproposals.selenium.Ellipse_Duplicate_Section">
    <skipped/>
  </testcase> <!-- clear -->
  <testcase name="reset_sign_1" time="0.0" classname="com.freshproposals.selenium.Ellipse_Duplicate_Section">
    <skipped/>
  </testcase> <!-- reset_sign_1 -->
  <testcase name="Save2" time="0.0" classname="com.freshproposals.selenium.Ellipse_Duplicate_Section">
    <skipped/>
  </testcase> <!-- Save2 -->
  <testcase name="login" time="0.0" classname="com.freshproposals.selenium.Ellipse_Duplicate_Template">
    <skipped/>
  </testcase> <!-- login -->
  <testcase name="open_Template" time="0.0" classname="com.freshproposals.selenium.Ellipse_Duplicate_Template">
    <skipped/>
  </testcase> <!-- open_Template -->
  <testcase name="height_width" time="0.0" classname="com.freshproposals.selenium.Ellipse_Duplicate_Template">
    <skipped/>
  </testcase> <!-- height_width -->
  <testcase name="assert_width_1" time="0.0" classname="com.freshproposals.selenium.Ellipse_Duplicate_Template">
    <skipped/>
  </testcase> <!-- assert_width_1 -->
  <testcase name="assert_height_1" time="0.0" classname="com.freshproposals.selenium.Ellipse_Duplicate_Template">
    <skipped/>
  </testcase> <!-- assert_height_1 -->
  <testcase name="duplicate" time="0.0" classname="com.freshproposals.selenium.Ellipse_Duplicate_Template">
    <skipped/>
  </testcase> <!-- duplicate -->
  <testcase name="DragDrop" time="0.0" classname="com.freshproposals.selenium.Ellipse_Duplicate_Template">
    <skipped/>
  </testcase> <!-- DragDrop -->
  <testcase name="assert_width_2" time="0.0" classname="com.freshproposals.selenium.Ellipse_Duplicate_Template">
    <skipped/>
  </testcase> <!-- assert_width_2 -->
  <testcase name="assert_height_2" time="0.0" classname="com.freshproposals.selenium.Ellipse_Duplicate_Template">
    <skipped/>
  </testcase> <!-- assert_height_2 -->
  <testcase name="Save" time="0.0" classname="com.freshproposals.selenium.Ellipse_Duplicate_Template">
    <skipped/>
  </testcase> <!-- Save -->
  <testcase name="clear" time="0.0" classname="com.freshproposals.selenium.Ellipse_Duplicate_Template">
    <skipped/>
  </testcase> <!-- clear -->
  <testcase name="reset_sign_1" time="0.0" classname="com.freshproposals.selenium.Ellipse_Duplicate_Template">
    <skipped/>
  </testcase> <!-- reset_sign_1 -->
  <testcase name="Save2" time="0.0" classname="com.freshproposals.selenium.Ellipse_Duplicate_Template">
    <skipped/>
  </testcase> <!-- Save2 -->
  <testcase name="login" time="0.0" classname="com.freshproposals.selenium.Image_Duplicate_Proposal">
    <skipped/>
  </testcase> <!-- login -->
  <testcase name="open_Template" time="0.0" classname="com.freshproposals.selenium.Image_Duplicate_Proposal">
    <skipped/>
  </testcase> <!-- open_Template -->
  <testcase name="height_width" time="0.0" classname="com.freshproposals.selenium.Image_Duplicate_Proposal">
    <skipped/>
  </testcase> <!-- height_width -->
  <testcase name="assert_width_1" time="0.0" classname="com.freshproposals.selenium.Image_Duplicate_Proposal">
    <skipped/>
  </testcase> <!-- assert_width_1 -->
  <testcase name="duplicate" time="0.0" classname="com.freshproposals.selenium.Image_Duplicate_Proposal">
    <skipped/>
  </testcase> <!-- duplicate -->
  <testcase name="DragDrop" time="0.0" classname="com.freshproposals.selenium.Image_Duplicate_Proposal">
    <skipped/>
  </testcase> <!-- DragDrop -->
  <testcase name="assert_width_2" time="0.0" classname="com.freshproposals.selenium.Image_Duplicate_Proposal">
    <skipped/>
  </testcase> <!-- assert_width_2 -->
  <testcase name="Save" time="0.0" classname="com.freshproposals.selenium.Image_Duplicate_Proposal">
    <skipped/>
  </testcase> <!-- Save -->
  <testcase name="clear" time="0.0" classname="com.freshproposals.selenium.Image_Duplicate_Proposal">
    <skipped/>
  </testcase> <!-- clear -->
  <testcase name="reset_sign_1" time="0.0" classname="com.freshproposals.selenium.Image_Duplicate_Proposal">
    <skipped/>
  </testcase> <!-- reset_sign_1 -->
  <testcase name="Save2" time="0.0" classname="com.freshproposals.selenium.Image_Duplicate_Proposal">
    <skipped/>
  </testcase> <!-- Save2 -->
  <testcase name="login" time="0.0" classname="com.freshproposals.selenium.Image_Duplicate_Section">
    <skipped/>
  </testcase> <!-- login -->
  <testcase name="open_Template" time="0.0" classname="com.freshproposals.selenium.Image_Duplicate_Section">
    <skipped/>
  </testcase> <!-- open_Template -->
  <testcase name="height_width" time="0.0" classname="com.freshproposals.selenium.Image_Duplicate_Section">
    <skipped/>
  </testcase> <!-- height_width -->
  <testcase name="assert_width_1" time="0.0" classname="com.freshproposals.selenium.Image_Duplicate_Section">
    <skipped/>
  </testcase> <!-- assert_width_1 -->
  <testcase name="duplicate" time="0.0" classname="com.freshproposals.selenium.Image_Duplicate_Section">
    <skipped/>
  </testcase> <!-- duplicate -->
  <testcase name="DragDrop" time="0.0" classname="com.freshproposals.selenium.Image_Duplicate_Section">
    <skipped/>
  </testcase> <!-- DragDrop -->
  <testcase name="assert_width_2" time="0.0" classname="com.freshproposals.selenium.Image_Duplicate_Section">
    <skipped/>
  </testcase> <!-- assert_width_2 -->
  <testcase name="Save" time="0.0" classname="com.freshproposals.selenium.Image_Duplicate_Section">
    <skipped/>
  </testcase> <!-- Save -->
  <testcase name="clear" time="0.0" classname="com.freshproposals.selenium.Image_Duplicate_Section">
    <skipped/>
  </testcase> <!-- clear -->
  <testcase name="reset_sign_1" time="0.0" classname="com.freshproposals.selenium.Image_Duplicate_Section">
    <skipped/>
  </testcase> <!-- reset_sign_1 -->
  <testcase name="Save2" time="0.0" classname="com.freshproposals.selenium.Image_Duplicate_Section">
    <skipped/>
  </testcase> <!-- Save2 -->
  <testcase name="login" time="0.0" classname="com.freshproposals.selenium.Image_Duplicate_Template">
    <skipped/>
  </testcase> <!-- login -->
  <testcase name="open_Template" time="0.0" classname="com.freshproposals.selenium.Image_Duplicate_Template">
    <skipped/>
  </testcase> <!-- open_Template -->
  <testcase name="height_width" time="0.0" classname="com.freshproposals.selenium.Image_Duplicate_Template">
    <skipped/>
  </testcase> <!-- height_width -->
  <testcase name="assert_width_1" time="0.0" classname="com.freshproposals.selenium.Image_Duplicate_Template">
    <skipped/>
  </testcase> <!-- assert_width_1 -->
  <testcase name="duplicate" time="0.0" classname="com.freshproposals.selenium.Image_Duplicate_Template">
    <skipped/>
  </testcase> <!-- duplicate -->
  <testcase name="DragDrop" time="0.0" classname="com.freshproposals.selenium.Image_Duplicate_Template">
    <skipped/>
  </testcase> <!-- DragDrop -->
  <testcase name="assert_width_2" time="0.0" classname="com.freshproposals.selenium.Image_Duplicate_Template">
    <skipped/>
  </testcase> <!-- assert_width_2 -->
  <testcase name="Save" time="0.0" classname="com.freshproposals.selenium.Image_Duplicate_Template">
    <skipped/>
  </testcase> <!-- Save -->
  <testcase name="clear" time="0.0" classname="com.freshproposals.selenium.Image_Duplicate_Template">
    <skipped/>
  </testcase> <!-- clear -->
  <testcase name="reset_sign_1" time="0.0" classname="com.freshproposals.selenium.Image_Duplicate_Template">
    <skipped/>
  </testcase> <!-- reset_sign_1 -->
  <testcase name="Save2" time="0.0" classname="com.freshproposals.selenium.Image_Duplicate_Template">
    <skipped/>
  </testcase> <!-- Save2 -->
</testsuite> <!-- Analytics -->
