<?xml version="1.0" encoding="UTF-8"?>
<!-- Generated by org.testng.reporters.JUnitReportReporter -->
<testsuite skipped="0" hostname="DESKTOP-0FSTDRC" name="com.freshproposals.selenium.TextBox_Duplicate_Template" tests="9" failures="1" timestamp="2020-01-31T18:55:10 IST" time="37.316" errors="1">
  <testcase name="login" time="0.690" classname="com.freshproposals.selenium.TextBox_Duplicate_Template"/>
  <testcase name="open_Template" time="8.127" classname="com.freshproposals.selenium.TextBox_Duplicate_Template"/>
  <testcase name="write" time="6.157" classname="com.freshproposals.selenium.TextBox_Duplicate_Template"/>
  <testcase name="duplicate" time="2.452" classname="com.freshproposals.selenium.TextBox_Duplicate_Template"/>
  <testcase name="DragDrop" time="3.476" classname="com.freshproposals.selenium.TextBox_Duplicate_Template"/>
  <testcase name="Save" time="7.213" classname="com.freshproposals.selenium.TextBox_Duplicate_Template"/>
  <testcase name="clear" time="1.124" classname="com.freshproposals.selenium.TextBox_Duplicate_Template">
    <error type="org.openqa.selenium.ElementClickInterceptedException" message="element click intercepted: Element &lt;div _ngcontent-vvc-c18=&quot;&quot; class=&quot;Quote highlight fr-box&quot; id=&quot;froalapage1-fpText1220201910555324&quot; style=&quot;height: inherit; padding: 0px; --fpHeading1-varfont-size:36px; --fpHeading1-varfont-family:Nunito; --fpHeading1-varfont-weight:Normal; --fpHeading1-varfont-style:Normal; --fpHeading1-varcolor:#034e5d; --fpHeading1-vartext-decoration:none; --fpHeading2-varfont-size:28px; --fpHeading2-varfont-family:Montserrat; --fpHeading2-varfont-weight:Bold; --fpHeading2-varfont-style:Normal; --fpHeading2-varcolor:#00422d; --fpHeading2-vartext-decoration:none; --fpHeading3-varfont-size:20px; --fpHeading3-varfont-family:Lato; --fpHeading3-varfont-weight:Normal; --fpHeading3-varfont-style:Bold; --fpHeading3-varcolor:#616463; --fpHeading3-vartext-decoration:none; --fpHeading4-varfont-size:16px; --fpHeading4-varfont-family:Poppins; --fpHeading4-varfont-weight:Normal; --fpHeading4-varfont-style:Bold; --fpHeading4-varcolor:#c93c62; --fpHeading4-vartext-decoration:none; --fpBody-varfont-size:14px; --fpBody-varfont-family:Roboto; --fpBody-varfont-weight:Normal; --fpBody-varfont-style:Normal; --fpBody-varcolor:#000000; --fpBody-vartext-decoration:none; --fpQuote-varfont-size:14px; --fpQuote-varfont-family:Montserrat; --fpQuote-varfont-weight:Bold; --fpQuote-varfont-style:Italic; --fpQuote-varcolor:#000000; --fpQuote-vartext-decoration:none;&quot; role=&quot;application&quot;&gt;...&lt;/div&gt; is not clickable at point (595, 319). Other element would receive the click: &lt;div class=&quot;fr-element fr-view&quot; dir=&quot;auto&quot; contenteditable=&quot;true&quot; aria-disabled=&quot;false&quot; spellcheck=&quot;true&quot;&gt;...&lt;/div&gt;
  (Session info: chrome=79.0.3945.130)
Build info: version: &#039;3.141.59&#039;, revision: &#039;e82be7d358&#039;, time: &#039;2018-11-14T08:25:53&#039;
System info: host: &#039;DESKTOP-0FSTDRC&#039;, ip: &#039;192.168.0.11&#039;, os.name: &#039;Windows 8.1&#039;, os.arch: &#039;amd64&#039;, os.version: &#039;6.3&#039;, java.version: &#039;1.8.0_25&#039;
Driver info: org.openqa.selenium.chrome.ChromeDriver
Capabilities {acceptInsecureCerts: false, browserName: chrome, browserVersion: 79.0.3945.130, chrome: {chromedriverVersion: 78.0.3904.105 (60e2d8774a81..., userDataDir: C:\Users\user\AppData\Local...}, goog:chromeOptions: {debuggerAddress: localhost:64642}, javascriptEnabled: true, networkConnectionEnabled: false, pageLoadStrategy: normal, platform: XP, platformName: XP, proxy: Proxy(), setWindowRect: true, strictFileInteractability: false, timeouts: {implicit: 0, pageLoad: 300000, script: 30000}, unhandledPromptBehavior: dismiss and notify}
Session ID: 2b5bcc5700c749073b4d314aaad0a360">
      <![CDATA[org.openqa.selenium.ElementClickInterceptedException: element click intercepted: Element <div _ngcontent-vvc-c18="" class="Quote highlight fr-box" id="froalapage1-fpText1220201910555324" style="height: inherit; padding: 0px; --fpHeading1-varfont-size:36px; --fpHeading1-varfont-family:Nunito; --fpHeading1-varfont-weight:Normal; --fpHeading1-varfont-style:Normal; --fpHeading1-varcolor:#034e5d; --fpHeading1-vartext-decoration:none; --fpHeading2-varfont-size:28px; --fpHeading2-varfont-family:Montserrat; --fpHeading2-varfont-weight:Bold; --fpHeading2-varfont-style:Normal; --fpHeading2-varcolor:#00422d; --fpHeading2-vartext-decoration:none; --fpHeading3-varfont-size:20px; --fpHeading3-varfont-family:Lato; --fpHeading3-varfont-weight:Normal; --fpHeading3-varfont-style:Bold; --fpHeading3-varcolor:#616463; --fpHeading3-vartext-decoration:none; --fpHeading4-varfont-size:16px; --fpHeading4-varfont-family:Poppins; --fpHeading4-varfont-weight:Normal; --fpHeading4-varfont-style:Bold; --fpHeading4-varcolor:#c93c62; --fpHeading4-vartext-decoration:none; --fpBody-varfont-size:14px; --fpBody-varfont-family:Roboto; --fpBody-varfont-weight:Normal; --fpBody-varfont-style:Normal; --fpBody-varcolor:#000000; --fpBody-vartext-decoration:none; --fpQuote-varfont-size:14px; --fpQuote-varfont-family:Montserrat; --fpQuote-varfont-weight:Bold; --fpQuote-varfont-style:Italic; --fpQuote-varcolor:#000000; --fpQuote-vartext-decoration:none;" role="application">...</div> is not clickable at point (595, 319). Other element would receive the click: <div class="fr-element fr-view" dir="auto" contenteditable="true" aria-disabled="false" spellcheck="true">...</div>
  (Session info: chrome=79.0.3945.130)
Build info: version: '3.141.59', revision: 'e82be7d358', time: '2018-11-14T08:25:53'
System info: host: 'DESKTOP-0FSTDRC', ip: '192.168.0.11', os.name: 'Windows 8.1', os.arch: 'amd64', os.version: '6.3', java.version: '1.8.0_25'
Driver info: org.openqa.selenium.chrome.ChromeDriver
Capabilities {acceptInsecureCerts: false, browserName: chrome, browserVersion: 79.0.3945.130, chrome: {chromedriverVersion: 78.0.3904.105 (60e2d8774a81..., userDataDir: C:\Users\user\AppData\Local...}, goog:chromeOptions: {debuggerAddress: localhost:64642}, javascriptEnabled: true, networkConnectionEnabled: false, pageLoadStrategy: normal, platform: XP, platformName: XP, proxy: Proxy(), setWindowRect: true, strictFileInteractability: false, timeouts: {implicit: 0, pageLoad: 300000, script: 30000}, unhandledPromptBehavior: dismiss and notify}
Session ID: 2b5bcc5700c749073b4d314aaad0a360
at sun.reflect.NativeConstructorAccessorImpl.newInstance0(Native Method)
at sun.reflect.NativeConstructorAccessorImpl.newInstance(Unknown Source)
at sun.reflect.DelegatingConstructorAccessorImpl.newInstance(Unknown Source)
at java.lang.reflect.Constructor.newInstance(Unknown Source)
at org.openqa.selenium.remote.http.W3CHttpResponseCodec.createException(W3CHttpResponseCodec.java:187)
at org.openqa.selenium.remote.http.W3CHttpResponseCodec.decode(W3CHttpResponseCodec.java:122)
at org.openqa.selenium.remote.http.W3CHttpResponseCodec.decode(W3CHttpResponseCodec.java:49)
at org.openqa.selenium.remote.HttpCommandExecutor.execute(HttpCommandExecutor.java:158)
at org.openqa.selenium.remote.service.DriverCommandExecutor.execute(DriverCommandExecutor.java:83)
at org.openqa.selenium.remote.RemoteWebDriver.execute(RemoteWebDriver.java:552)
at org.openqa.selenium.remote.RemoteWebElement.execute(RemoteWebElement.java:285)
at org.openqa.selenium.remote.RemoteWebElement.click(RemoteWebElement.java:84)
at com.freshproposals.selenium.TextBox_Duplicate_Template.clear(TextBox_Duplicate_Template.java:98)
at sun.reflect.NativeMethodAccessorImpl.invoke0(Native Method)
at sun.reflect.NativeMethodAccessorImpl.invoke(Unknown Source)
at sun.reflect.DelegatingMethodAccessorImpl.invoke(Unknown Source)
at java.lang.reflect.Method.invoke(Unknown Source)
at org.testng.internal.MethodInvocationHelper.invokeMethod(MethodInvocationHelper.java:133)
at org.testng.internal.TestInvoker.invokeMethod(TestInvoker.java:584)
at org.testng.internal.TestInvoker.invokeTestMethod(TestInvoker.java:172)
at org.testng.internal.MethodRunner.runInSequence(MethodRunner.java:46)
at org.testng.internal.TestInvoker$MethodInvocationAgent.invoke(TestInvoker.java:804)
at org.testng.internal.TestInvoker.invokeTestMethods(TestInvoker.java:145)
at org.testng.internal.TestMethodWorker.invokeTestMethods(TestMethodWorker.java:146)
at org.testng.internal.TestMethodWorker.run(TestMethodWorker.java:128)
at org.testng.TestRunner$$Lambda$45/648680157.accept(Unknown Source)
at java.util.ArrayList.forEach(Unknown Source)
at org.testng.TestRunner.privateRun(TestRunner.java:770)
at org.testng.TestRunner.run(TestRunner.java:591)
at org.testng.SuiteRunner.runTest(SuiteRunner.java:402)
at org.testng.SuiteRunner.runSequentially(SuiteRunner.java:396)
at org.testng.SuiteRunner.privateRun(SuiteRunner.java:355)
at org.testng.SuiteRunner.run(SuiteRunner.java:304)
at org.testng.SuiteRunnerWorker.runSuite(SuiteRunnerWorker.java:53)
at org.testng.SuiteRunnerWorker.run(SuiteRunnerWorker.java:96)
at org.testng.TestNG.runSuitesSequentially(TestNG.java:1180)
at org.testng.TestNG.runSuitesLocally(TestNG.java:1102)
at org.testng.TestNG.runSuites(TestNG.java:1032)
at org.testng.TestNG.run(TestNG.java:1000)
at org.testng.remote.AbstractRemoteTestNG.run(AbstractRemoteTestNG.java:115)
at org.testng.remote.RemoteTestNG.initAndRun(RemoteTestNG.java:251)
at org.testng.remote.RemoteTestNG.main(RemoteTestNG.java:77)
]]>
    </error>
  </testcase> <!-- clear -->
  <testcase name="Save2" time="7.067" classname="com.freshproposals.selenium.TextBox_Duplicate_Template"/>
  <testcase name="final_Result" time="1.010" classname="com.freshproposals.selenium.TextBox_Duplicate_Template">
    <failure type="java.lang.AssertionError" message="did not expect to find [null] but found [Testing on Duplicate]">
      <![CDATA[java.lang.AssertionError: did not expect to find [null] but found [Testing on Duplicate]
at org.testng.Assert.fail(Assert.java:97)
at org.testng.Assert.failNotEquals(Assert.java:969)
at org.testng.Assert.assertEqualsImpl(Assert.java:131)
at org.testng.Assert.assertEquals(Assert.java:118)
at org.testng.Assert.assertEquals(Assert.java:575)
at org.testng.Assert.assertEquals(Assert.java:585)
at com.freshproposals.selenium.TextBox_Duplicate_Template.final_Result(TextBox_Duplicate_Template.java:122)
at sun.reflect.NativeMethodAccessorImpl.invoke0(Native Method)
at sun.reflect.NativeMethodAccessorImpl.invoke(Unknown Source)
at sun.reflect.DelegatingMethodAccessorImpl.invoke(Unknown Source)
at java.lang.reflect.Method.invoke(Unknown Source)
at org.testng.internal.MethodInvocationHelper.invokeMethod(MethodInvocationHelper.java:133)
at org.testng.internal.TestInvoker.invokeMethod(TestInvoker.java:584)
at org.testng.internal.TestInvoker.invokeTestMethod(TestInvoker.java:172)
at org.testng.internal.MethodRunner.runInSequence(MethodRunner.java:46)
at org.testng.internal.TestInvoker$MethodInvocationAgent.invoke(TestInvoker.java:804)
at org.testng.internal.TestInvoker.invokeTestMethods(TestInvoker.java:145)
at org.testng.internal.TestMethodWorker.invokeTestMethods(TestMethodWorker.java:146)
at org.testng.internal.TestMethodWorker.run(TestMethodWorker.java:128)
at org.testng.TestRunner$$Lambda$45/648680157.accept(Unknown Source)
at java.util.ArrayList.forEach(Unknown Source)
at org.testng.TestRunner.privateRun(TestRunner.java:770)
at org.testng.TestRunner.run(TestRunner.java:591)
at org.testng.SuiteRunner.runTest(SuiteRunner.java:402)
at org.testng.SuiteRunner.runSequentially(SuiteRunner.java:396)
at org.testng.SuiteRunner.privateRun(SuiteRunner.java:355)
at org.testng.SuiteRunner.run(SuiteRunner.java:304)
at org.testng.SuiteRunnerWorker.runSuite(SuiteRunnerWorker.java:53)
at org.testng.SuiteRunnerWorker.run(SuiteRunnerWorker.java:96)
at org.testng.TestNG.runSuitesSequentially(TestNG.java:1180)
at org.testng.TestNG.runSuitesLocally(TestNG.java:1102)
at org.testng.TestNG.runSuites(TestNG.java:1032)
at org.testng.TestNG.run(TestNG.java:1000)
at org.testng.remote.AbstractRemoteTestNG.run(AbstractRemoteTestNG.java:115)
at org.testng.remote.RemoteTestNG.initAndRun(RemoteTestNG.java:251)
at org.testng.remote.RemoteTestNG.main(RemoteTestNG.java:77)
]]>
    </failure>
  </testcase> <!-- final_Result -->
</testsuite> <!-- com.freshproposals.selenium.TextBox_Duplicate_Template -->
