<?xml version="1.0" encoding="UTF-8"?>
<!-- Generated by org.testng.reporters.JUnitReportReporter -->
<testsuite skipped="0" hostname="DESKTOP-0FSTDRC" name="com.freshproposals.selenium.Existing_Single_Image" tests="21" failures="1" timestamp="2020-01-03T11:19:36 IST" time="93.060" errors="0">
  <testcase name="login" time="0.618" classname="com.freshproposals.selenium.Existing_Single_Image"/>
  <testcase name="openExistTemplate" time="15.578" classname="com.freshproposals.selenium.Existing_Single_Image"/>
  <testcase name="width" time="4.486" classname="com.freshproposals.selenium.Existing_Single_Image"/>
  <testcase name="Save_width" time="12.443" classname="com.freshproposals.selenium.Existing_Single_Image"/>
  <testcase name="reflect_width" time="0.217" classname="com.freshproposals.selenium.Existing_Single_Image"/>
  <testcase name="Reset_width" time="4.383" classname="com.freshproposals.selenium.Existing_Single_Image"/>
  <testcase name="rotate" time="3.328" classname="com.freshproposals.selenium.Existing_Single_Image"/>
  <testcase name="corner" time="0.163" classname="com.freshproposals.selenium.Existing_Single_Image">
    <failure type="java.lang.AssertionError" message="expected [100] but found [50]">
      <![CDATA[java.lang.AssertionError: expected [100] but found [50]
at org.testng.Assert.fail(Assert.java:97)
at org.testng.Assert.assertEqualsImpl(Assert.java:136)
at org.testng.Assert.assertEquals(Assert.java:118)
at org.testng.Assert.assertEquals(Assert.java:575)
at org.testng.Assert.assertEquals(Assert.java:585)
at com.freshproposals.selenium.Existing_Single_Image.corner(Existing_Single_Image.java:165)
at sun.reflect.NativeMethodAccessorImpl.invoke0(Native Method)
at sun.reflect.NativeMethodAccessorImpl.invoke(Unknown Source)
at sun.reflect.DelegatingMethodAccessorImpl.invoke(Unknown Source)
at java.lang.reflect.Method.invoke(Unknown Source)
at org.testng.internal.MethodInvocationHelper.invokeMethod(MethodInvocationHelper.java:133)
at org.testng.internal.TestInvoker.invokeMethod(TestInvoker.java:584)
at org.testng.internal.TestInvoker.invokeTestMethod(TestInvoker.java:172)
at org.testng.internal.MethodRunner.runInSequence(MethodRunner.java:46)
at org.testng.internal.TestInvoker$MethodInvocationAgent.invoke(TestInvoker.java:804)
at org.testng.internal.TestInvoker.invokeTestMethods(TestInvoker.java:145)
at org.testng.internal.TestMethodWorker.invokeTestMethods(TestMethodWorker.java:146)
at org.testng.internal.TestMethodWorker.run(TestMethodWorker.java:128)
at org.testng.TestRunner$$Lambda$45/1791868405.accept(Unknown Source)
at java.util.ArrayList.forEach(Unknown Source)
at org.testng.TestRunner.privateRun(TestRunner.java:770)
at org.testng.TestRunner.run(TestRunner.java:591)
at org.testng.SuiteRunner.runTest(SuiteRunner.java:402)
at org.testng.SuiteRunner.runSequentially(SuiteRunner.java:396)
at org.testng.SuiteRunner.privateRun(SuiteRunner.java:355)
at org.testng.SuiteRunner.run(SuiteRunner.java:304)
at org.testng.SuiteRunnerWorker.runSuite(SuiteRunnerWorker.java:53)
at org.testng.SuiteRunnerWorker.run(SuiteRunnerWorker.java:96)
at org.testng.TestNG.runSuitesSequentially(TestNG.java:1180)
at org.testng.TestNG.runSuitesLocally(TestNG.java:1102)
at org.testng.TestNG.runSuites(TestNG.java:1032)
at org.testng.TestNG.run(TestNG.java:1000)
at org.testng.remote.AbstractRemoteTestNG.run(AbstractRemoteTestNG.java:115)
at org.testng.remote.RemoteTestNG.initAndRun(RemoteTestNG.java:251)
at org.testng.remote.RemoteTestNG.main(RemoteTestNG.java:77)
]]>
    </failure>
  </testcase> <!-- corner -->
  <testcase name="opacity" time="0.516" classname="com.freshproposals.selenium.Existing_Single_Image"/>
  <testcase name="border_width" time="2.333" classname="com.freshproposals.selenium.Existing_Single_Image"/>
  <testcase name="border_style" time="1.321" classname="com.freshproposals.selenium.Existing_Single_Image"/>
  <testcase name="padding_top" time="2.380" classname="com.freshproposals.selenium.Existing_Single_Image"/>
  <testcase name="padding_left" time="1.186" classname="com.freshproposals.selenium.Existing_Single_Image"/>
  <testcase name="padding_bottom" time="1.173" classname="com.freshproposals.selenium.Existing_Single_Image"/>
  <testcase name="padding_right" time="0.153" classname="com.freshproposals.selenium.Existing_Single_Image"/>
  <testcase name="greyscale" time="3.666" classname="com.freshproposals.selenium.Existing_Single_Image"/>
  <testcase name="save" time="7.217" classname="com.freshproposals.selenium.Existing_Single_Image"/>
  <testcase name="reflect_border_width" time="5.932" classname="com.freshproposals.selenium.Existing_Single_Image"/>
  <testcase name="reflect_border_style" time="5.112" classname="com.freshproposals.selenium.Existing_Single_Image"/>
  <testcase name="reflect_padding" time="5.150" classname="com.freshproposals.selenium.Existing_Single_Image"/>
  <testcase name="Reset_All" time="15.705" classname="com.freshproposals.selenium.Existing_Single_Image"/>
</testsuite> <!-- com.freshproposals.selenium.Existing_Single_Image -->
