<?xml version="1.0" encoding="UTF-8"?>
<!-- Generated by org.testng.reporters.JUnitReportReporter -->
<testsuite skipped="3" hostname="DESKTOP-0FSTDRC" name="com.freshproposals.selenium.TextBox_Top_Properties2" tests="60" failures="0" timestamp="2020-02-26T11:58:10 IST" time="397.039" errors="1">
  <testcase name="login" time="0.765" classname="com.freshproposals.selenium.TextBox_Top_Properties2"/>
  <testcase name="url" time="7.673" classname="com.freshproposals.selenium.TextBox_Top_Properties2"/>
  <testcase name="click_reflect_h1" time="6.537" classname="com.freshproposals.selenium.TextBox_Top_Properties2"/>
  <testcase name="click_reflect_h2" time="3.831" classname="com.freshproposals.selenium.TextBox_Top_Properties2"/>
  <testcase name="click_reflect_h3" time="3.652" classname="com.freshproposals.selenium.TextBox_Top_Properties2"/>
  <testcase name="click_reflect_h4" time="3.716" classname="com.freshproposals.selenium.TextBox_Top_Properties2"/>
  <testcase name="click_reflect_body" time="3.628" classname="com.freshproposals.selenium.TextBox_Top_Properties2"/>
  <testcase name="click_reflect_quote" time="53.905" classname="com.freshproposals.selenium.TextBox_Top_Properties2">
    <error type="org.openqa.selenium.NoSuchElementException" message="no such element: Unable to locate element: {&quot;method&quot;:&quot;link text&quot;,&quot;selector&quot;:&quot;Quote&quot;}
  (Session info: chrome=80.0.3987.122)
For documentation on this error, please visit: https://www.seleniumhq.org/exceptions/no_such_element.html
Build info: version: &#039;3.141.59&#039;, revision: &#039;e82be7d358&#039;, time: &#039;2018-11-14T08:25:53&#039;
System info: host: &#039;DESKTOP-0FSTDRC&#039;, ip: &#039;192.168.0.11&#039;, os.name: &#039;Windows 8.1&#039;, os.arch: &#039;amd64&#039;, os.version: &#039;6.3&#039;, java.version: &#039;1.8.0_25&#039;
Driver info: org.openqa.selenium.chrome.ChromeDriver
Capabilities {acceptInsecureCerts: false, browserName: chrome, browserVersion: 80.0.3987.122, chrome: {chromedriverVersion: 80.0.3987.106 (f68069574609..., userDataDir: C:\Users\user\AppData\Local...}, goog:chromeOptions: {debuggerAddress: localhost:59536}, javascriptEnabled: true, networkConnectionEnabled: false, pageLoadStrategy: normal, platform: WINDOWS, platformName: WINDOWS, proxy: Proxy(), setWindowRect: true, strictFileInteractability: false, timeouts: {implicit: 0, pageLoad: 300000, script: 30000}, unhandledPromptBehavior: dismiss and notify}
Session ID: 9c1c3c4a680ad19726bde8f8fc3ee0af
*** Element info: {Using=link text, value=Quote}">
      <![CDATA[org.openqa.selenium.NoSuchElementException: no such element: Unable to locate element: {"method":"link text","selector":"Quote"}
  (Session info: chrome=80.0.3987.122)
For documentation on this error, please visit: https://www.seleniumhq.org/exceptions/no_such_element.html
Build info: version: '3.141.59', revision: 'e82be7d358', time: '2018-11-14T08:25:53'
System info: host: 'DESKTOP-0FSTDRC', ip: '192.168.0.11', os.name: 'Windows 8.1', os.arch: 'amd64', os.version: '6.3', java.version: '1.8.0_25'
Driver info: org.openqa.selenium.chrome.ChromeDriver
Capabilities {acceptInsecureCerts: false, browserName: chrome, browserVersion: 80.0.3987.122, chrome: {chromedriverVersion: 80.0.3987.106 (f68069574609..., userDataDir: C:\Users\user\AppData\Local...}, goog:chromeOptions: {debuggerAddress: localhost:59536}, javascriptEnabled: true, networkConnectionEnabled: false, pageLoadStrategy: normal, platform: WINDOWS, platformName: WINDOWS, proxy: Proxy(), setWindowRect: true, strictFileInteractability: false, timeouts: {implicit: 0, pageLoad: 300000, script: 30000}, unhandledPromptBehavior: dismiss and notify}
Session ID: 9c1c3c4a680ad19726bde8f8fc3ee0af
*** Element info: {Using=link text, value=Quote}
at sun.reflect.NativeConstructorAccessorImpl.newInstance0(Native Method)
at sun.reflect.NativeConstructorAccessorImpl.newInstance(Unknown Source)
at sun.reflect.DelegatingConstructorAccessorImpl.newInstance(Unknown Source)
at java.lang.reflect.Constructor.newInstance(Unknown Source)
at org.openqa.selenium.remote.http.W3CHttpResponseCodec.createException(W3CHttpResponseCodec.java:187)
at org.openqa.selenium.remote.http.W3CHttpResponseCodec.decode(W3CHttpResponseCodec.java:122)
at org.openqa.selenium.remote.http.W3CHttpResponseCodec.decode(W3CHttpResponseCodec.java:49)
at org.openqa.selenium.remote.HttpCommandExecutor.execute(HttpCommandExecutor.java:158)
at org.openqa.selenium.remote.service.DriverCommandExecutor.execute(DriverCommandExecutor.java:83)
at org.openqa.selenium.remote.RemoteWebDriver.execute(RemoteWebDriver.java:552)
at org.openqa.selenium.remote.RemoteWebDriver.findElement(RemoteWebDriver.java:323)
at org.openqa.selenium.remote.RemoteWebDriver.findElementByLinkText(RemoteWebDriver.java:380)
at org.openqa.selenium.By$ByLinkText.findElement(By.java:220)
at org.openqa.selenium.remote.RemoteWebDriver.findElement(RemoteWebDriver.java:315)
at com.freshproposals.selenium.TextBox_Top_Properties2.click_reflect_quote(TextBox_Top_Properties2.java:154)
at sun.reflect.NativeMethodAccessorImpl.invoke0(Native Method)
at sun.reflect.NativeMethodAccessorImpl.invoke(Unknown Source)
at sun.reflect.DelegatingMethodAccessorImpl.invoke(Unknown Source)
at java.lang.reflect.Method.invoke(Unknown Source)
at org.testng.internal.MethodInvocationHelper.invokeMethod(MethodInvocationHelper.java:133)
at org.testng.internal.TestInvoker.invokeMethod(TestInvoker.java:584)
at org.testng.internal.TestInvoker.invokeTestMethod(TestInvoker.java:172)
at org.testng.internal.MethodRunner.runInSequence(MethodRunner.java:46)
at org.testng.internal.TestInvoker$MethodInvocationAgent.invoke(TestInvoker.java:804)
at org.testng.internal.TestInvoker.invokeTestMethods(TestInvoker.java:145)
at org.testng.internal.TestMethodWorker.invokeTestMethods(TestMethodWorker.java:146)
at org.testng.internal.TestMethodWorker.run(TestMethodWorker.java:128)
at org.testng.TestRunner$$Lambda$45/85777802.accept(Unknown Source)
at java.util.ArrayList.forEach(Unknown Source)
at org.testng.TestRunner.privateRun(TestRunner.java:770)
at org.testng.TestRunner.run(TestRunner.java:591)
at org.testng.SuiteRunner.runTest(SuiteRunner.java:402)
at org.testng.SuiteRunner.runSequentially(SuiteRunner.java:396)
at org.testng.SuiteRunner.privateRun(SuiteRunner.java:355)
at org.testng.SuiteRunner.run(SuiteRunner.java:304)
at org.testng.SuiteRunnerWorker.runSuite(SuiteRunnerWorker.java:53)
at org.testng.SuiteRunnerWorker.run(SuiteRunnerWorker.java:96)
at org.testng.TestNG.runSuitesSequentially(TestNG.java:1180)
at org.testng.TestNG.runSuitesLocally(TestNG.java:1102)
at org.testng.TestNG.runSuites(TestNG.java:1032)
at org.testng.TestNG.run(TestNG.java:1000)
at org.testng.remote.AbstractRemoteTestNG.run(AbstractRemoteTestNG.java:115)
at org.testng.remote.RemoteTestNG.initAndRun(RemoteTestNG.java:251)
at org.testng.remote.RemoteTestNG.main(RemoteTestNG.java:77)
]]>
    </error>
  </testcase> <!-- click_reflect_quote -->
  <testcase name="Save_paragraph_style" time="7.470" classname="com.freshproposals.selenium.TextBox_Top_Properties2"/>
  <testcase name="delete_all" time="2.528" classname="com.freshproposals.selenium.TextBox_Top_Properties2"/>
  <testcase name="click_reflect_default" time="8.035" classname="com.freshproposals.selenium.TextBox_Top_Properties2"/>
  <testcase name="click_reflect_single" time="5.444" classname="com.freshproposals.selenium.TextBox_Top_Properties2"/>
  <testcase name="click_reflect_1point15" time="5.431" classname="com.freshproposals.selenium.TextBox_Top_Properties2"/>
  <testcase name="click_reflect_1point5" time="5.330" classname="com.freshproposals.selenium.TextBox_Top_Properties2"/>
  <testcase name="click_reflect_double" time="5.392" classname="com.freshproposals.selenium.TextBox_Top_Properties2"/>
  <testcase name="Save_line_height" time="7.378" classname="com.freshproposals.selenium.TextBox_Top_Properties2"/>
  <testcase name="delete_all_2" time="2.495" classname="com.freshproposals.selenium.TextBox_Top_Properties2"/>
  <testcase name="align_left" time="8.117" classname="com.freshproposals.selenium.TextBox_Top_Properties2"/>
  <testcase name="align_center" time="5.292" classname="com.freshproposals.selenium.TextBox_Top_Properties2"/>
  <testcase name="align_right" time="5.231" classname="com.freshproposals.selenium.TextBox_Top_Properties2"/>
  <testcase name="align_justify" time="5.249" classname="com.freshproposals.selenium.TextBox_Top_Properties2"/>
  <testcase name="Save_align" time="7.311" classname="com.freshproposals.selenium.TextBox_Top_Properties2"/>
  <testcase name="delete_all_3" time="2.432" classname="com.freshproposals.selenium.TextBox_Top_Properties2"/>
  <testcase name="orderList_default" time="11.943" classname="com.freshproposals.selenium.TextBox_Top_Properties2"/>
  <testcase name="Save_ol1" time="7.214" classname="com.freshproposals.selenium.TextBox_Top_Properties2"/>
  <testcase name="delete_all_4" time="2.482" classname="com.freshproposals.selenium.TextBox_Top_Properties2"/>
  <testcase name="orderlist_lower_alpha" time="12.046" classname="com.freshproposals.selenium.TextBox_Top_Properties2"/>
  <testcase name="Save_ol2" time="7.161" classname="com.freshproposals.selenium.TextBox_Top_Properties2"/>
  <testcase name="delete_all_5" time="2.503" classname="com.freshproposals.selenium.TextBox_Top_Properties2"/>
  <testcase name="orderlist_lower_greek" time="11.896" classname="com.freshproposals.selenium.TextBox_Top_Properties2"/>
  <testcase name="Save_ol3" time="7.200" classname="com.freshproposals.selenium.TextBox_Top_Properties2"/>
  <testcase name="delete_all_6" time="2.447" classname="com.freshproposals.selenium.TextBox_Top_Properties2"/>
  <testcase name="orderlist_lower_roman" time="11.198" classname="com.freshproposals.selenium.TextBox_Top_Properties2"/>
  <testcase name="Save_ol4" time="7.304" classname="com.freshproposals.selenium.TextBox_Top_Properties2"/>
  <testcase name="delete_all_7" time="2.407" classname="com.freshproposals.selenium.TextBox_Top_Properties2"/>
  <testcase name="orderlist_upper_alpha" time="11.456" classname="com.freshproposals.selenium.TextBox_Top_Properties2"/>
  <testcase name="Save_ol5" time="7.235" classname="com.freshproposals.selenium.TextBox_Top_Properties2"/>
  <testcase name="delete_all_8" time="2.526" classname="com.freshproposals.selenium.TextBox_Top_Properties2"/>
  <testcase name="orderlist_upper_roman" time="10.099" classname="com.freshproposals.selenium.TextBox_Top_Properties2"/>
  <testcase name="Save_ol6" time="7.256" classname="com.freshproposals.selenium.TextBox_Top_Properties2"/>
  <testcase name="delete_all_9" time="2.429" classname="com.freshproposals.selenium.TextBox_Top_Properties2"/>
  <testcase name="unorderlist_default" time="11.151" classname="com.freshproposals.selenium.TextBox_Top_Properties2"/>
  <testcase name="Save_ul1" time="7.131" classname="com.freshproposals.selenium.TextBox_Top_Properties2"/>
  <testcase name="delete_all_10" time="2.397" classname="com.freshproposals.selenium.TextBox_Top_Properties2"/>
  <testcase name="unorderlist_circle" time="11.699" classname="com.freshproposals.selenium.TextBox_Top_Properties2"/>
  <testcase name="Save_ul2" time="7.042" classname="com.freshproposals.selenium.TextBox_Top_Properties2"/>
  <testcase name="delete_all_11" time="2.409" classname="com.freshproposals.selenium.TextBox_Top_Properties2"/>
  <testcase name="unorderlist_disc" time="11.058" classname="com.freshproposals.selenium.TextBox_Top_Properties2"/>
  <testcase name="Save_ul3" time="7.105" classname="com.freshproposals.selenium.TextBox_Top_Properties2"/>
  <testcase name="delete_all_12" time="2.438" classname="com.freshproposals.selenium.TextBox_Top_Properties2"/>
  <testcase name="unorderlist_square" time="11.024" classname="com.freshproposals.selenium.TextBox_Top_Properties2"/>
  <testcase name="Save_ul4" time="7.099" classname="com.freshproposals.selenium.TextBox_Top_Properties2"/>
  <testcase name="delete_all_13" time="2.436" classname="com.freshproposals.selenium.TextBox_Top_Properties2"/>
  <testcase name="insert_link" time="3.713" classname="com.freshproposals.selenium.TextBox_Top_Properties2"/>
  <testcase name="Save_link" time="7.172" classname="com.freshproposals.selenium.TextBox_Top_Properties2"/>
  <testcase name="delete_all_14" time="2.452" classname="com.freshproposals.selenium.TextBox_Top_Properties2"/>
  <testcase name="Save_final" time="7.069" classname="com.freshproposals.selenium.TextBox_Top_Properties2"/>
  <testcase name="linkStyle" classname="com.freshproposals.selenium.TextBox_Top_Properties2">
    <skipped/>
  </testcase> <!-- linkStyle -->
  <testcase name="bold" classname="com.freshproposals.selenium.TextBox_Top_Properties2">
    <skipped/>
  </testcase> <!-- bold -->
  <testcase name="Save_link_update" classname="com.freshproposals.selenium.TextBox_Top_Properties2">
    <skipped/>
  </testcase> <!-- Save_link_update -->
</testsuite> <!-- com.freshproposals.selenium.TextBox_Top_Properties2 -->
