<?xml version="1.0" encoding="UTF-8"?>
<!-- Generated by org.testng.reporters.JUnitReportReporter -->
<testsuite skipped="13" hostname="DESKTOP-0FSTDRC" name="com.freshproposals.selenium.Rectangle_Duplicate_Section" tests="14" failures="0" timestamp="2020-03-20T14:55:54 IST" time="53.716" errors="1">
  <testcase name="openBrowser" time="53.716" classname="com.freshproposals.selenium.Rectangle_Duplicate_Section">
    <error type="org.openqa.selenium.TimeoutException" message="timeout: Timed out receiving message from renderer: -0.003
  (Session info: chrome=80.0.3987.132)
Build info: version: &#039;3.141.59&#039;, revision: &#039;e82be7d358&#039;, time: &#039;2018-11-14T08:25:53&#039;
System info: host: &#039;DESKTOP-0FSTDRC&#039;, ip: &#039;192.168.43.60&#039;, os.name: &#039;Windows 8.1&#039;, os.arch: &#039;amd64&#039;, os.version: &#039;6.3&#039;, java.version: &#039;1.8.0_25&#039;
Driver info: org.openqa.selenium.chrome.ChromeDriver
Capabilities {acceptInsecureCerts: false, browserName: chrome, browserVersion: 80.0.3987.132, chrome: {chromedriverVersion: 80.0.3987.106 (f68069574609..., userDataDir: C:\Users\user\AppData\Local...}, goog:chromeOptions: {debuggerAddress: localhost:62694}, javascriptEnabled: true, networkConnectionEnabled: false, pageLoadStrategy: normal, platform: WINDOWS, platformName: WINDOWS, proxy: Proxy(), setWindowRect: true, strictFileInteractability: false, timeouts: {implicit: 0, pageLoad: 300000, script: 30000}, unhandledPromptBehavior: dismiss and notify}
Session ID: 7ba16a5ebade32178483ea030ed16921">
      <![CDATA[org.openqa.selenium.TimeoutException: timeout: Timed out receiving message from renderer: -0.003
  (Session info: chrome=80.0.3987.132)
Build info: version: '3.141.59', revision: 'e82be7d358', time: '2018-11-14T08:25:53'
System info: host: 'DESKTOP-0FSTDRC', ip: '192.168.43.60', os.name: 'Windows 8.1', os.arch: 'amd64', os.version: '6.3', java.version: '1.8.0_25'
Driver info: org.openqa.selenium.chrome.ChromeDriver
Capabilities {acceptInsecureCerts: false, browserName: chrome, browserVersion: 80.0.3987.132, chrome: {chromedriverVersion: 80.0.3987.106 (f68069574609..., userDataDir: C:\Users\user\AppData\Local...}, goog:chromeOptions: {debuggerAddress: localhost:62694}, javascriptEnabled: true, networkConnectionEnabled: false, pageLoadStrategy: normal, platform: WINDOWS, platformName: WINDOWS, proxy: Proxy(), setWindowRect: true, strictFileInteractability: false, timeouts: {implicit: 0, pageLoad: 300000, script: 30000}, unhandledPromptBehavior: dismiss and notify}
Session ID: 7ba16a5ebade32178483ea030ed16921
at sun.reflect.NativeConstructorAccessorImpl.newInstance0(Native Method)
at sun.reflect.NativeConstructorAccessorImpl.newInstance(Unknown Source)
at sun.reflect.DelegatingConstructorAccessorImpl.newInstance(Unknown Source)
at java.lang.reflect.Constructor.newInstance(Unknown Source)
at org.openqa.selenium.remote.http.W3CHttpResponseCodec.createException(W3CHttpResponseCodec.java:187)
at org.openqa.selenium.remote.http.W3CHttpResponseCodec.decode(W3CHttpResponseCodec.java:122)
at org.openqa.selenium.remote.http.W3CHttpResponseCodec.decode(W3CHttpResponseCodec.java:49)
at org.openqa.selenium.remote.HttpCommandExecutor.execute(HttpCommandExecutor.java:158)
at org.openqa.selenium.remote.service.DriverCommandExecutor.execute(DriverCommandExecutor.java:83)
at org.openqa.selenium.remote.RemoteWebDriver.execute(RemoteWebDriver.java:552)
at org.openqa.selenium.remote.RemoteWebDriver.get(RemoteWebDriver.java:277)
at com.freshproposals.selenium.Rectangle_Duplicate_Section.openBrowser(Rectangle_Duplicate_Section.java:32)
at sun.reflect.NativeMethodAccessorImpl.invoke0(Native Method)
at sun.reflect.NativeMethodAccessorImpl.invoke(Unknown Source)
at sun.reflect.DelegatingMethodAccessorImpl.invoke(Unknown Source)
at java.lang.reflect.Method.invoke(Unknown Source)
at org.testng.internal.MethodInvocationHelper.invokeMethod(MethodInvocationHelper.java:133)
at org.testng.internal.MethodInvocationHelper.invokeMethodConsideringTimeout(MethodInvocationHelper.java:62)
at org.testng.internal.ConfigInvoker.invokeConfigurationMethod(ConfigInvoker.java:340)
at org.testng.internal.ConfigInvoker.invokeConfigurations(ConfigInvoker.java:294)
at org.testng.internal.TestMethodWorker.invokeBeforeClassMethods(TestMethodWorker.java:176)
at org.testng.internal.TestMethodWorker.run(TestMethodWorker.java:122)
at org.testng.TestRunner$$Lambda$48/1414147750.accept(Unknown Source)
at java.util.ArrayList.forEach(Unknown Source)
at org.testng.TestRunner.privateRun(TestRunner.java:770)
at org.testng.TestRunner.run(TestRunner.java:591)
at org.testng.SuiteRunner.runTest(SuiteRunner.java:402)
at org.testng.SuiteRunner.runSequentially(SuiteRunner.java:396)
at org.testng.SuiteRunner.privateRun(SuiteRunner.java:355)
at org.testng.SuiteRunner.run(SuiteRunner.java:304)
at org.testng.SuiteRunnerWorker.runSuite(SuiteRunnerWorker.java:53)
at org.testng.SuiteRunnerWorker.run(SuiteRunnerWorker.java:96)
at org.testng.TestNG.runSuitesSequentially(TestNG.java:1180)
at org.testng.TestNG.runSuitesLocally(TestNG.java:1102)
at org.testng.TestNG.runSuites(TestNG.java:1032)
at org.testng.TestNG.run(TestNG.java:1000)
at org.testng.remote.AbstractRemoteTestNG.run(AbstractRemoteTestNG.java:115)
at org.testng.remote.RemoteTestNG.initAndRun(RemoteTestNG.java:251)
at org.testng.remote.RemoteTestNG.main(RemoteTestNG.java:77)
]]>
    </error>
  </testcase> <!-- openBrowser -->
  <testcase name="login" time="0.000" classname="com.freshproposals.selenium.Rectangle_Duplicate_Section">
    <skipped/>
  </testcase> <!-- login -->
  <testcase name="open_Template" time="0.000" classname="com.freshproposals.selenium.Rectangle_Duplicate_Section">
    <skipped/>
  </testcase> <!-- open_Template -->
  <testcase name="height_width" time="0.000" classname="com.freshproposals.selenium.Rectangle_Duplicate_Section">
    <skipped/>
  </testcase> <!-- height_width -->
  <testcase name="assert_width_1" time="0.000" classname="com.freshproposals.selenium.Rectangle_Duplicate_Section">
    <skipped/>
  </testcase> <!-- assert_width_1 -->
  <testcase name="assert_height_1" time="0.000" classname="com.freshproposals.selenium.Rectangle_Duplicate_Section">
    <skipped/>
  </testcase> <!-- assert_height_1 -->
  <testcase name="duplicate" time="0.000" classname="com.freshproposals.selenium.Rectangle_Duplicate_Section">
    <skipped/>
  </testcase> <!-- duplicate -->
  <testcase name="DragDrop" time="0.000" classname="com.freshproposals.selenium.Rectangle_Duplicate_Section">
    <skipped/>
  </testcase> <!-- DragDrop -->
  <testcase name="assert_width_2" time="0.000" classname="com.freshproposals.selenium.Rectangle_Duplicate_Section">
    <skipped/>
  </testcase> <!-- assert_width_2 -->
  <testcase name="assert_height_2" time="0.000" classname="com.freshproposals.selenium.Rectangle_Duplicate_Section">
    <skipped/>
  </testcase> <!-- assert_height_2 -->
  <testcase name="Save" time="0.000" classname="com.freshproposals.selenium.Rectangle_Duplicate_Section">
    <skipped/>
  </testcase> <!-- Save -->
  <testcase name="clear" time="0.000" classname="com.freshproposals.selenium.Rectangle_Duplicate_Section">
    <skipped/>
  </testcase> <!-- clear -->
  <testcase name="reset_sign_1" time="0.000" classname="com.freshproposals.selenium.Rectangle_Duplicate_Section">
    <skipped/>
  </testcase> <!-- reset_sign_1 -->
  <testcase name="Save2" time="0.000" classname="com.freshproposals.selenium.Rectangle_Duplicate_Section">
    <skipped/>
  </testcase> <!-- Save2 -->
</testsuite> <!-- com.freshproposals.selenium.Rectangle_Duplicate_Section -->
