<?xml version="1.0" encoding="UTF-8"?>
<!-- Generated by org.testng.reporters.JUnitReportReporter -->
<testsuite skipped="0" hostname="DESKTOP-0FSTDRC" name="com.freshproposals.selenium.Rectangle_Duplicate_Proposal" tests="13" failures="0" timestamp="2020-03-03T18:29:53 IST" time="91.796" errors="1">
  <testcase name="login" time="0.838" classname="com.freshproposals.selenium.Rectangle_Duplicate_Proposal"/>
  <testcase name="open_Template" time="9.292" classname="com.freshproposals.selenium.Rectangle_Duplicate_Proposal"/>
  <testcase name="height_width" time="3.673" classname="com.freshproposals.selenium.Rectangle_Duplicate_Proposal"/>
  <testcase name="assert_width_1" time="0.122" classname="com.freshproposals.selenium.Rectangle_Duplicate_Proposal"/>
  <testcase name="assert_height_1" time="0.096" classname="com.freshproposals.selenium.Rectangle_Duplicate_Proposal"/>
  <testcase name="duplicate" time="2.458" classname="com.freshproposals.selenium.Rectangle_Duplicate_Proposal"/>
  <testcase name="DragDrop" time="3.473" classname="com.freshproposals.selenium.Rectangle_Duplicate_Proposal"/>
  <testcase name="assert_width_2" time="0.089" classname="com.freshproposals.selenium.Rectangle_Duplicate_Proposal"/>
  <testcase name="assert_height_2" time="50.158" classname="com.freshproposals.selenium.Rectangle_Duplicate_Proposal">
    <error type="org.openqa.selenium.NoSuchElementException" message="no such element: Unable to locate element: {&quot;method&quot;:&quot;xpath&quot;,&quot;selector&quot;:&quot;/html[1]/body[1]/app-root[1]/app-home[1]/div[1]/div[5]/div[1]/app-edit-proposal[1]/div[1]/div[2]/div[2]/div[1]/table[1]/tr[1]/td[1]/div[1]/app-edit-section[2]/div[2]/div[1]/div[2]/div[1]/div[1]/div[1]/app-sections-page[1]/a[1]/div[1]/div[1]/div[1]/app-fpshape[2]/div[1]/div[1]/div[1]/div[9]/div[1]/div[1]&quot;}
  (Session info: chrome=80.0.3987.122)
For documentation on this error, please visit: https://www.seleniumhq.org/exceptions/no_such_element.html
Build info: version: &#039;3.141.59&#039;, revision: &#039;e82be7d358&#039;, time: &#039;2018-11-14T08:25:53&#039;
System info: host: &#039;DESKTOP-0FSTDRC&#039;, ip: &#039;192.168.0.11&#039;, os.name: &#039;Windows 8.1&#039;, os.arch: &#039;amd64&#039;, os.version: &#039;6.3&#039;, java.version: &#039;1.8.0_25&#039;
Driver info: org.openqa.selenium.chrome.ChromeDriver
Capabilities {acceptInsecureCerts: false, browserName: chrome, browserVersion: 80.0.3987.122, chrome: {chromedriverVersion: 80.0.3987.106 (f68069574609..., userDataDir: C:\Users\user\AppData\Local...}, goog:chromeOptions: {debuggerAddress: localhost:53043}, javascriptEnabled: true, networkConnectionEnabled: false, pageLoadStrategy: normal, platform: WINDOWS, platformName: WINDOWS, proxy: Proxy(), setWindowRect: true, strictFileInteractability: false, timeouts: {implicit: 0, pageLoad: 300000, script: 30000}, unhandledPromptBehavior: dismiss and notify}
Session ID: a0d4354efc15422276c775e6e74bced8
*** Element info: {Using=xpath, value=/html[1]/body[1]/app-root[1]/app-home[1]/div[1]/div[5]/div[1]/app-edit-proposal[1]/div[1]/div[2]/div[2]/div[1]/table[1]/tr[1]/td[1]/div[1]/app-edit-section[2]/div[2]/div[1]/div[2]/div[1]/div[1]/div[1]/app-sections-page[1]/a[1]/div[1]/div[1]/div[1]/app-fpshape[2]/div[1]/div[1]/div[1]/div[9]/div[1]/div[1]}">
      <![CDATA[org.openqa.selenium.NoSuchElementException: no such element: Unable to locate element: {"method":"xpath","selector":"/html[1]/body[1]/app-root[1]/app-home[1]/div[1]/div[5]/div[1]/app-edit-proposal[1]/div[1]/div[2]/div[2]/div[1]/table[1]/tr[1]/td[1]/div[1]/app-edit-section[2]/div[2]/div[1]/div[2]/div[1]/div[1]/div[1]/app-sections-page[1]/a[1]/div[1]/div[1]/div[1]/app-fpshape[2]/div[1]/div[1]/div[1]/div[9]/div[1]/div[1]"}
  (Session info: chrome=80.0.3987.122)
For documentation on this error, please visit: https://www.seleniumhq.org/exceptions/no_such_element.html
Build info: version: '3.141.59', revision: 'e82be7d358', time: '2018-11-14T08:25:53'
System info: host: 'DESKTOP-0FSTDRC', ip: '192.168.0.11', os.name: 'Windows 8.1', os.arch: 'amd64', os.version: '6.3', java.version: '1.8.0_25'
Driver info: org.openqa.selenium.chrome.ChromeDriver
Capabilities {acceptInsecureCerts: false, browserName: chrome, browserVersion: 80.0.3987.122, chrome: {chromedriverVersion: 80.0.3987.106 (f68069574609..., userDataDir: C:\Users\user\AppData\Local...}, goog:chromeOptions: {debuggerAddress: localhost:53043}, javascriptEnabled: true, networkConnectionEnabled: false, pageLoadStrategy: normal, platform: WINDOWS, platformName: WINDOWS, proxy: Proxy(), setWindowRect: true, strictFileInteractability: false, timeouts: {implicit: 0, pageLoad: 300000, script: 30000}, unhandledPromptBehavior: dismiss and notify}
Session ID: a0d4354efc15422276c775e6e74bced8
*** Element info: {Using=xpath, value=/html[1]/body[1]/app-root[1]/app-home[1]/div[1]/div[5]/div[1]/app-edit-proposal[1]/div[1]/div[2]/div[2]/div[1]/table[1]/tr[1]/td[1]/div[1]/app-edit-section[2]/div[2]/div[1]/div[2]/div[1]/div[1]/div[1]/app-sections-page[1]/a[1]/div[1]/div[1]/div[1]/app-fpshape[2]/div[1]/div[1]/div[1]/div[9]/div[1]/div[1]}
at sun.reflect.NativeConstructorAccessorImpl.newInstance0(Native Method)
at sun.reflect.NativeConstructorAccessorImpl.newInstance(Unknown Source)
at sun.reflect.DelegatingConstructorAccessorImpl.newInstance(Unknown Source)
at java.lang.reflect.Constructor.newInstance(Unknown Source)
at org.openqa.selenium.remote.http.W3CHttpResponseCodec.createException(W3CHttpResponseCodec.java:187)
at org.openqa.selenium.remote.http.W3CHttpResponseCodec.decode(W3CHttpResponseCodec.java:122)
at org.openqa.selenium.remote.http.W3CHttpResponseCodec.decode(W3CHttpResponseCodec.java:49)
at org.openqa.selenium.remote.HttpCommandExecutor.execute(HttpCommandExecutor.java:158)
at org.openqa.selenium.remote.service.DriverCommandExecutor.execute(DriverCommandExecutor.java:83)
at org.openqa.selenium.remote.RemoteWebDriver.execute(RemoteWebDriver.java:552)
at org.openqa.selenium.remote.RemoteWebDriver.findElement(RemoteWebDriver.java:323)
at org.openqa.selenium.remote.RemoteWebDriver.findElementByXPath(RemoteWebDriver.java:428)
at org.openqa.selenium.By$ByXPath.findElement(By.java:353)
at org.openqa.selenium.remote.RemoteWebDriver.findElement(RemoteWebDriver.java:315)
at com.freshproposals.selenium.Rectangle_Duplicate_Proposal.assert_height_2(Rectangle_Duplicate_Proposal.java:119)
at sun.reflect.NativeMethodAccessorImpl.invoke0(Native Method)
at sun.reflect.NativeMethodAccessorImpl.invoke(Unknown Source)
at sun.reflect.DelegatingMethodAccessorImpl.invoke(Unknown Source)
at java.lang.reflect.Method.invoke(Unknown Source)
at org.testng.internal.MethodInvocationHelper.invokeMethod(MethodInvocationHelper.java:133)
at org.testng.internal.TestInvoker.invokeMethod(TestInvoker.java:584)
at org.testng.internal.TestInvoker.invokeTestMethod(TestInvoker.java:172)
at org.testng.internal.MethodRunner.runInSequence(MethodRunner.java:46)
at org.testng.internal.TestInvoker$MethodInvocationAgent.invoke(TestInvoker.java:804)
at org.testng.internal.TestInvoker.invokeTestMethods(TestInvoker.java:145)
at org.testng.internal.TestMethodWorker.invokeTestMethods(TestMethodWorker.java:146)
at org.testng.internal.TestMethodWorker.run(TestMethodWorker.java:128)
at org.testng.TestRunner$$Lambda$45/648680157.accept(Unknown Source)
at java.util.ArrayList.forEach(Unknown Source)
at org.testng.TestRunner.privateRun(TestRunner.java:770)
at org.testng.TestRunner.run(TestRunner.java:591)
at org.testng.SuiteRunner.runTest(SuiteRunner.java:402)
at org.testng.SuiteRunner.runSequentially(SuiteRunner.java:396)
at org.testng.SuiteRunner.privateRun(SuiteRunner.java:355)
at org.testng.SuiteRunner.run(SuiteRunner.java:304)
at org.testng.SuiteRunnerWorker.runSuite(SuiteRunnerWorker.java:53)
at org.testng.SuiteRunnerWorker.run(SuiteRunnerWorker.java:96)
at org.testng.TestNG.runSuitesSequentially(TestNG.java:1180)
at org.testng.TestNG.runSuitesLocally(TestNG.java:1102)
at org.testng.TestNG.runSuites(TestNG.java:1032)
at org.testng.TestNG.run(TestNG.java:1000)
at org.testng.remote.AbstractRemoteTestNG.run(AbstractRemoteTestNG.java:115)
at org.testng.remote.RemoteTestNG.initAndRun(RemoteTestNG.java:251)
at org.testng.remote.RemoteTestNG.main(RemoteTestNG.java:77)
]]>
    </error>
  </testcase> <!-- assert_height_2 -->
  <testcase name="Save" time="7.285" classname="com.freshproposals.selenium.Rectangle_Duplicate_Proposal"/>
  <testcase name="reset_sign_1" time="3.497" classname="com.freshproposals.selenium.Rectangle_Duplicate_Proposal"/>
  <testcase name="clear" time="3.734" classname="com.freshproposals.selenium.Rectangle_Duplicate_Proposal"/>
  <testcase name="Save2" time="7.081" classname="com.freshproposals.selenium.Rectangle_Duplicate_Proposal"/>
</testsuite> <!-- com.freshproposals.selenium.Rectangle_Duplicate_Proposal -->
