<?xml version="1.0" encoding="UTF-8"?>
<!-- Generated by org.testng.reporters.JUnitReportReporter -->
<testsuite skipped="0" hostname="DESKTOP-0FSTDRC" name="com.freshproposals.selenium.F2B2" tests="2" failures="0" timestamp="2019-12-26T17:53:08 IST" time="17.096" errors="1">
  <testcase name="login" time="0.638" classname="com.freshproposals.selenium.F2B2"/>
  <testcase name="Backward" time="16.458" classname="com.freshproposals.selenium.F2B2">
    <error type="org.openqa.selenium.InvalidSelectorException" message="invalid selector: Unable to locate an element with the xpath expression div.wrapper div.main-no-sidebar:nth-child(5) div.apply-hidden.styling-mode-effect div.section-editor-box div.editor-top-margin.col-lg-8.offset-lg-2:nth-child(2) div.page-scalemargin- div.editor-card-box div.page-wrapper div.page.effect8 div.card div.context-menu:nth-child(6) ul.context-menu li.dropdown-submenu &gt; button.dropdown-item because of the following error:
SyntaxError: Failed to execute &#039;evaluate&#039; on &#039;Document&#039;: The string &#039;div.wrapper div.main-no-sidebar:nth-child(5) div.apply-hidden.styling-mode-effect div.section-editor-box div.editor-top-margin.col-lg-8.offset-lg-2:nth-child(2) div.page-scalemargin- div.editor-card-box div.page-wrapper div.page.effect8 div.card div.context-menu:nth-child(6) ul.context-menu li.dropdown-submenu &gt; button.dropdown-item&#039; is not a valid XPath expression.
  (Session info: chrome=79.0.3945.88)
For documentation on this error, please visit: https://www.seleniumhq.org/exceptions/invalid_selector_exception.html
Build info: version: &#039;3.141.59&#039;, revision: &#039;e82be7d358&#039;, time: &#039;2018-11-14T08:25:48&#039;
System info: host: &#039;DESKTOP-0FSTDRC&#039;, ip: &#039;192.168.0.11&#039;, os.name: &#039;Windows 8.1&#039;, os.arch: &#039;amd64&#039;, os.version: &#039;6.3&#039;, java.version: &#039;1.8.0_25&#039;
Driver info: org.openqa.selenium.chrome.ChromeDriver
Capabilities {acceptInsecureCerts: false, browserName: chrome, browserVersion: 79.0.3945.88, chrome: {chromedriverVersion: 78.0.3904.105 (60e2d8774a81..., userDataDir: C:\Users\user\AppData\Local...}, goog:chromeOptions: {debuggerAddress: localhost:50945}, javascriptEnabled: true, networkConnectionEnabled: false, pageLoadStrategy: normal, platform: XP, platformName: XP, proxy: Proxy(), setWindowRect: true, strictFileInteractability: false, timeouts: {implicit: 0, pageLoad: 300000, script: 30000}, unhandledPromptBehavior: dismiss and notify}
Session ID: e7b18c471f3a3f89317b327dfa974f46
*** Element info: {Using=xpath, value=div.wrapper div.main-no-sidebar:nth-child(5) div.apply-hidden.styling-mode-effect div.section-editor-box div.editor-top-margin.col-lg-8.offset-lg-2:nth-child(2) div.page-scalemargin- div.editor-card-box div.page-wrapper div.page.effect8 div.card div.context-menu:nth-child(6) ul.context-menu li.dropdown-submenu &gt; button.dropdown-item}">
      <![CDATA[org.openqa.selenium.InvalidSelectorException: invalid selector: Unable to locate an element with the xpath expression div.wrapper div.main-no-sidebar:nth-child(5) div.apply-hidden.styling-mode-effect div.section-editor-box div.editor-top-margin.col-lg-8.offset-lg-2:nth-child(2) div.page-scalemargin- div.editor-card-box div.page-wrapper div.page.effect8 div.card div.context-menu:nth-child(6) ul.context-menu li.dropdown-submenu > button.dropdown-item because of the following error:
SyntaxError: Failed to execute 'evaluate' on 'Document': The string 'div.wrapper div.main-no-sidebar:nth-child(5) div.apply-hidden.styling-mode-effect div.section-editor-box div.editor-top-margin.col-lg-8.offset-lg-2:nth-child(2) div.page-scalemargin- div.editor-card-box div.page-wrapper div.page.effect8 div.card div.context-menu:nth-child(6) ul.context-menu li.dropdown-submenu > button.dropdown-item' is not a valid XPath expression.
  (Session info: chrome=79.0.3945.88)
For documentation on this error, please visit: https://www.seleniumhq.org/exceptions/invalid_selector_exception.html
Build info: version: '3.141.59', revision: 'e82be7d358', time: '2018-11-14T08:25:48'
System info: host: 'DESKTOP-0FSTDRC', ip: '192.168.0.11', os.name: 'Windows 8.1', os.arch: 'amd64', os.version: '6.3', java.version: '1.8.0_25'
Driver info: org.openqa.selenium.chrome.ChromeDriver
Capabilities {acceptInsecureCerts: false, browserName: chrome, browserVersion: 79.0.3945.88, chrome: {chromedriverVersion: 78.0.3904.105 (60e2d8774a81..., userDataDir: C:\Users\user\AppData\Local...}, goog:chromeOptions: {debuggerAddress: localhost:50945}, javascriptEnabled: true, networkConnectionEnabled: false, pageLoadStrategy: normal, platform: XP, platformName: XP, proxy: Proxy(), setWindowRect: true, strictFileInteractability: false, timeouts: {implicit: 0, pageLoad: 300000, script: 30000}, unhandledPromptBehavior: dismiss and notify}
Session ID: e7b18c471f3a3f89317b327dfa974f46
*** Element info: {Using=xpath, value=div.wrapper div.main-no-sidebar:nth-child(5) div.apply-hidden.styling-mode-effect div.section-editor-box div.editor-top-margin.col-lg-8.offset-lg-2:nth-child(2) div.page-scalemargin- div.editor-card-box div.page-wrapper div.page.effect8 div.card div.context-menu:nth-child(6) ul.context-menu li.dropdown-submenu > button.dropdown-item}
at sun.reflect.NativeConstructorAccessorImpl.newInstance0(Native Method)
at sun.reflect.NativeConstructorAccessorImpl.newInstance(Unknown Source)
at sun.reflect.DelegatingConstructorAccessorImpl.newInstance(Unknown Source)
at java.lang.reflect.Constructor.newInstance(Unknown Source)
at org.openqa.selenium.remote.http.W3CHttpResponseCodec.createException(W3CHttpResponseCodec.java:187)
at org.openqa.selenium.remote.http.W3CHttpResponseCodec.decode(W3CHttpResponseCodec.java:122)
at org.openqa.selenium.remote.http.W3CHttpResponseCodec.decode(W3CHttpResponseCodec.java:49)
at org.openqa.selenium.remote.HttpCommandExecutor.execute(HttpCommandExecutor.java:158)
at org.openqa.selenium.remote.service.DriverCommandExecutor.execute(DriverCommandExecutor.java:83)
at org.openqa.selenium.remote.RemoteWebDriver.execute(RemoteWebDriver.java:552)
at org.openqa.selenium.remote.RemoteWebDriver.findElement(RemoteWebDriver.java:323)
at org.openqa.selenium.remote.RemoteWebDriver.findElementByXPath(RemoteWebDriver.java:428)
at org.openqa.selenium.By$ByXPath.findElement(By.java:353)
at org.openqa.selenium.remote.RemoteWebDriver.findElement(RemoteWebDriver.java:315)
at com.freshproposals.selenium.F2B2.Backward(F2B2.java:62)
at sun.reflect.NativeMethodAccessorImpl.invoke0(Native Method)
at sun.reflect.NativeMethodAccessorImpl.invoke(Unknown Source)
at sun.reflect.DelegatingMethodAccessorImpl.invoke(Unknown Source)
at java.lang.reflect.Method.invoke(Unknown Source)
at org.testng.internal.MethodInvocationHelper.invokeMethod(MethodInvocationHelper.java:133)
at org.testng.internal.TestInvoker.invokeMethod(TestInvoker.java:584)
at org.testng.internal.TestInvoker.invokeTestMethod(TestInvoker.java:172)
at org.testng.internal.MethodRunner.runInSequence(MethodRunner.java:46)
at org.testng.internal.TestInvoker$MethodInvocationAgent.invoke(TestInvoker.java:804)
at org.testng.internal.TestInvoker.invokeTestMethods(TestInvoker.java:145)
at org.testng.internal.TestMethodWorker.invokeTestMethods(TestMethodWorker.java:146)
at org.testng.internal.TestMethodWorker.run(TestMethodWorker.java:128)
at org.testng.TestRunner$$Lambda$242/1967355409.accept(Unknown Source)
at java.util.ArrayList.forEach(Unknown Source)
at org.testng.TestRunner.privateRun(TestRunner.java:770)
at org.testng.TestRunner.run(TestRunner.java:591)
at org.testng.SuiteRunner.runTest(SuiteRunner.java:402)
at org.testng.SuiteRunner.runSequentially(SuiteRunner.java:396)
at org.testng.SuiteRunner.privateRun(SuiteRunner.java:355)
at org.testng.SuiteRunner.run(SuiteRunner.java:304)
at org.testng.SuiteRunnerWorker.runSuite(SuiteRunnerWorker.java:53)
at org.testng.SuiteRunnerWorker.run(SuiteRunnerWorker.java:96)
at org.testng.TestNG.runSuitesSequentially(TestNG.java:1180)
at org.testng.TestNG.runSuitesLocally(TestNG.java:1102)
at org.testng.TestNG.runSuites(TestNG.java:1032)
at org.testng.TestNG.run(TestNG.java:1000)
at org.testng.remote.AbstractRemoteTestNG.run(AbstractRemoteTestNG.java:115)
at org.testng.remote.RemoteTestNG.initAndRun(RemoteTestNG.java:251)
at org.testng.remote.RemoteTestNG.main(RemoteTestNG.java:77)
]]>
    </error>
  </testcase> <!-- Backward -->
</testsuite> <!-- com.freshproposals.selenium.F2B2 -->
